<?xml version="1.0" encoding="utf-8" standalone="no"?>
<test-results xmlns:xsi="http://www.w3.org/2001/XMLSchema-instance" xsi:noNamespaceSchemaLocation="nunit_schema_2.5.xsd" name="Pester" total="8" errors="0" failures="1" not-run="0" inconclusive="0" ignored="0" skipped="0" invalid="0" date="2026-03-28" time="09:51:47">
  <environment clr-version="9.0.10" nunit-version="2.5.8.0" cwd="/Users/jkd119/repos/prod/RTShell/RTShell" os-version="25.3.0" machine-name="Joshuas-MacBook-Pro.local" user-domain="" user="jkd119" platform="Darwin" />
  <culture-info current-culture="en-US" current-uiculture="en-US" />
  <test-suite type="TestFixture" name="Pester" executed="True" result="Failure" success="False" time="0.0326" asserts="0" description="Pester">
    <results>
      <test-suite type="TestFixture" name="/Users/jkd119/repos/prod/RTShell/RTShell/tests/general/Manifest.Tests.ps1" executed="True" result="Failure" success="False" time="0.0326" asserts="0" description="/Users/jkd119/repos/prod/RTShell/RTShell/tests/general/Manifest.Tests.ps1">
        <results>
          <test-suite type="TestFixture" name="Validating the module manifest" executed="True" result="Failure" success="False" time="0.0235" asserts="0" description="Validating the module manifest">
            <results>
              <test-suite type="TestFixture" name="Validating the module manifest.Basic resources validation" executed="True" result="Success" success="True" time="0.0106" asserts="0" description="Validating the module manifest.Basic resources validation">
                <results>
                  <test-suite type="ParameterizedTest" name="Validating the module manifest.Basic resources validation.Exports no function that isn't also present in the public folder" executed="True" result="Success" success="True" time="0.001" asserts="0" description="Exports no function that isn't also present in the public folder">
                    <results>
                      <test-case description="Exports no function that isn't also present in the public folder" name="Validating the module manifest.Basic resources validation.Exports no function that isn't also present in the public folder(/Users/jkd119/repos/prod/RTShell/RTShell/RTShell/functions/Add-RTTicketAttachment.ps1 /Users/jkd119/repos/prod/RTShell/RTShell/RTShell/functions/Add-RTTicketComment.ps1 /Users/jkd119/repos/prod/RTShell/RTShell/RTShell/functions/Add-RTTicketReply.ps1 /Users/jkd119/repos/prod/RTShell/RTShell/RTShell/functions/Connect-RT.ps1 /Users/jkd119/repos/prod/RTShell/RTShell/RTShell/functions/Disconnect-RT.ps1 /Users/jkd119/repos/prod/RTShell/RTShell/RTShell/functions/Get-RTQueue.ps1 /Users/jkd119/repos/prod/RTShell/RTShell/RTShell/functions/Get-RTTemplate.ps1 /Users/jkd119/repos/prod/RTShell/RTShell/RTShell/functions/Get-RTTicket.ps1 /Users/jkd119/repos/prod/RTShell/RTShell/RTShell/functions/Get-RTTicketAttachments.ps1 /Users/jkd119/repos/prod/RTShell/RTShell/RTShell/functions/Get-RTTicketHistory.ps1 /Users/jkd119/repos/prod/RTShell/RTShell/RTShell/functions/Get-RTUser.ps1 /Users/jkd119/repos/prod/RTShell/RTShell/RTShell/functions/New-RTTemplate.ps1 /Users/jkd119/repos/prod/RTShell/RTShell/RTShell/functions/New-RTTicket.ps1 /Users/jkd119/repos/prod/RTShell/RTShell/RTShell/functions/Remove-RTTemplate.ps1 /Users/jkd119/repos/prod/RTShell/RTShell/RTShell/functions/Save-RTConfiguration.ps1 /Users/jkd119/repos/prod/RTShell/RTShell/RTShell/functions/Save-RTTicketAttachment.ps1 /Users/jkd119/repos/prod/RTShell/RTShell/RTShell/functions/Search-RTTicket.ps1 /Users/jkd119/repos/prod/RTShell/RTShell/RTShell/functions/Set-RTTemplate.ps1 /Users/jkd119/repos/prod/RTShell/RTShell/RTShell/functions/Set-RTTicketField.ps1 /Users/jkd119/repos/prod/RTShell/RTShell/RTShell/functions/Set-RTTicketOwner.ps1 /Users/jkd119/repos/prod/RTShell/RTShell/RTShell/functions/Set-RTTicketPriority.ps1 /Users/jkd119/repos/prod/RTShell/RTShell/RTShell/functions/Set-RTTicketQueue.ps1 /Users/jkd119/repos/prod/RTShell/RTShell/RTShell/functions/Set-RTTicketStatus.ps1 /Users/jkd119/repos/prod/RTShell/RTShell/RTShell/functions/Update-RTQueueCache.ps1,System.Collections.Hashtable)" time="0.001" asserts="0" success="True" result="Success" executed="True" />
                    </results>
                  </test-suite>
                  <test-suite type="ParameterizedTest" name="Validating the module manifest.Basic resources validation.Exports none of its internal functions" executed="True" result="Success" success="True" time="0.0048" asserts="0" description="Exports none of its internal functions">
                    <results>
                      <test-case description="Exports none of its internal functions" name="Validating the module manifest.Basic resources validation.Exports none of its internal functions(System.Collections.Hashtable,&quot;/Users/jkd119/repos/prod/RTShell/RTShell/RTShell&quot;)" time="0.0048" asserts="0" success="True" result="Success" executed="True" />
                    </results>
                  </test-suite>
                  <test-suite type="ParameterizedTest" name="Validating the module manifest.Basic resources validation.Exports all functions in the public folder" executed="True" result="Success" success="True" time="0.0014" asserts="0" description="Exports all functions in the public folder">
                    <results>
                      <test-case description="Exports all functions in the public folder" name="Validating the module manifest.Basic resources validation.Exports all functions in the public folder(/Users/jkd119/repos/prod/RTShell/RTShell/RTShell/functions/Add-RTTicketAttachment.ps1 /Users/jkd119/repos/prod/RTShell/RTShell/RTShell/functions/Add-RTTicketComment.ps1 /Users/jkd119/repos/prod/RTShell/RTShell/RTShell/functions/Add-RTTicketReply.ps1 /Users/jkd119/repos/prod/RTShell/RTShell/RTShell/functions/Connect-RT.ps1 /Users/jkd119/repos/prod/RTShell/RTShell/RTShell/functions/Disconnect-RT.ps1 /Users/jkd119/repos/prod/RTShell/RTShell/RTShell/functions/Get-RTQueue.ps1 /Users/jkd119/repos/prod/RTShell/RTShell/RTShell/functions/Get-RTTemplate.ps1 /Users/jkd119/repos/prod/RTShell/RTShell/RTShell/functions/Get-RTTicket.ps1 /Users/jkd119/repos/prod/RTShell/RTShell/RTShell/functions/Get-RTTicketAttachments.ps1 /Users/jkd119/repos/prod/RTShell/RTShell/RTShell/functions/Get-RTTicketHistory.ps1 /Users/jkd119/repos/prod/RTShell/RTShell/RTShell/functions/Get-RTUser.ps1 /Users/jkd119/repos/prod/RTShell/RTShell/RTShell/functions/New-RTTemplate.ps1 /Users/jkd119/repos/prod/RTShell/RTShell/RTShell/functions/New-RTTicket.ps1 /Users/jkd119/repos/prod/RTShell/RTShell/RTShell/functions/Remove-RTTemplate.ps1 /Users/jkd119/repos/prod/RTShell/RTShell/RTShell/functions/Save-RTConfiguration.ps1 /Users/jkd119/repos/prod/RTShell/RTShell/RTShell/functions/Save-RTTicketAttachment.ps1 /Users/jkd119/repos/prod/RTShell/RTShell/RTShell/functions/Search-RTTicket.ps1 /Users/jkd119/repos/prod/RTShell/RTShell/RTShell/functions/Set-RTTemplate.ps1 /Users/jkd119/repos/prod/RTShell/RTShell/RTShell/functions/Set-RTTicketField.ps1 /Users/jkd119/repos/prod/RTShell/RTShell/RTShell/functions/Set-RTTicketOwner.ps1 /Users/jkd119/repos/prod/RTShell/RTShell/RTShell/functions/Set-RTTicketPriority.ps1 /Users/jkd119/repos/prod/RTShell/RTShell/RTShell/functions/Set-RTTicketQueue.ps1 /Users/jkd119/repos/prod/RTShell/RTShell/RTShell/functions/Set-RTTicketStatus.ps1 /Users/jkd119/repos/prod/RTShell/RTShell/RTShell/functions/Update-RTQueueCache.ps1,System.Collections.Hashtable)" time="0.0014" asserts="0" success="True" result="Success" executed="True" />
                    </results>
                  </test-suite>
                </results>
              </test-suite>
              <test-suite type="TestFixture" name="Validating the module manifest.Individual file validation" executed="True" result="Failure" success="False" time="0.0228" asserts="0" description="Validating the module manifest.Individual file validation">
                <results>
                  <test-suite type="ParameterizedTest" name="Validating the module manifest.Individual file validation.The root module file exists" executed="True" result="Success" success="True" time="0.0011" asserts="0" description="The root module file exists">
                    <results>
                      <test-case description="The root module file exists" name="Validating the module manifest.Individual file validation.The root module file exists(System.Collections.Hashtable,&quot;/Users/jkd119/repos/prod/RTShell/RTShell/RTShell&quot;)" time="0.0011" asserts="0" success="True" result="Success" executed="True" />
                    </results>
                  </test-suite>
                  <test-suite type="ParameterizedTest" name="Validating the module manifest.Individual file validation.Tags should have no spaces in name" executed="True" result="Failure" success="False" time="0.01" asserts="0" description="Tags should have no spaces in name">
                    <results>
                      <test-case description="Tags should have no spaces in name" name="Validating the module manifest.Individual file validation.Tags should have no spaces in name(&quot;RT&quot;)" time="0.0034" asserts="0" success="True" result="Success" executed="True" />
                      <test-case description="Tags should have no spaces in name" name="Validating the module manifest.Individual file validation.Tags should have no spaces in name(&quot;Request Tracker&quot;)" time="0.0024" asserts="0" success="False" result="Failure" executed="True">
                        <failure>
                          <message>Expected $false, but got $true.</message>
                          <stack-trace>at $tag -match " " | Should -Be $false, /Users/jkd119/repos/prod/RTShell/RTShell/tests/general/Manifest.Tests.ps1:58
at &lt;ScriptBlock&gt;, /Users/jkd119/repos/prod/RTShell/RTShell/tests/general/Manifest.Tests.ps1:58</stack-trace>
                        </failure>
                      </test-case>
                      <test-case description="Tags should have no spaces in name" name="Validating the module manifest.Individual file validation.Tags should have no spaces in name(&quot;Ticketing&quot;)" time="0.0009" asserts="0" success="True" result="Success" executed="True" />
                      <test-case description="Tags should have no spaces in name" name="Validating the module manifest.Individual file validation.Tags should have no spaces in name(&quot;ITSM&quot;)" time="0.0033" asserts="0" success="True" result="Success" executed="True" />
                    </results>
                  </test-suite>
                </results>
              </test-suite>
            </results>
          </test-suite>
        </results>
      </test-suite>
    </results>
  </test-suite>
</test-results>