<?xml version="1.0" encoding="utf-8" standalone="no"?>
<test-results xmlns:xsi="http://www.w3.org/2001/XMLSchema-instance" xsi:noNamespaceSchemaLocation="nunit_schema_2.5.xsd" name="Pester" total="2380" errors="0" failures="7" not-run="0" inconclusive="0" ignored="0" skipped="0" invalid="0" date="2026-03-28" time="09:51:47">
  <environment clr-version="9.0.10" nunit-version="2.5.8.0" cwd="/Users/jkd119/repos/prod/RTShell/RTShell" os-version="25.3.0" machine-name="Joshuas-MacBook-Pro.local" user-domain="" user="jkd119" platform="Darwin" />
  <culture-info current-culture="en-US" current-uiculture="en-US" />
  <test-suite type="TestFixture" name="Pester" executed="True" result="Failure" success="False" time="4.1069" asserts="0" description="Pester">
    <results>
      <test-suite type="TestFixture" name="/Users/jkd119/repos/prod/RTShell/RTShell/tests/general/PSScriptAnalyzer.Tests.ps1" executed="True" result="Failure" success="False" time="4.1069" asserts="0" description="/Users/jkd119/repos/prod/RTShell/RTShell/tests/general/PSScriptAnalyzer.Tests.ps1">
        <results>
          <test-suite type="TestFixture" name="Invoking PSScriptAnalyzer against commandbase" executed="True" result="Failure" success="False" time="3.8843" asserts="0" description="Invoking PSScriptAnalyzer against commandbase">
            <results>
              <test-suite type="TestFixture" name="Invoking PSScriptAnalyzer against commandbase.Analyzing Add-RTTicketAttachment" executed="True" result="Success" success="True" time="0.1128" asserts="0" description="Invoking PSScriptAnalyzer against commandbase.Analyzing Add-RTTicketAttachment">
                <results>
                  <test-suite type="ParameterizedTest" name="Invoking PSScriptAnalyzer against commandbase.Analyzing &lt;BaseName&gt;.Should pass &lt;RuleName&gt;" executed="True" result="Success" success="True" time="0.1034" asserts="0" description="Should pass &lt;RuleName&gt;">
                    <results>
                      <test-case description="Should pass PSAlignAssignmentStatement" name="Invoking PSScriptAnalyzer against commandbase.Analyzing Add-RTTicketAttachment.Should pass PSAlignAssignmentStatement" time="0.0013" asserts="0" success="True" result="Success" executed="True" />
                      <test-case description="Should pass PSAvoidUsingCmdletAliases" name="Invoking PSScriptAnalyzer against commandbase.Analyzing Add-RTTicketAttachment.Should pass PSAvoidUsingCmdletAliases" time="0.0036" asserts="0" success="True" result="Success" executed="True" />
                      <test-case description="Should pass PSAvoidAssignmentToAutomaticVariable" name="Invoking PSScriptAnalyzer against commandbase.Analyzing Add-RTTicketAttachment.Should pass PSAvoidAssignmentToAutomaticVariable" time="0.0008" asserts="0" success="True" result="Success" executed="True" />
                      <test-case description="Should pass PSAvoidDefaultValueSwitchParameter" name="Invoking PSScriptAnalyzer against commandbase.Analyzing Add-RTTicketAttachment.Should pass PSAvoidDefaultValueSwitchParameter" time="0.0007" asserts="0" success="True" result="Success" executed="True" />
                      <test-case description="Should pass PSAvoidDefaultValueForMandatoryParameter" name="Invoking PSScriptAnalyzer against commandbase.Analyzing Add-RTTicketAttachment.Should pass PSAvoidDefaultValueForMandatoryParameter" time="0.0027" asserts="0" success="True" result="Success" executed="True" />
                      <test-case description="Should pass PSAvoidUsingEmptyCatchBlock" name="Invoking PSScriptAnalyzer against commandbase.Analyzing Add-RTTicketAttachment.Should pass PSAvoidUsingEmptyCatchBlock" time="0.0008" asserts="0" success="True" result="Success" executed="True" />
                      <test-case description="Should pass PSAvoidExclaimOperator" name="Invoking PSScriptAnalyzer against commandbase.Analyzing Add-RTTicketAttachment.Should pass PSAvoidExclaimOperator" time="0.0007" asserts="0" success="True" result="Success" executed="True" />
                      <test-case description="Should pass PSAvoidGlobalAliases" name="Invoking PSScriptAnalyzer against commandbase.Analyzing Add-RTTicketAttachment.Should pass PSAvoidGlobalAliases" time="0.0026" asserts="0" success="True" result="Success" executed="True" />
                      <test-case description="Should pass PSAvoidGlobalFunctions" name="Invoking PSScriptAnalyzer against commandbase.Analyzing Add-RTTicketAttachment.Should pass PSAvoidGlobalFunctions" time="0.0008" asserts="0" success="True" result="Success" executed="True" />
                      <test-case description="Should pass PSAvoidGlobalVars" name="Invoking PSScriptAnalyzer against commandbase.Analyzing Add-RTTicketAttachment.Should pass PSAvoidGlobalVars" time="0.0008" asserts="0" success="True" result="Success" executed="True" />
                      <test-case description="Should pass PSAvoidInvokingEmptyMembers" name="Invoking PSScriptAnalyzer against commandbase.Analyzing Add-RTTicketAttachment.Should pass PSAvoidInvokingEmptyMembers" time="0.0007" asserts="0" success="True" result="Success" executed="True" />
                      <test-case description="Should pass PSAvoidLongLines" name="Invoking PSScriptAnalyzer against commandbase.Analyzing Add-RTTicketAttachment.Should pass PSAvoidLongLines" time="0.0027" asserts="0" success="True" result="Success" executed="True" />
                      <test-case description="Should pass PSAvoidMultipleTypeAttributes" name="Invoking PSScriptAnalyzer against commandbase.Analyzing Add-RTTicketAttachment.Should pass PSAvoidMultipleTypeAttributes" time="0.0007" asserts="0" success="True" result="Success" executed="True" />
                      <test-case description="Should pass PSAvoidNullOrEmptyHelpMessageAttribute" name="Invoking PSScriptAnalyzer against commandbase.Analyzing Add-RTTicketAttachment.Should pass PSAvoidNullOrEmptyHelpMessageAttribute" time="0.0007" asserts="0" success="True" result="Success" executed="True" />
                      <test-case description="Should pass PSAvoidOverwritingBuiltInCmdlets" name="Invoking PSScriptAnalyzer against commandbase.Analyzing Add-RTTicketAttachment.Should pass PSAvoidOverwritingBuiltInCmdlets" time="0.0027" asserts="0" success="True" result="Success" executed="True" />
                      <test-case description="Should pass PSAvoidUsingPositionalParameters" name="Invoking PSScriptAnalyzer against commandbase.Analyzing Add-RTTicketAttachment.Should pass PSAvoidUsingPositionalParameters" time="0.0007" asserts="0" success="True" result="Success" executed="True" />
                      <test-case description="Should pass PSReservedCmdletChar" name="Invoking PSScriptAnalyzer against commandbase.Analyzing Add-RTTicketAttachment.Should pass PSReservedCmdletChar" time="0.0007" asserts="0" success="True" result="Success" executed="True" />
                      <test-case description="Should pass PSReservedParams" name="Invoking PSScriptAnalyzer against commandbase.Analyzing Add-RTTicketAttachment.Should pass PSReservedParams" time="0.0036" asserts="0" success="True" result="Success" executed="True" />
                      <test-case description="Should pass PSAvoidSemicolonsAsLineTerminators" name="Invoking PSScriptAnalyzer against commandbase.Analyzing Add-RTTicketAttachment.Should pass PSAvoidSemicolonsAsLineTerminators" time="0.001" asserts="0" success="True" result="Success" executed="True" />
                      <test-case description="Should pass PSAvoidShouldContinueWithoutForce" name="Invoking PSScriptAnalyzer against commandbase.Analyzing Add-RTTicketAttachment.Should pass PSAvoidShouldContinueWithoutForce" time="0.0009" asserts="0" success="True" result="Success" executed="True" />
                      <test-case description="Should pass PSAvoidTrailingWhitespace" name="Invoking PSScriptAnalyzer against commandbase.Analyzing Add-RTTicketAttachment.Should pass PSAvoidTrailingWhitespace" time="0.0029" asserts="0" success="True" result="Success" executed="True" />
                      <test-case description="Should pass PSAvoidUsingUsernameAndPasswordParams" name="Invoking PSScriptAnalyzer against commandbase.Analyzing Add-RTTicketAttachment.Should pass PSAvoidUsingUsernameAndPasswordParams" time="0.0008" asserts="0" success="True" result="Success" executed="True" />
                      <test-case description="Should pass PSAvoidUsingAllowUnencryptedAuthentication" name="Invoking PSScriptAnalyzer against commandbase.Analyzing Add-RTTicketAttachment.Should pass PSAvoidUsingAllowUnencryptedAuthentication" time="0.0009" asserts="0" success="True" result="Success" executed="True" />
                      <test-case description="Should pass PSAvoidUsingBrokenHashAlgorithms" name="Invoking PSScriptAnalyzer against commandbase.Analyzing Add-RTTicketAttachment.Should pass PSAvoidUsingBrokenHashAlgorithms" time="0.0033" asserts="0" success="True" result="Success" executed="True" />
                      <test-case description="Should pass PSAvoidUsingComputerNameHardcoded" name="Invoking PSScriptAnalyzer against commandbase.Analyzing Add-RTTicketAttachment.Should pass PSAvoidUsingComputerNameHardcoded" time="0.0009" asserts="0" success="True" result="Success" executed="True" />
                      <test-case description="Should pass PSAvoidUsingConvertToSecureStringWithPlainText" name="Invoking PSScriptAnalyzer against commandbase.Analyzing Add-RTTicketAttachment.Should pass PSAvoidUsingConvertToSecureStringWithPlainText" time="0.0008" asserts="0" success="True" result="Success" executed="True" />
                      <test-case description="Should pass PSAvoidUsingDeprecatedManifestFields" name="Invoking PSScriptAnalyzer against commandbase.Analyzing Add-RTTicketAttachment.Should pass PSAvoidUsingDeprecatedManifestFields" time="0.003" asserts="0" success="True" result="Success" executed="True" />
                      <test-case description="Should pass PSAvoidUsingDoubleQuotesForConstantString" name="Invoking PSScriptAnalyzer against commandbase.Analyzing Add-RTTicketAttachment.Should pass PSAvoidUsingDoubleQuotesForConstantString" time="0.0009" asserts="0" success="True" result="Success" executed="True" />
                      <test-case description="Should pass PSAvoidUsingInvokeExpression" name="Invoking PSScriptAnalyzer against commandbase.Analyzing Add-RTTicketAttachment.Should pass PSAvoidUsingInvokeExpression" time="0.0008" asserts="0" success="True" result="Success" executed="True" />
                      <test-case description="Should pass PSAvoidUsingPlainTextForPassword" name="Invoking PSScriptAnalyzer against commandbase.Analyzing Add-RTTicketAttachment.Should pass PSAvoidUsingPlainTextForPassword" time="0.0028" asserts="0" success="True" result="Success" executed="True" />
                      <test-case description="Should pass PSAvoidUsingWMICmdlet" name="Invoking PSScriptAnalyzer against commandbase.Analyzing Add-RTTicketAttachment.Should pass PSAvoidUsingWMICmdlet" time="0.0009" asserts="0" success="True" result="Success" executed="True" />
                      <test-case description="Should pass PSAvoidUsingWriteHost" name="Invoking PSScriptAnalyzer against commandbase.Analyzing Add-RTTicketAttachment.Should pass PSAvoidUsingWriteHost" time="0.0007" asserts="0" success="True" result="Success" executed="True" />
                      <test-case description="Should pass PSUseCompatibleCommands" name="Invoking PSScriptAnalyzer against commandbase.Analyzing Add-RTTicketAttachment.Should pass PSUseCompatibleCommands" time="0.003" asserts="0" success="True" result="Success" executed="True" />
                      <test-case description="Should pass PSUseCompatibleSyntax" name="Invoking PSScriptAnalyzer against commandbase.Analyzing Add-RTTicketAttachment.Should pass PSUseCompatibleSyntax" time="0.0011" asserts="0" success="True" result="Success" executed="True" />
                      <test-case description="Should pass PSUseCompatibleTypes" name="Invoking PSScriptAnalyzer against commandbase.Analyzing Add-RTTicketAttachment.Should pass PSUseCompatibleTypes" time="0.0009" asserts="0" success="True" result="Success" executed="True" />
                      <test-case description="Should pass PSMisleadingBacktick" name="Invoking PSScriptAnalyzer against commandbase.Analyzing Add-RTTicketAttachment.Should pass PSMisleadingBacktick" time="0.0009" asserts="0" success="True" result="Success" executed="True" />
                      <test-case description="Should pass PSMissingModuleManifestField" name="Invoking PSScriptAnalyzer against commandbase.Analyzing Add-RTTicketAttachment.Should pass PSMissingModuleManifestField" time="0.0028" asserts="0" success="True" result="Success" executed="True" />
                      <test-case description="Should pass PSPlaceCloseBrace" name="Invoking PSScriptAnalyzer against commandbase.Analyzing Add-RTTicketAttachment.Should pass PSPlaceCloseBrace" time="0.0008" asserts="0" success="True" result="Success" executed="True" />
                      <test-case description="Should pass PSPlaceOpenBrace" name="Invoking PSScriptAnalyzer against commandbase.Analyzing Add-RTTicketAttachment.Should pass PSPlaceOpenBrace" time="0.0007" asserts="0" success="True" result="Success" executed="True" />
                      <test-case description="Should pass PSPossibleIncorrectComparisonWithNull" name="Invoking PSScriptAnalyzer against commandbase.Analyzing Add-RTTicketAttachment.Should pass PSPossibleIncorrectComparisonWithNull" time="0.0028" asserts="0" success="True" result="Success" executed="True" />
                      <test-case description="Should pass PSPossibleIncorrectUsageOfAssignmentOperator" name="Invoking PSScriptAnalyzer against commandbase.Analyzing Add-RTTicketAttachment.Should pass PSPossibleIncorrectUsageOfAssignmentOperator" time="0.0008" asserts="0" success="True" result="Success" executed="True" />
                      <test-case description="Should pass PSPossibleIncorrectUsageOfRedirectionOperator" name="Invoking PSScriptAnalyzer against commandbase.Analyzing Add-RTTicketAttachment.Should pass PSPossibleIncorrectUsageOfRedirectionOperator" time="0.0007" asserts="0" success="True" result="Success" executed="True" />
                      <test-case description="Should pass PSProvideCommentHelp" name="Invoking PSScriptAnalyzer against commandbase.Analyzing Add-RTTicketAttachment.Should pass PSProvideCommentHelp" time="0.0028" asserts="0" success="True" result="Success" executed="True" />
                      <test-case description="Should pass PSReviewUnusedParameter" name="Invoking PSScriptAnalyzer against commandbase.Analyzing Add-RTTicketAttachment.Should pass PSReviewUnusedParameter" time="0.0008" asserts="0" success="True" result="Success" executed="True" />
                      <test-case description="Should pass PSUseApprovedVerbs" name="Invoking PSScriptAnalyzer against commandbase.Analyzing Add-RTTicketAttachment.Should pass PSUseApprovedVerbs" time="0.0007" asserts="0" success="True" result="Success" executed="True" />
                      <test-case description="Should pass PSUseBOMForUnicodeEncodedFile" name="Invoking PSScriptAnalyzer against commandbase.Analyzing Add-RTTicketAttachment.Should pass PSUseBOMForUnicodeEncodedFile" time="0.0029" asserts="0" success="True" result="Success" executed="True" />
                      <test-case description="Should pass PSUseCmdletCorrectly" name="Invoking PSScriptAnalyzer against commandbase.Analyzing Add-RTTicketAttachment.Should pass PSUseCmdletCorrectly" time="0.0008" asserts="0" success="True" result="Success" executed="True" />
                      <test-case description="Should pass PSUseCompatibleCmdlets" name="Invoking PSScriptAnalyzer against commandbase.Analyzing Add-RTTicketAttachment.Should pass PSUseCompatibleCmdlets" time="0.0007" asserts="0" success="True" result="Success" executed="True" />
                      <test-case description="Should pass PSUseConsistentIndentation" name="Invoking PSScriptAnalyzer against commandbase.Analyzing Add-RTTicketAttachment.Should pass PSUseConsistentIndentation" time="0.0029" asserts="0" success="True" result="Success" executed="True" />
                      <test-case description="Should pass PSUseConsistentWhitespace" name="Invoking PSScriptAnalyzer against commandbase.Analyzing Add-RTTicketAttachment.Should pass PSUseConsistentWhitespace" time="0.0008" asserts="0" success="True" result="Success" executed="True" />
                      <test-case description="Should pass PSUseCorrectCasing" name="Invoking PSScriptAnalyzer against commandbase.Analyzing Add-RTTicketAttachment.Should pass PSUseCorrectCasing" time="0.0009" asserts="0" success="True" result="Success" executed="True" />
                      <test-case description="Should pass PSUseDeclaredVarsMoreThanAssignments" name="Invoking PSScriptAnalyzer against commandbase.Analyzing Add-RTTicketAttachment.Should pass PSUseDeclaredVarsMoreThanAssignments" time="0.0031" asserts="0" success="True" result="Success" executed="True" />
                      <test-case description="Should pass PSUseLiteralInitializerForHashtable" name="Invoking PSScriptAnalyzer against commandbase.Analyzing Add-RTTicketAttachment.Should pass PSUseLiteralInitializerForHashtable" time="0.0008" asserts="0" success="True" result="Success" executed="True" />
                      <test-case description="Should pass PSUseOutputTypeCorrectly" name="Invoking PSScriptAnalyzer against commandbase.Analyzing Add-RTTicketAttachment.Should pass PSUseOutputTypeCorrectly" time="0.0007" asserts="0" success="True" result="Success" executed="True" />
                      <test-case description="Should pass PSUseProcessBlockForPipelineCommand" name="Invoking PSScriptAnalyzer against commandbase.Analyzing Add-RTTicketAttachment.Should pass PSUseProcessBlockForPipelineCommand" time="0.0027" asserts="0" success="True" result="Success" executed="True" />
                      <test-case description="Should pass PSUsePSCredentialType" name="Invoking PSScriptAnalyzer against commandbase.Analyzing Add-RTTicketAttachment.Should pass PSUsePSCredentialType" time="0.0009" asserts="0" success="True" result="Success" executed="True" />
                      <test-case description="Should pass PSShouldProcess" name="Invoking PSScriptAnalyzer against commandbase.Analyzing Add-RTTicketAttachment.Should pass PSShouldProcess" time="0.0007" asserts="0" success="True" result="Success" executed="True" />
                      <test-case description="Should pass PSUseShouldProcessForStateChangingFunctions" name="Invoking PSScriptAnalyzer against commandbase.Analyzing Add-RTTicketAttachment.Should pass PSUseShouldProcessForStateChangingFunctions" time="0.0028" asserts="0" success="True" result="Success" executed="True" />
                      <test-case description="Should pass PSUseSingularNouns" name="Invoking PSScriptAnalyzer against commandbase.Analyzing Add-RTTicketAttachment.Should pass PSUseSingularNouns" time="0.001" asserts="0" success="True" result="Success" executed="True" />
                      <test-case description="Should pass PSUseSupportsShouldProcess" name="Invoking PSScriptAnalyzer against commandbase.Analyzing Add-RTTicketAttachment.Should pass PSUseSupportsShouldProcess" time="0.0008" asserts="0" success="True" result="Success" executed="True" />
                      <test-case description="Should pass PSUseToExportFieldsInManifest" name="Invoking PSScriptAnalyzer against commandbase.Analyzing Add-RTTicketAttachment.Should pass PSUseToExportFieldsInManifest" time="0.0008" asserts="0" success="True" result="Success" executed="True" />
                      <test-case description="Should pass PSUseUsingScopeModifierInNewRunspaces" name="Invoking PSScriptAnalyzer against commandbase.Analyzing Add-RTTicketAttachment.Should pass PSUseUsingScopeModifierInNewRunspaces" time="0.0029" asserts="0" success="True" result="Success" executed="True" />
                      <test-case description="Should pass PSUseUTF8EncodingForHelpFile" name="Invoking PSScriptAnalyzer against commandbase.Analyzing Add-RTTicketAttachment.Should pass PSUseUTF8EncodingForHelpFile" time="0.0007" asserts="0" success="True" result="Success" executed="True" />
                      <test-case description="Should pass PSDSCDscExamplesPresent" name="Invoking PSScriptAnalyzer against commandbase.Analyzing Add-RTTicketAttachment.Should pass PSDSCDscExamplesPresent" time="0.0007" asserts="0" success="True" result="Success" executed="True" />
                      <test-case description="Should pass PSDSCDscTestsPresent" name="Invoking PSScriptAnalyzer against commandbase.Analyzing Add-RTTicketAttachment.Should pass PSDSCDscTestsPresent" time="0.0028" asserts="0" success="True" result="Success" executed="True" />
                      <test-case description="Should pass PSDSCReturnCorrectTypesForDSCFunctions" name="Invoking PSScriptAnalyzer against commandbase.Analyzing Add-RTTicketAttachment.Should pass PSDSCReturnCorrectTypesForDSCFunctions" time="0.0007" asserts="0" success="True" result="Success" executed="True" />
                      <test-case description="Should pass PSDSCUseIdenticalMandatoryParametersForDSC" name="Invoking PSScriptAnalyzer against commandbase.Analyzing Add-RTTicketAttachment.Should pass PSDSCUseIdenticalMandatoryParametersForDSC" time="0.0007" asserts="0" success="True" result="Success" executed="True" />
                      <test-case description="Should pass PSDSCUseIdenticalParametersForDSC" name="Invoking PSScriptAnalyzer against commandbase.Analyzing Add-RTTicketAttachment.Should pass PSDSCUseIdenticalParametersForDSC" time="0.0029" asserts="0" success="True" result="Success" executed="True" />
                      <test-case description="Should pass PSDSCStandardDSCFunctionsInResource" name="Invoking PSScriptAnalyzer against commandbase.Analyzing Add-RTTicketAttachment.Should pass PSDSCStandardDSCFunctionsInResource" time="0.0008" asserts="0" success="True" result="Success" executed="True" />
                      <test-case description="Should pass PSDSCUseVerboseMessageInDSCResource" name="Invoking PSScriptAnalyzer against commandbase.Analyzing Add-RTTicketAttachment.Should pass PSDSCUseVerboseMessageInDSCResource" time="0.0008" asserts="0" success="True" result="Success" executed="True" />
                    </results>
                  </test-suite>
                </results>
              </test-suite>
              <test-suite type="TestFixture" name="Invoking PSScriptAnalyzer against commandbase.Analyzing Add-RTTicketComment" executed="True" result="Success" success="True" time="0.2242" asserts="0" description="Invoking PSScriptAnalyzer against commandbase.Analyzing Add-RTTicketComment">
                <results>
                  <test-suite type="ParameterizedTest" name="Invoking PSScriptAnalyzer against commandbase.Analyzing &lt;BaseName&gt;.Should pass &lt;RuleName&gt;" executed="True" result="Success" success="True" time="0.1066" asserts="0" description="Should pass &lt;RuleName&gt;">
                    <results>
                      <test-case description="Should pass PSAlignAssignmentStatement" name="Invoking PSScriptAnalyzer against commandbase.Analyzing Add-RTTicketComment.Should pass PSAlignAssignmentStatement" time="0.0009" asserts="0" success="True" result="Success" executed="True" />
                      <test-case description="Should pass PSAvoidUsingCmdletAliases" name="Invoking PSScriptAnalyzer against commandbase.Analyzing Add-RTTicketComment.Should pass PSAvoidUsingCmdletAliases" time="0.0034" asserts="0" success="True" result="Success" executed="True" />
                      <test-case description="Should pass PSAvoidAssignmentToAutomaticVariable" name="Invoking PSScriptAnalyzer against commandbase.Analyzing Add-RTTicketComment.Should pass PSAvoidAssignmentToAutomaticVariable" time="0.0008" asserts="0" success="True" result="Success" executed="True" />
                      <test-case description="Should pass PSAvoidDefaultValueSwitchParameter" name="Invoking PSScriptAnalyzer against commandbase.Analyzing Add-RTTicketComment.Should pass PSAvoidDefaultValueSwitchParameter" time="0.0007" asserts="0" success="True" result="Success" executed="True" />
                      <test-case description="Should pass PSAvoidDefaultValueForMandatoryParameter" name="Invoking PSScriptAnalyzer against commandbase.Analyzing Add-RTTicketComment.Should pass PSAvoidDefaultValueForMandatoryParameter" time="0.0036" asserts="0" success="True" result="Success" executed="True" />
                      <test-case description="Should pass PSAvoidUsingEmptyCatchBlock" name="Invoking PSScriptAnalyzer against commandbase.Analyzing Add-RTTicketComment.Should pass PSAvoidUsingEmptyCatchBlock" time="0.001" asserts="0" success="True" result="Success" executed="True" />
                      <test-case description="Should pass PSAvoidExclaimOperator" name="Invoking PSScriptAnalyzer against commandbase.Analyzing Add-RTTicketComment.Should pass PSAvoidExclaimOperator" time="0.0008" asserts="0" success="True" result="Success" executed="True" />
                      <test-case description="Should pass PSAvoidGlobalAliases" name="Invoking PSScriptAnalyzer against commandbase.Analyzing Add-RTTicketComment.Should pass PSAvoidGlobalAliases" time="0.0034" asserts="0" success="True" result="Success" executed="True" />
                      <test-case description="Should pass PSAvoidGlobalFunctions" name="Invoking PSScriptAnalyzer against commandbase.Analyzing Add-RTTicketComment.Should pass PSAvoidGlobalFunctions" time="0.0009" asserts="0" success="True" result="Success" executed="True" />
                      <test-case description="Should pass PSAvoidGlobalVars" name="Invoking PSScriptAnalyzer against commandbase.Analyzing Add-RTTicketComment.Should pass PSAvoidGlobalVars" time="0.0007" asserts="0" success="True" result="Success" executed="True" />
                      <test-case description="Should pass PSAvoidInvokingEmptyMembers" name="Invoking PSScriptAnalyzer against commandbase.Analyzing Add-RTTicketComment.Should pass PSAvoidInvokingEmptyMembers" time="0.0032" asserts="0" success="True" result="Success" executed="True" />
                      <test-case description="Should pass PSAvoidLongLines" name="Invoking PSScriptAnalyzer against commandbase.Analyzing Add-RTTicketComment.Should pass PSAvoidLongLines" time="0.0011" asserts="0" success="True" result="Success" executed="True" />
                      <test-case description="Should pass PSAvoidMultipleTypeAttributes" name="Invoking PSScriptAnalyzer against commandbase.Analyzing Add-RTTicketComment.Should pass PSAvoidMultipleTypeAttributes" time="0.0009" asserts="0" success="True" result="Success" executed="True" />
                      <test-case description="Should pass PSAvoidNullOrEmptyHelpMessageAttribute" name="Invoking PSScriptAnalyzer against commandbase.Analyzing Add-RTTicketComment.Should pass PSAvoidNullOrEmptyHelpMessageAttribute" time="0.0041" asserts="0" success="True" result="Success" executed="True" />
                      <test-case description="Should pass PSAvoidOverwritingBuiltInCmdlets" name="Invoking PSScriptAnalyzer against commandbase.Analyzing Add-RTTicketComment.Should pass PSAvoidOverwritingBuiltInCmdlets" time="0.001" asserts="0" success="True" result="Success" executed="True" />
                      <test-case description="Should pass PSAvoidUsingPositionalParameters" name="Invoking PSScriptAnalyzer against commandbase.Analyzing Add-RTTicketComment.Should pass PSAvoidUsingPositionalParameters" time="0.0008" asserts="0" success="True" result="Success" executed="True" />
                      <test-case description="Should pass PSReservedCmdletChar" name="Invoking PSScriptAnalyzer against commandbase.Analyzing Add-RTTicketComment.Should pass PSReservedCmdletChar" time="0.003" asserts="0" success="True" result="Success" executed="True" />
                      <test-case description="Should pass PSReservedParams" name="Invoking PSScriptAnalyzer against commandbase.Analyzing Add-RTTicketComment.Should pass PSReservedParams" time="0.001" asserts="0" success="True" result="Success" executed="True" />
                      <test-case description="Should pass PSAvoidSemicolonsAsLineTerminators" name="Invoking PSScriptAnalyzer against commandbase.Analyzing Add-RTTicketComment.Should pass PSAvoidSemicolonsAsLineTerminators" time="0.0008" asserts="0" success="True" result="Success" executed="True" />
                      <test-case description="Should pass PSAvoidShouldContinueWithoutForce" name="Invoking PSScriptAnalyzer against commandbase.Analyzing Add-RTTicketComment.Should pass PSAvoidShouldContinueWithoutForce" time="0.0008" asserts="0" success="True" result="Success" executed="True" />
                      <test-case description="Should pass PSAvoidTrailingWhitespace" name="Invoking PSScriptAnalyzer against commandbase.Analyzing Add-RTTicketComment.Should pass PSAvoidTrailingWhitespace" time="0.0027" asserts="0" success="True" result="Success" executed="True" />
                      <test-case description="Should pass PSAvoidUsingUsernameAndPasswordParams" name="Invoking PSScriptAnalyzer against commandbase.Analyzing Add-RTTicketComment.Should pass PSAvoidUsingUsernameAndPasswordParams" time="0.0008" asserts="0" success="True" result="Success" executed="True" />
                      <test-case description="Should pass PSAvoidUsingAllowUnencryptedAuthentication" name="Invoking PSScriptAnalyzer against commandbase.Analyzing Add-RTTicketComment.Should pass PSAvoidUsingAllowUnencryptedAuthentication" time="0.0007" asserts="0" success="True" result="Success" executed="True" />
                      <test-case description="Should pass PSAvoidUsingBrokenHashAlgorithms" name="Invoking PSScriptAnalyzer against commandbase.Analyzing Add-RTTicketComment.Should pass PSAvoidUsingBrokenHashAlgorithms" time="0.0027" asserts="0" success="True" result="Success" executed="True" />
                      <test-case description="Should pass PSAvoidUsingComputerNameHardcoded" name="Invoking PSScriptAnalyzer against commandbase.Analyzing Add-RTTicketComment.Should pass PSAvoidUsingComputerNameHardcoded" time="0.0007" asserts="0" success="True" result="Success" executed="True" />
                      <test-case description="Should pass PSAvoidUsingConvertToSecureStringWithPlainText" name="Invoking PSScriptAnalyzer against commandbase.Analyzing Add-RTTicketComment.Should pass PSAvoidUsingConvertToSecureStringWithPlainText" time="0.0007" asserts="0" success="True" result="Success" executed="True" />
                      <test-case description="Should pass PSAvoidUsingDeprecatedManifestFields" name="Invoking PSScriptAnalyzer against commandbase.Analyzing Add-RTTicketComment.Should pass PSAvoidUsingDeprecatedManifestFields" time="0.0027" asserts="0" success="True" result="Success" executed="True" />
                      <test-case description="Should pass PSAvoidUsingDoubleQuotesForConstantString" name="Invoking PSScriptAnalyzer against commandbase.Analyzing Add-RTTicketComment.Should pass PSAvoidUsingDoubleQuotesForConstantString" time="0.0008" asserts="0" success="True" result="Success" executed="True" />
                      <test-case description="Should pass PSAvoidUsingInvokeExpression" name="Invoking PSScriptAnalyzer against commandbase.Analyzing Add-RTTicketComment.Should pass PSAvoidUsingInvokeExpression" time="0.0007" asserts="0" success="True" result="Success" executed="True" />
                      <test-case description="Should pass PSAvoidUsingPlainTextForPassword" name="Invoking PSScriptAnalyzer against commandbase.Analyzing Add-RTTicketComment.Should pass PSAvoidUsingPlainTextForPassword" time="0.0028" asserts="0" success="True" result="Success" executed="True" />
                      <test-case description="Should pass PSAvoidUsingWMICmdlet" name="Invoking PSScriptAnalyzer against commandbase.Analyzing Add-RTTicketComment.Should pass PSAvoidUsingWMICmdlet" time="0.0007" asserts="0" success="True" result="Success" executed="True" />
                      <test-case description="Should pass PSAvoidUsingWriteHost" name="Invoking PSScriptAnalyzer against commandbase.Analyzing Add-RTTicketComment.Should pass PSAvoidUsingWriteHost" time="0.0008" asserts="0" success="True" result="Success" executed="True" />
                      <test-case description="Should pass PSUseCompatibleCommands" name="Invoking PSScriptAnalyzer against commandbase.Analyzing Add-RTTicketComment.Should pass PSUseCompatibleCommands" time="0.0029" asserts="0" success="True" result="Success" executed="True" />
                      <test-case description="Should pass PSUseCompatibleSyntax" name="Invoking PSScriptAnalyzer against commandbase.Analyzing Add-RTTicketComment.Should pass PSUseCompatibleSyntax" time="0.0008" asserts="0" success="True" result="Success" executed="True" />
                      <test-case description="Should pass PSUseCompatibleTypes" name="Invoking PSScriptAnalyzer against commandbase.Analyzing Add-RTTicketComment.Should pass PSUseCompatibleTypes" time="0.0007" asserts="0" success="True" result="Success" executed="True" />
                      <test-case description="Should pass PSMisleadingBacktick" name="Invoking PSScriptAnalyzer against commandbase.Analyzing Add-RTTicketComment.Should pass PSMisleadingBacktick" time="0.0032" asserts="0" success="True" result="Success" executed="True" />
                      <test-case description="Should pass PSMissingModuleManifestField" name="Invoking PSScriptAnalyzer against commandbase.Analyzing Add-RTTicketComment.Should pass PSMissingModuleManifestField" time="0.0008" asserts="0" success="True" result="Success" executed="True" />
                      <test-case description="Should pass PSPlaceCloseBrace" name="Invoking PSScriptAnalyzer against commandbase.Analyzing Add-RTTicketComment.Should pass PSPlaceCloseBrace" time="0.0007" asserts="0" success="True" result="Success" executed="True" />
                      <test-case description="Should pass PSPlaceOpenBrace" name="Invoking PSScriptAnalyzer against commandbase.Analyzing Add-RTTicketComment.Should pass PSPlaceOpenBrace" time="0.0028" asserts="0" success="True" result="Success" executed="True" />
                      <test-case description="Should pass PSPossibleIncorrectComparisonWithNull" name="Invoking PSScriptAnalyzer against commandbase.Analyzing Add-RTTicketComment.Should pass PSPossibleIncorrectComparisonWithNull" time="0.0008" asserts="0" success="True" result="Success" executed="True" />
                      <test-case description="Should pass PSPossibleIncorrectUsageOfAssignmentOperator" name="Invoking PSScriptAnalyzer against commandbase.Analyzing Add-RTTicketComment.Should pass PSPossibleIncorrectUsageOfAssignmentOperator" time="0.0007" asserts="0" success="True" result="Success" executed="True" />
                      <test-case description="Should pass PSPossibleIncorrectUsageOfRedirectionOperator" name="Invoking PSScriptAnalyzer against commandbase.Analyzing Add-RTTicketComment.Should pass PSPossibleIncorrectUsageOfRedirectionOperator" time="0.0028" asserts="0" success="True" result="Success" executed="True" />
                      <test-case description="Should pass PSProvideCommentHelp" name="Invoking PSScriptAnalyzer against commandbase.Analyzing Add-RTTicketComment.Should pass PSProvideCommentHelp" time="0.0008" asserts="0" success="True" result="Success" executed="True" />
                      <test-case description="Should pass PSReviewUnusedParameter" name="Invoking PSScriptAnalyzer against commandbase.Analyzing Add-RTTicketComment.Should pass PSReviewUnusedParameter" time="0.0007" asserts="0" success="True" result="Success" executed="True" />
                      <test-case description="Should pass PSUseApprovedVerbs" name="Invoking PSScriptAnalyzer against commandbase.Analyzing Add-RTTicketComment.Should pass PSUseApprovedVerbs" time="0.0007" asserts="0" success="True" result="Success" executed="True" />
                      <test-case description="Should pass PSUseBOMForUnicodeEncodedFile" name="Invoking PSScriptAnalyzer against commandbase.Analyzing Add-RTTicketComment.Should pass PSUseBOMForUnicodeEncodedFile" time="0.0028" asserts="0" success="True" result="Success" executed="True" />
                      <test-case description="Should pass PSUseCmdletCorrectly" name="Invoking PSScriptAnalyzer against commandbase.Analyzing Add-RTTicketComment.Should pass PSUseCmdletCorrectly" time="0.0007" asserts="0" success="True" result="Success" executed="True" />
                      <test-case description="Should pass PSUseCompatibleCmdlets" name="Invoking PSScriptAnalyzer against commandbase.Analyzing Add-RTTicketComment.Should pass PSUseCompatibleCmdlets" time="0.0007" asserts="0" success="True" result="Success" executed="True" />
                      <test-case description="Should pass PSUseConsistentIndentation" name="Invoking PSScriptAnalyzer against commandbase.Analyzing Add-RTTicketComment.Should pass PSUseConsistentIndentation" time="0.0031" asserts="0" success="True" result="Success" executed="True" />
                      <test-case description="Should pass PSUseConsistentWhitespace" name="Invoking PSScriptAnalyzer against commandbase.Analyzing Add-RTTicketComment.Should pass PSUseConsistentWhitespace" time="0.0008" asserts="0" success="True" result="Success" executed="True" />
                      <test-case description="Should pass PSUseCorrectCasing" name="Invoking PSScriptAnalyzer against commandbase.Analyzing Add-RTTicketComment.Should pass PSUseCorrectCasing" time="0.0007" asserts="0" success="True" result="Success" executed="True" />
                      <test-case description="Should pass PSUseDeclaredVarsMoreThanAssignments" name="Invoking PSScriptAnalyzer against commandbase.Analyzing Add-RTTicketComment.Should pass PSUseDeclaredVarsMoreThanAssignments" time="0.0031" asserts="0" success="True" result="Success" executed="True" />
                      <test-case description="Should pass PSUseLiteralInitializerForHashtable" name="Invoking PSScriptAnalyzer against commandbase.Analyzing Add-RTTicketComment.Should pass PSUseLiteralInitializerForHashtable" time="0.0007" asserts="0" success="True" result="Success" executed="True" />
                      <test-case description="Should pass PSUseOutputTypeCorrectly" name="Invoking PSScriptAnalyzer against commandbase.Analyzing Add-RTTicketComment.Should pass PSUseOutputTypeCorrectly" time="0.0007" asserts="0" success="True" result="Success" executed="True" />
                      <test-case description="Should pass PSUseProcessBlockForPipelineCommand" name="Invoking PSScriptAnalyzer against commandbase.Analyzing Add-RTTicketComment.Should pass PSUseProcessBlockForPipelineCommand" time="0.0031" asserts="0" success="True" result="Success" executed="True" />
                      <test-case description="Should pass PSUsePSCredentialType" name="Invoking PSScriptAnalyzer against commandbase.Analyzing Add-RTTicketComment.Should pass PSUsePSCredentialType" time="0.0008" asserts="0" success="True" result="Success" executed="True" />
                      <test-case description="Should pass PSShouldProcess" name="Invoking PSScriptAnalyzer against commandbase.Analyzing Add-RTTicketComment.Should pass PSShouldProcess" time="0.0007" asserts="0" success="True" result="Success" executed="True" />
                      <test-case description="Should pass PSUseShouldProcessForStateChangingFunctions" name="Invoking PSScriptAnalyzer against commandbase.Analyzing Add-RTTicketComment.Should pass PSUseShouldProcessForStateChangingFunctions" time="0.0029" asserts="0" success="True" result="Success" executed="True" />
                      <test-case description="Should pass PSUseSingularNouns" name="Invoking PSScriptAnalyzer against commandbase.Analyzing Add-RTTicketComment.Should pass PSUseSingularNouns" time="0.0008" asserts="0" success="True" result="Success" executed="True" />
                      <test-case description="Should pass PSUseSupportsShouldProcess" name="Invoking PSScriptAnalyzer against commandbase.Analyzing Add-RTTicketComment.Should pass PSUseSupportsShouldProcess" time="0.0008" asserts="0" success="True" result="Success" executed="True" />
                      <test-case description="Should pass PSUseToExportFieldsInManifest" name="Invoking PSScriptAnalyzer against commandbase.Analyzing Add-RTTicketComment.Should pass PSUseToExportFieldsInManifest" time="0.003" asserts="0" success="True" result="Success" executed="True" />
                      <test-case description="Should pass PSUseUsingScopeModifierInNewRunspaces" name="Invoking PSScriptAnalyzer against commandbase.Analyzing Add-RTTicketComment.Should pass PSUseUsingScopeModifierInNewRunspaces" time="0.0008" asserts="0" success="True" result="Success" executed="True" />
                      <test-case description="Should pass PSUseUTF8EncodingForHelpFile" name="Invoking PSScriptAnalyzer against commandbase.Analyzing Add-RTTicketComment.Should pass PSUseUTF8EncodingForHelpFile" time="0.0007" asserts="0" success="True" result="Success" executed="True" />
                      <test-case description="Should pass PSDSCDscExamplesPresent" name="Invoking PSScriptAnalyzer against commandbase.Analyzing Add-RTTicketComment.Should pass PSDSCDscExamplesPresent" time="0.0029" asserts="0" success="True" result="Success" executed="True" />
                      <test-case description="Should pass PSDSCDscTestsPresent" name="Invoking PSScriptAnalyzer against commandbase.Analyzing Add-RTTicketComment.Should pass PSDSCDscTestsPresent" time="0.0008" asserts="0" success="True" result="Success" executed="True" />
                      <test-case description="Should pass PSDSCReturnCorrectTypesForDSCFunctions" name="Invoking PSScriptAnalyzer against commandbase.Analyzing Add-RTTicketComment.Should pass PSDSCReturnCorrectTypesForDSCFunctions" time="0.0007" asserts="0" success="True" result="Success" executed="True" />
                      <test-case description="Should pass PSDSCUseIdenticalMandatoryParametersForDSC" name="Invoking PSScriptAnalyzer against commandbase.Analyzing Add-RTTicketComment.Should pass PSDSCUseIdenticalMandatoryParametersForDSC" time="0.0028" asserts="0" success="True" result="Success" executed="True" />
                      <test-case description="Should pass PSDSCUseIdenticalParametersForDSC" name="Invoking PSScriptAnalyzer against commandbase.Analyzing Add-RTTicketComment.Should pass PSDSCUseIdenticalParametersForDSC" time="0.0008" asserts="0" success="True" result="Success" executed="True" />
                      <test-case description="Should pass PSDSCStandardDSCFunctionsInResource" name="Invoking PSScriptAnalyzer against commandbase.Analyzing Add-RTTicketComment.Should pass PSDSCStandardDSCFunctionsInResource" time="0.0007" asserts="0" success="True" result="Success" executed="True" />
                      <test-case description="Should pass PSDSCUseVerboseMessageInDSCResource" name="Invoking PSScriptAnalyzer against commandbase.Analyzing Add-RTTicketComment.Should pass PSDSCUseVerboseMessageInDSCResource" time="0.0027" asserts="0" success="True" result="Success" executed="True" />
                    </results>
                  </test-suite>
                </results>
              </test-suite>
              <test-suite type="TestFixture" name="Invoking PSScriptAnalyzer against commandbase.Analyzing Add-RTTicketReply" executed="True" result="Success" success="True" time="0.3355" asserts="0" description="Invoking PSScriptAnalyzer against commandbase.Analyzing Add-RTTicketReply">
                <results>
                  <test-suite type="ParameterizedTest" name="Invoking PSScriptAnalyzer against commandbase.Analyzing &lt;BaseName&gt;.Should pass &lt;RuleName&gt;" executed="True" result="Success" success="True" time="0.105" asserts="0" description="Should pass &lt;RuleName&gt;">
                    <results>
                      <test-case description="Should pass PSAlignAssignmentStatement" name="Invoking PSScriptAnalyzer against commandbase.Analyzing Add-RTTicketReply.Should pass PSAlignAssignmentStatement" time="0.0035" asserts="0" success="True" result="Success" executed="True" />
                      <test-case description="Should pass PSAvoidUsingCmdletAliases" name="Invoking PSScriptAnalyzer against commandbase.Analyzing Add-RTTicketReply.Should pass PSAvoidUsingCmdletAliases" time="0.0009" asserts="0" success="True" result="Success" executed="True" />
                      <test-case description="Should pass PSAvoidAssignmentToAutomaticVariable" name="Invoking PSScriptAnalyzer against commandbase.Analyzing Add-RTTicketReply.Should pass PSAvoidAssignmentToAutomaticVariable" time="0.0008" asserts="0" success="True" result="Success" executed="True" />
                      <test-case description="Should pass PSAvoidDefaultValueSwitchParameter" name="Invoking PSScriptAnalyzer against commandbase.Analyzing Add-RTTicketReply.Should pass PSAvoidDefaultValueSwitchParameter" time="0.0007" asserts="0" success="True" result="Success" executed="True" />
                      <test-case description="Should pass PSAvoidDefaultValueForMandatoryParameter" name="Invoking PSScriptAnalyzer against commandbase.Analyzing Add-RTTicketReply.Should pass PSAvoidDefaultValueForMandatoryParameter" time="0.0031" asserts="0" success="True" result="Success" executed="True" />
                      <test-case description="Should pass PSAvoidUsingEmptyCatchBlock" name="Invoking PSScriptAnalyzer against commandbase.Analyzing Add-RTTicketReply.Should pass PSAvoidUsingEmptyCatchBlock" time="0.0007" asserts="0" success="True" result="Success" executed="True" />
                      <test-case description="Should pass PSAvoidExclaimOperator" name="Invoking PSScriptAnalyzer against commandbase.Analyzing Add-RTTicketReply.Should pass PSAvoidExclaimOperator" time="0.0007" asserts="0" success="True" result="Success" executed="True" />
                      <test-case description="Should pass PSAvoidGlobalAliases" name="Invoking PSScriptAnalyzer against commandbase.Analyzing Add-RTTicketReply.Should pass PSAvoidGlobalAliases" time="0.0033" asserts="0" success="True" result="Success" executed="True" />
                      <test-case description="Should pass PSAvoidGlobalFunctions" name="Invoking PSScriptAnalyzer against commandbase.Analyzing Add-RTTicketReply.Should pass PSAvoidGlobalFunctions" time="0.0008" asserts="0" success="True" result="Success" executed="True" />
                      <test-case description="Should pass PSAvoidGlobalVars" name="Invoking PSScriptAnalyzer against commandbase.Analyzing Add-RTTicketReply.Should pass PSAvoidGlobalVars" time="0.0007" asserts="0" success="True" result="Success" executed="True" />
                      <test-case description="Should pass PSAvoidInvokingEmptyMembers" name="Invoking PSScriptAnalyzer against commandbase.Analyzing Add-RTTicketReply.Should pass PSAvoidInvokingEmptyMembers" time="0.0034" asserts="0" success="True" result="Success" executed="True" />
                      <test-case description="Should pass PSAvoidLongLines" name="Invoking PSScriptAnalyzer against commandbase.Analyzing Add-RTTicketReply.Should pass PSAvoidLongLines" time="0.0008" asserts="0" success="True" result="Success" executed="True" />
                      <test-case description="Should pass PSAvoidMultipleTypeAttributes" name="Invoking PSScriptAnalyzer against commandbase.Analyzing Add-RTTicketReply.Should pass PSAvoidMultipleTypeAttributes" time="0.0007" asserts="0" success="True" result="Success" executed="True" />
                      <test-case description="Should pass PSAvoidNullOrEmptyHelpMessageAttribute" name="Invoking PSScriptAnalyzer against commandbase.Analyzing Add-RTTicketReply.Should pass PSAvoidNullOrEmptyHelpMessageAttribute" time="0.0034" asserts="0" success="True" result="Success" executed="True" />
                      <test-case description="Should pass PSAvoidOverwritingBuiltInCmdlets" name="Invoking PSScriptAnalyzer against commandbase.Analyzing Add-RTTicketReply.Should pass PSAvoidOverwritingBuiltInCmdlets" time="0.0007" asserts="0" success="True" result="Success" executed="True" />
                      <test-case description="Should pass PSAvoidUsingPositionalParameters" name="Invoking PSScriptAnalyzer against commandbase.Analyzing Add-RTTicketReply.Should pass PSAvoidUsingPositionalParameters" time="0.0007" asserts="0" success="True" result="Success" executed="True" />
                      <test-case description="Should pass PSReservedCmdletChar" name="Invoking PSScriptAnalyzer against commandbase.Analyzing Add-RTTicketReply.Should pass PSReservedCmdletChar" time="0.0032" asserts="0" success="True" result="Success" executed="True" />
                      <test-case description="Should pass PSReservedParams" name="Invoking PSScriptAnalyzer against commandbase.Analyzing Add-RTTicketReply.Should pass PSReservedParams" time="0.0008" asserts="0" success="True" result="Success" executed="True" />
                      <test-case description="Should pass PSAvoidSemicolonsAsLineTerminators" name="Invoking PSScriptAnalyzer against commandbase.Analyzing Add-RTTicketReply.Should pass PSAvoidSemicolonsAsLineTerminators" time="0.0007" asserts="0" success="True" result="Success" executed="True" />
                      <test-case description="Should pass PSAvoidShouldContinueWithoutForce" name="Invoking PSScriptAnalyzer against commandbase.Analyzing Add-RTTicketReply.Should pass PSAvoidShouldContinueWithoutForce" time="0.0034" asserts="0" success="True" result="Success" executed="True" />
                      <test-case description="Should pass PSAvoidTrailingWhitespace" name="Invoking PSScriptAnalyzer against commandbase.Analyzing Add-RTTicketReply.Should pass PSAvoidTrailingWhitespace" time="0.0008" asserts="0" success="True" result="Success" executed="True" />
                      <test-case description="Should pass PSAvoidUsingUsernameAndPasswordParams" name="Invoking PSScriptAnalyzer against commandbase.Analyzing Add-RTTicketReply.Should pass PSAvoidUsingUsernameAndPasswordParams" time="0.0007" asserts="0" success="True" result="Success" executed="True" />
                      <test-case description="Should pass PSAvoidUsingAllowUnencryptedAuthentication" name="Invoking PSScriptAnalyzer against commandbase.Analyzing Add-RTTicketReply.Should pass PSAvoidUsingAllowUnencryptedAuthentication" time="0.003" asserts="0" success="True" result="Success" executed="True" />
                      <test-case description="Should pass PSAvoidUsingBrokenHashAlgorithms" name="Invoking PSScriptAnalyzer against commandbase.Analyzing Add-RTTicketReply.Should pass PSAvoidUsingBrokenHashAlgorithms" time="0.0009" asserts="0" success="True" result="Success" executed="True" />
                      <test-case description="Should pass PSAvoidUsingComputerNameHardcoded" name="Invoking PSScriptAnalyzer against commandbase.Analyzing Add-RTTicketReply.Should pass PSAvoidUsingComputerNameHardcoded" time="0.0008" asserts="0" success="True" result="Success" executed="True" />
                      <test-case description="Should pass PSAvoidUsingConvertToSecureStringWithPlainText" name="Invoking PSScriptAnalyzer against commandbase.Analyzing Add-RTTicketReply.Should pass PSAvoidUsingConvertToSecureStringWithPlainText" time="0.0031" asserts="0" success="True" result="Success" executed="True" />
                      <test-case description="Should pass PSAvoidUsingDeprecatedManifestFields" name="Invoking PSScriptAnalyzer against commandbase.Analyzing Add-RTTicketReply.Should pass PSAvoidUsingDeprecatedManifestFields" time="0.0008" asserts="0" success="True" result="Success" executed="True" />
                      <test-case description="Should pass PSAvoidUsingDoubleQuotesForConstantString" name="Invoking PSScriptAnalyzer against commandbase.Analyzing Add-RTTicketReply.Should pass PSAvoidUsingDoubleQuotesForConstantString" time="0.0007" asserts="0" success="True" result="Success" executed="True" />
                      <test-case description="Should pass PSAvoidUsingInvokeExpression" name="Invoking PSScriptAnalyzer against commandbase.Analyzing Add-RTTicketReply.Should pass PSAvoidUsingInvokeExpression" time="0.0007" asserts="0" success="True" result="Success" executed="True" />
                      <test-case description="Should pass PSAvoidUsingPlainTextForPassword" name="Invoking PSScriptAnalyzer against commandbase.Analyzing Add-RTTicketReply.Should pass PSAvoidUsingPlainTextForPassword" time="0.0008" asserts="0" success="True" result="Success" executed="True" />
                      <test-case description="Should pass PSAvoidUsingWMICmdlet" name="Invoking PSScriptAnalyzer against commandbase.Analyzing Add-RTTicketReply.Should pass PSAvoidUsingWMICmdlet" time="0.0007" asserts="0" success="True" result="Success" executed="True" />
                      <test-case description="Should pass PSAvoidUsingWriteHost" name="Invoking PSScriptAnalyzer against commandbase.Analyzing Add-RTTicketReply.Should pass PSAvoidUsingWriteHost" time="0.0007" asserts="0" success="True" result="Success" executed="True" />
                      <test-case description="Should pass PSUseCompatibleCommands" name="Invoking PSScriptAnalyzer against commandbase.Analyzing Add-RTTicketReply.Should pass PSUseCompatibleCommands" time="0.0027" asserts="0" success="True" result="Success" executed="True" />
                      <test-case description="Should pass PSUseCompatibleSyntax" name="Invoking PSScriptAnalyzer against commandbase.Analyzing Add-RTTicketReply.Should pass PSUseCompatibleSyntax" time="0.0007" asserts="0" success="True" result="Success" executed="True" />
                      <test-case description="Should pass PSUseCompatibleTypes" name="Invoking PSScriptAnalyzer against commandbase.Analyzing Add-RTTicketReply.Should pass PSUseCompatibleTypes" time="0.0007" asserts="0" success="True" result="Success" executed="True" />
                      <test-case description="Should pass PSMisleadingBacktick" name="Invoking PSScriptAnalyzer against commandbase.Analyzing Add-RTTicketReply.Should pass PSMisleadingBacktick" time="0.0027" asserts="0" success="True" result="Success" executed="True" />
                      <test-case description="Should pass PSMissingModuleManifestField" name="Invoking PSScriptAnalyzer against commandbase.Analyzing Add-RTTicketReply.Should pass PSMissingModuleManifestField" time="0.0007" asserts="0" success="True" result="Success" executed="True" />
                      <test-case description="Should pass PSPlaceCloseBrace" name="Invoking PSScriptAnalyzer against commandbase.Analyzing Add-RTTicketReply.Should pass PSPlaceCloseBrace" time="0.0007" asserts="0" success="True" result="Success" executed="True" />
                      <test-case description="Should pass PSPlaceOpenBrace" name="Invoking PSScriptAnalyzer against commandbase.Analyzing Add-RTTicketReply.Should pass PSPlaceOpenBrace" time="0.003" asserts="0" success="True" result="Success" executed="True" />
                      <test-case description="Should pass PSPossibleIncorrectComparisonWithNull" name="Invoking PSScriptAnalyzer against commandbase.Analyzing Add-RTTicketReply.Should pass PSPossibleIncorrectComparisonWithNull" time="0.0008" asserts="0" success="True" result="Success" executed="True" />
                      <test-case description="Should pass PSPossibleIncorrectUsageOfAssignmentOperator" name="Invoking PSScriptAnalyzer against commandbase.Analyzing Add-RTTicketReply.Should pass PSPossibleIncorrectUsageOfAssignmentOperator" time="0.0007" asserts="0" success="True" result="Success" executed="True" />
                      <test-case description="Should pass PSPossibleIncorrectUsageOfRedirectionOperator" name="Invoking PSScriptAnalyzer against commandbase.Analyzing Add-RTTicketReply.Should pass PSPossibleIncorrectUsageOfRedirectionOperator" time="0.0031" asserts="0" success="True" result="Success" executed="True" />
                      <test-case description="Should pass PSProvideCommentHelp" name="Invoking PSScriptAnalyzer against commandbase.Analyzing Add-RTTicketReply.Should pass PSProvideCommentHelp" time="0.0009" asserts="0" success="True" result="Success" executed="True" />
                      <test-case description="Should pass PSReviewUnusedParameter" name="Invoking PSScriptAnalyzer against commandbase.Analyzing Add-RTTicketReply.Should pass PSReviewUnusedParameter" time="0.0009" asserts="0" success="True" result="Success" executed="True" />
                      <test-case description="Should pass PSUseApprovedVerbs" name="Invoking PSScriptAnalyzer against commandbase.Analyzing Add-RTTicketReply.Should pass PSUseApprovedVerbs" time="0.0032" asserts="0" success="True" result="Success" executed="True" />
                      <test-case description="Should pass PSUseBOMForUnicodeEncodedFile" name="Invoking PSScriptAnalyzer against commandbase.Analyzing Add-RTTicketReply.Should pass PSUseBOMForUnicodeEncodedFile" time="0.0008" asserts="0" success="True" result="Success" executed="True" />
                      <test-case description="Should pass PSUseCmdletCorrectly" name="Invoking PSScriptAnalyzer against commandbase.Analyzing Add-RTTicketReply.Should pass PSUseCmdletCorrectly" time="0.0007" asserts="0" success="True" result="Success" executed="True" />
                      <test-case description="Should pass PSUseCompatibleCmdlets" name="Invoking PSScriptAnalyzer against commandbase.Analyzing Add-RTTicketReply.Should pass PSUseCompatibleCmdlets" time="0.0028" asserts="0" success="True" result="Success" executed="True" />
                      <test-case description="Should pass PSUseConsistentIndentation" name="Invoking PSScriptAnalyzer against commandbase.Analyzing Add-RTTicketReply.Should pass PSUseConsistentIndentation" time="0.0008" asserts="0" success="True" result="Success" executed="True" />
                      <test-case description="Should pass PSUseConsistentWhitespace" name="Invoking PSScriptAnalyzer against commandbase.Analyzing Add-RTTicketReply.Should pass PSUseConsistentWhitespace" time="0.0008" asserts="0" success="True" result="Success" executed="True" />
                      <test-case description="Should pass PSUseCorrectCasing" name="Invoking PSScriptAnalyzer against commandbase.Analyzing Add-RTTicketReply.Should pass PSUseCorrectCasing" time="0.0031" asserts="0" success="True" result="Success" executed="True" />
                      <test-case description="Should pass PSUseDeclaredVarsMoreThanAssignments" name="Invoking PSScriptAnalyzer against commandbase.Analyzing Add-RTTicketReply.Should pass PSUseDeclaredVarsMoreThanAssignments" time="0.0009" asserts="0" success="True" result="Success" executed="True" />
                      <test-case description="Should pass PSUseLiteralInitializerForHashtable" name="Invoking PSScriptAnalyzer against commandbase.Analyzing Add-RTTicketReply.Should pass PSUseLiteralInitializerForHashtable" time="0.0008" asserts="0" success="True" result="Success" executed="True" />
                      <test-case description="Should pass PSUseOutputTypeCorrectly" name="Invoking PSScriptAnalyzer against commandbase.Analyzing Add-RTTicketReply.Should pass PSUseOutputTypeCorrectly" time="0.0029" asserts="0" success="True" result="Success" executed="True" />
                      <test-case description="Should pass PSUseProcessBlockForPipelineCommand" name="Invoking PSScriptAnalyzer against commandbase.Analyzing Add-RTTicketReply.Should pass PSUseProcessBlockForPipelineCommand" time="0.0009" asserts="0" success="True" result="Success" executed="True" />
                      <test-case description="Should pass PSUsePSCredentialType" name="Invoking PSScriptAnalyzer against commandbase.Analyzing Add-RTTicketReply.Should pass PSUsePSCredentialType" time="0.0007" asserts="0" success="True" result="Success" executed="True" />
                      <test-case description="Should pass PSShouldProcess" name="Invoking PSScriptAnalyzer against commandbase.Analyzing Add-RTTicketReply.Should pass PSShouldProcess" time="0.0007" asserts="0" success="True" result="Success" executed="True" />
                      <test-case description="Should pass PSUseShouldProcessForStateChangingFunctions" name="Invoking PSScriptAnalyzer against commandbase.Analyzing Add-RTTicketReply.Should pass PSUseShouldProcessForStateChangingFunctions" time="0.0031" asserts="0" success="True" result="Success" executed="True" />
                      <test-case description="Should pass PSUseSingularNouns" name="Invoking PSScriptAnalyzer against commandbase.Analyzing Add-RTTicketReply.Should pass PSUseSingularNouns" time="0.0009" asserts="0" success="True" result="Success" executed="True" />
                      <test-case description="Should pass PSUseSupportsShouldProcess" name="Invoking PSScriptAnalyzer against commandbase.Analyzing Add-RTTicketReply.Should pass PSUseSupportsShouldProcess" time="0.0008" asserts="0" success="True" result="Success" executed="True" />
                      <test-case description="Should pass PSUseToExportFieldsInManifest" name="Invoking PSScriptAnalyzer against commandbase.Analyzing Add-RTTicketReply.Should pass PSUseToExportFieldsInManifest" time="0.003" asserts="0" success="True" result="Success" executed="True" />
                      <test-case description="Should pass PSUseUsingScopeModifierInNewRunspaces" name="Invoking PSScriptAnalyzer against commandbase.Analyzing Add-RTTicketReply.Should pass PSUseUsingScopeModifierInNewRunspaces" time="0.0007" asserts="0" success="True" result="Success" executed="True" />
                      <test-case description="Should pass PSUseUTF8EncodingForHelpFile" name="Invoking PSScriptAnalyzer against commandbase.Analyzing Add-RTTicketReply.Should pass PSUseUTF8EncodingForHelpFile" time="0.0007" asserts="0" success="True" result="Success" executed="True" />
                      <test-case description="Should pass PSDSCDscExamplesPresent" name="Invoking PSScriptAnalyzer against commandbase.Analyzing Add-RTTicketReply.Should pass PSDSCDscExamplesPresent" time="0.0031" asserts="0" success="True" result="Success" executed="True" />
                      <test-case description="Should pass PSDSCDscTestsPresent" name="Invoking PSScriptAnalyzer against commandbase.Analyzing Add-RTTicketReply.Should pass PSDSCDscTestsPresent" time="0.0008" asserts="0" success="True" result="Success" executed="True" />
                      <test-case description="Should pass PSDSCReturnCorrectTypesForDSCFunctions" name="Invoking PSScriptAnalyzer against commandbase.Analyzing Add-RTTicketReply.Should pass PSDSCReturnCorrectTypesForDSCFunctions" time="0.001" asserts="0" success="True" result="Success" executed="True" />
                      <test-case description="Should pass PSDSCUseIdenticalMandatoryParametersForDSC" name="Invoking PSScriptAnalyzer against commandbase.Analyzing Add-RTTicketReply.Should pass PSDSCUseIdenticalMandatoryParametersForDSC" time="0.0028" asserts="0" success="True" result="Success" executed="True" />
                      <test-case description="Should pass PSDSCUseIdenticalParametersForDSC" name="Invoking PSScriptAnalyzer against commandbase.Analyzing Add-RTTicketReply.Should pass PSDSCUseIdenticalParametersForDSC" time="0.0008" asserts="0" success="True" result="Success" executed="True" />
                      <test-case description="Should pass PSDSCStandardDSCFunctionsInResource" name="Invoking PSScriptAnalyzer against commandbase.Analyzing Add-RTTicketReply.Should pass PSDSCStandardDSCFunctionsInResource" time="0.0007" asserts="0" success="True" result="Success" executed="True" />
                      <test-case description="Should pass PSDSCUseVerboseMessageInDSCResource" name="Invoking PSScriptAnalyzer against commandbase.Analyzing Add-RTTicketReply.Should pass PSDSCUseVerboseMessageInDSCResource" time="0.0029" asserts="0" success="True" result="Success" executed="True" />
                    </results>
                  </test-suite>
                </results>
              </test-suite>
              <test-suite type="TestFixture" name="Invoking PSScriptAnalyzer against commandbase.Analyzing Connect-RT" executed="True" result="Success" success="True" time="0.4512" asserts="0" description="Invoking PSScriptAnalyzer against commandbase.Analyzing Connect-RT">
                <results>
                  <test-suite type="ParameterizedTest" name="Invoking PSScriptAnalyzer against commandbase.Analyzing &lt;BaseName&gt;.Should pass &lt;RuleName&gt;" executed="True" result="Success" success="True" time="0.1095" asserts="0" description="Should pass &lt;RuleName&gt;">
                    <results>
                      <test-case description="Should pass PSAlignAssignmentStatement" name="Invoking PSScriptAnalyzer against commandbase.Analyzing Connect-RT.Should pass PSAlignAssignmentStatement" time="0.0011" asserts="0" success="True" result="Success" executed="True" />
                      <test-case description="Should pass PSAvoidUsingCmdletAliases" name="Invoking PSScriptAnalyzer against commandbase.Analyzing Connect-RT.Should pass PSAvoidUsingCmdletAliases" time="0.0041" asserts="0" success="True" result="Success" executed="True" />
                      <test-case description="Should pass PSAvoidAssignmentToAutomaticVariable" name="Invoking PSScriptAnalyzer against commandbase.Analyzing Connect-RT.Should pass PSAvoidAssignmentToAutomaticVariable" time="0.0009" asserts="0" success="True" result="Success" executed="True" />
                      <test-case description="Should pass PSAvoidDefaultValueSwitchParameter" name="Invoking PSScriptAnalyzer against commandbase.Analyzing Connect-RT.Should pass PSAvoidDefaultValueSwitchParameter" time="0.0009" asserts="0" success="True" result="Success" executed="True" />
                      <test-case description="Should pass PSAvoidDefaultValueForMandatoryParameter" name="Invoking PSScriptAnalyzer against commandbase.Analyzing Connect-RT.Should pass PSAvoidDefaultValueForMandatoryParameter" time="0.0037" asserts="0" success="True" result="Success" executed="True" />
                      <test-case description="Should pass PSAvoidUsingEmptyCatchBlock" name="Invoking PSScriptAnalyzer against commandbase.Analyzing Connect-RT.Should pass PSAvoidUsingEmptyCatchBlock" time="0.0009" asserts="0" success="True" result="Success" executed="True" />
                      <test-case description="Should pass PSAvoidExclaimOperator" name="Invoking PSScriptAnalyzer against commandbase.Analyzing Connect-RT.Should pass PSAvoidExclaimOperator" time="0.0008" asserts="0" success="True" result="Success" executed="True" />
                      <test-case description="Should pass PSAvoidGlobalAliases" name="Invoking PSScriptAnalyzer against commandbase.Analyzing Connect-RT.Should pass PSAvoidGlobalAliases" time="0.0038" asserts="0" success="True" result="Success" executed="True" />
                      <test-case description="Should pass PSAvoidGlobalFunctions" name="Invoking PSScriptAnalyzer against commandbase.Analyzing Connect-RT.Should pass PSAvoidGlobalFunctions" time="0.0009" asserts="0" success="True" result="Success" executed="True" />
                      <test-case description="Should pass PSAvoidGlobalVars" name="Invoking PSScriptAnalyzer against commandbase.Analyzing Connect-RT.Should pass PSAvoidGlobalVars" time="0.0008" asserts="0" success="True" result="Success" executed="True" />
                      <test-case description="Should pass PSAvoidInvokingEmptyMembers" name="Invoking PSScriptAnalyzer against commandbase.Analyzing Connect-RT.Should pass PSAvoidInvokingEmptyMembers" time="0.0035" asserts="0" success="True" result="Success" executed="True" />
                      <test-case description="Should pass PSAvoidLongLines" name="Invoking PSScriptAnalyzer against commandbase.Analyzing Connect-RT.Should pass PSAvoidLongLines" time="0.0009" asserts="0" success="True" result="Success" executed="True" />
                      <test-case description="Should pass PSAvoidMultipleTypeAttributes" name="Invoking PSScriptAnalyzer against commandbase.Analyzing Connect-RT.Should pass PSAvoidMultipleTypeAttributes" time="0.0007" asserts="0" success="True" result="Success" executed="True" />
                      <test-case description="Should pass PSAvoidNullOrEmptyHelpMessageAttribute" name="Invoking PSScriptAnalyzer against commandbase.Analyzing Connect-RT.Should pass PSAvoidNullOrEmptyHelpMessageAttribute" time="0.0032" asserts="0" success="True" result="Success" executed="True" />
                      <test-case description="Should pass PSAvoidOverwritingBuiltInCmdlets" name="Invoking PSScriptAnalyzer against commandbase.Analyzing Connect-RT.Should pass PSAvoidOverwritingBuiltInCmdlets" time="0.0009" asserts="0" success="True" result="Success" executed="True" />
                      <test-case description="Should pass PSAvoidUsingPositionalParameters" name="Invoking PSScriptAnalyzer against commandbase.Analyzing Connect-RT.Should pass PSAvoidUsingPositionalParameters" time="0.0007" asserts="0" success="True" result="Success" executed="True" />
                      <test-case description="Should pass PSReservedCmdletChar" name="Invoking PSScriptAnalyzer against commandbase.Analyzing Connect-RT.Should pass PSReservedCmdletChar" time="0.0036" asserts="0" success="True" result="Success" executed="True" />
                      <test-case description="Should pass PSReservedParams" name="Invoking PSScriptAnalyzer against commandbase.Analyzing Connect-RT.Should pass PSReservedParams" time="0.0012" asserts="0" success="True" result="Success" executed="True" />
                      <test-case description="Should pass PSAvoidSemicolonsAsLineTerminators" name="Invoking PSScriptAnalyzer against commandbase.Analyzing Connect-RT.Should pass PSAvoidSemicolonsAsLineTerminators" time="0.0009" asserts="0" success="True" result="Success" executed="True" />
                      <test-case description="Should pass PSAvoidShouldContinueWithoutForce" name="Invoking PSScriptAnalyzer against commandbase.Analyzing Connect-RT.Should pass PSAvoidShouldContinueWithoutForce" time="0.0034" asserts="0" success="True" result="Success" executed="True" />
                      <test-case description="Should pass PSAvoidTrailingWhitespace" name="Invoking PSScriptAnalyzer against commandbase.Analyzing Connect-RT.Should pass PSAvoidTrailingWhitespace" time="0.0009" asserts="0" success="True" result="Success" executed="True" />
                      <test-case description="Should pass PSAvoidUsingUsernameAndPasswordParams" name="Invoking PSScriptAnalyzer against commandbase.Analyzing Connect-RT.Should pass PSAvoidUsingUsernameAndPasswordParams" time="0.0008" asserts="0" success="True" result="Success" executed="True" />
                      <test-case description="Should pass PSAvoidUsingAllowUnencryptedAuthentication" name="Invoking PSScriptAnalyzer against commandbase.Analyzing Connect-RT.Should pass PSAvoidUsingAllowUnencryptedAuthentication" time="0.0008" asserts="0" success="True" result="Success" executed="True" />
                      <test-case description="Should pass PSAvoidUsingBrokenHashAlgorithms" name="Invoking PSScriptAnalyzer against commandbase.Analyzing Connect-RT.Should pass PSAvoidUsingBrokenHashAlgorithms" time="0.003" asserts="0" success="True" result="Success" executed="True" />
                      <test-case description="Should pass PSAvoidUsingComputerNameHardcoded" name="Invoking PSScriptAnalyzer against commandbase.Analyzing Connect-RT.Should pass PSAvoidUsingComputerNameHardcoded" time="0.0007" asserts="0" success="True" result="Success" executed="True" />
                      <test-case description="Should pass PSAvoidUsingConvertToSecureStringWithPlainText" name="Invoking PSScriptAnalyzer against commandbase.Analyzing Connect-RT.Should pass PSAvoidUsingConvertToSecureStringWithPlainText" time="0.0008" asserts="0" success="True" result="Success" executed="True" />
                      <test-case description="Should pass PSAvoidUsingDeprecatedManifestFields" name="Invoking PSScriptAnalyzer against commandbase.Analyzing Connect-RT.Should pass PSAvoidUsingDeprecatedManifestFields" time="0.0032" asserts="0" success="True" result="Success" executed="True" />
                      <test-case description="Should pass PSAvoidUsingDoubleQuotesForConstantString" name="Invoking PSScriptAnalyzer against commandbase.Analyzing Connect-RT.Should pass PSAvoidUsingDoubleQuotesForConstantString" time="0.0007" asserts="0" success="True" result="Success" executed="True" />
                      <test-case description="Should pass PSAvoidUsingInvokeExpression" name="Invoking PSScriptAnalyzer against commandbase.Analyzing Connect-RT.Should pass PSAvoidUsingInvokeExpression" time="0.0007" asserts="0" success="True" result="Success" executed="True" />
                      <test-case description="Should pass PSAvoidUsingPlainTextForPassword" name="Invoking PSScriptAnalyzer against commandbase.Analyzing Connect-RT.Should pass PSAvoidUsingPlainTextForPassword" time="0.0031" asserts="0" success="True" result="Success" executed="True" />
                      <test-case description="Should pass PSAvoidUsingWMICmdlet" name="Invoking PSScriptAnalyzer against commandbase.Analyzing Connect-RT.Should pass PSAvoidUsingWMICmdlet" time="0.0008" asserts="0" success="True" result="Success" executed="True" />
                      <test-case description="Should pass PSAvoidUsingWriteHost" name="Invoking PSScriptAnalyzer against commandbase.Analyzing Connect-RT.Should pass PSAvoidUsingWriteHost" time="0.0008" asserts="0" success="True" result="Success" executed="True" />
                      <test-case description="Should pass PSUseCompatibleCommands" name="Invoking PSScriptAnalyzer against commandbase.Analyzing Connect-RT.Should pass PSUseCompatibleCommands" time="0.0034" asserts="0" success="True" result="Success" executed="True" />
                      <test-case description="Should pass PSUseCompatibleSyntax" name="Invoking PSScriptAnalyzer against commandbase.Analyzing Connect-RT.Should pass PSUseCompatibleSyntax" time="0.0009" asserts="0" success="True" result="Success" executed="True" />
                      <test-case description="Should pass PSUseCompatibleTypes" name="Invoking PSScriptAnalyzer against commandbase.Analyzing Connect-RT.Should pass PSUseCompatibleTypes" time="0.0008" asserts="0" success="True" result="Success" executed="True" />
                      <test-case description="Should pass PSMisleadingBacktick" name="Invoking PSScriptAnalyzer against commandbase.Analyzing Connect-RT.Should pass PSMisleadingBacktick" time="0.0035" asserts="0" success="True" result="Success" executed="True" />
                      <test-case description="Should pass PSMissingModuleManifestField" name="Invoking PSScriptAnalyzer against commandbase.Analyzing Connect-RT.Should pass PSMissingModuleManifestField" time="0.0008" asserts="0" success="True" result="Success" executed="True" />
                      <test-case description="Should pass PSPlaceCloseBrace" name="Invoking PSScriptAnalyzer against commandbase.Analyzing Connect-RT.Should pass PSPlaceCloseBrace" time="0.0007" asserts="0" success="True" result="Success" executed="True" />
                      <test-case description="Should pass PSPlaceOpenBrace" name="Invoking PSScriptAnalyzer against commandbase.Analyzing Connect-RT.Should pass PSPlaceOpenBrace" time="0.0032" asserts="0" success="True" result="Success" executed="True" />
                      <test-case description="Should pass PSPossibleIncorrectComparisonWithNull" name="Invoking PSScriptAnalyzer against commandbase.Analyzing Connect-RT.Should pass PSPossibleIncorrectComparisonWithNull" time="0.0008" asserts="0" success="True" result="Success" executed="True" />
                      <test-case description="Should pass PSPossibleIncorrectUsageOfAssignmentOperator" name="Invoking PSScriptAnalyzer against commandbase.Analyzing Connect-RT.Should pass PSPossibleIncorrectUsageOfAssignmentOperator" time="0.0007" asserts="0" success="True" result="Success" executed="True" />
                      <test-case description="Should pass PSPossibleIncorrectUsageOfRedirectionOperator" name="Invoking PSScriptAnalyzer against commandbase.Analyzing Connect-RT.Should pass PSPossibleIncorrectUsageOfRedirectionOperator" time="0.0032" asserts="0" success="True" result="Success" executed="True" />
                      <test-case description="Should pass PSProvideCommentHelp" name="Invoking PSScriptAnalyzer against commandbase.Analyzing Connect-RT.Should pass PSProvideCommentHelp" time="0.0009" asserts="0" success="True" result="Success" executed="True" />
                      <test-case description="Should pass PSReviewUnusedParameter" name="Invoking PSScriptAnalyzer against commandbase.Analyzing Connect-RT.Should pass PSReviewUnusedParameter" time="0.0007" asserts="0" success="True" result="Success" executed="True" />
                      <test-case description="Should pass PSUseApprovedVerbs" name="Invoking PSScriptAnalyzer against commandbase.Analyzing Connect-RT.Should pass PSUseApprovedVerbs" time="0.0031" asserts="0" success="True" result="Success" executed="True" />
                      <test-case description="Should pass PSUseBOMForUnicodeEncodedFile" name="Invoking PSScriptAnalyzer against commandbase.Analyzing Connect-RT.Should pass PSUseBOMForUnicodeEncodedFile" time="0.0009" asserts="0" success="True" result="Success" executed="True" />
                      <test-case description="Should pass PSUseCmdletCorrectly" name="Invoking PSScriptAnalyzer against commandbase.Analyzing Connect-RT.Should pass PSUseCmdletCorrectly" time="0.0007" asserts="0" success="True" result="Success" executed="True" />
                      <test-case description="Should pass PSUseCompatibleCmdlets" name="Invoking PSScriptAnalyzer against commandbase.Analyzing Connect-RT.Should pass PSUseCompatibleCmdlets" time="0.0007" asserts="0" success="True" result="Success" executed="True" />
                      <test-case description="Should pass PSUseConsistentIndentation" name="Invoking PSScriptAnalyzer against commandbase.Analyzing Connect-RT.Should pass PSUseConsistentIndentation" time="0.0008" asserts="0" success="True" result="Success" executed="True" />
                      <test-case description="Should pass PSUseConsistentWhitespace" name="Invoking PSScriptAnalyzer against commandbase.Analyzing Connect-RT.Should pass PSUseConsistentWhitespace" time="0.0007" asserts="0" success="True" result="Success" executed="True" />
                      <test-case description="Should pass PSUseCorrectCasing" name="Invoking PSScriptAnalyzer against commandbase.Analyzing Connect-RT.Should pass PSUseCorrectCasing" time="0.0007" asserts="0" success="True" result="Success" executed="True" />
                      <test-case description="Should pass PSUseDeclaredVarsMoreThanAssignments" name="Invoking PSScriptAnalyzer against commandbase.Analyzing Connect-RT.Should pass PSUseDeclaredVarsMoreThanAssignments" time="0.0029" asserts="0" success="True" result="Success" executed="True" />
                      <test-case description="Should pass PSUseLiteralInitializerForHashtable" name="Invoking PSScriptAnalyzer against commandbase.Analyzing Connect-RT.Should pass PSUseLiteralInitializerForHashtable" time="0.0007" asserts="0" success="True" result="Success" executed="True" />
[...]
                      <test-case description="Should pass PSAvoidUsingCmdletAliases" name="Invoking PSScriptAnalyzer against commandbase.Analyzing Save-RTConfig.Should pass PSAvoidUsingCmdletAliases" time="0.0037" asserts="0" success="True" result="Success" executed="True" />
                      <test-case description="Should pass PSAvoidAssignmentToAutomaticVariable" name="Invoking PSScriptAnalyzer against commandbase.Analyzing Save-RTConfig.Should pass PSAvoidAssignmentToAutomaticVariable" time="0.0009" asserts="0" success="True" result="Success" executed="True" />
                      <test-case description="Should pass PSAvoidDefaultValueSwitchParameter" name="Invoking PSScriptAnalyzer against commandbase.Analyzing Save-RTConfig.Should pass PSAvoidDefaultValueSwitchParameter" time="0.0007" asserts="0" success="True" result="Success" executed="True" />
                      <test-case description="Should pass PSAvoidDefaultValueForMandatoryParameter" name="Invoking PSScriptAnalyzer against commandbase.Analyzing Save-RTConfig.Should pass PSAvoidDefaultValueForMandatoryParameter" time="0.0031" asserts="0" success="True" result="Success" executed="True" />
                      <test-case description="Should pass PSAvoidUsingEmptyCatchBlock" name="Invoking PSScriptAnalyzer against commandbase.Analyzing Save-RTConfig.Should pass PSAvoidUsingEmptyCatchBlock" time="0.0008" asserts="0" success="True" result="Success" executed="True" />
                      <test-case description="Should pass PSAvoidExclaimOperator" name="Invoking PSScriptAnalyzer against commandbase.Analyzing Save-RTConfig.Should pass PSAvoidExclaimOperator" time="0.0008" asserts="0" success="True" result="Success" executed="True" />
                      <test-case description="Should pass PSAvoidGlobalAliases" name="Invoking PSScriptAnalyzer against commandbase.Analyzing Save-RTConfig.Should pass PSAvoidGlobalAliases" time="0.0031" asserts="0" success="True" result="Success" executed="True" />
                      <test-case description="Should pass PSAvoidGlobalFunctions" name="Invoking PSScriptAnalyzer against commandbase.Analyzing Save-RTConfig.Should pass PSAvoidGlobalFunctions" time="0.0008" asserts="0" success="True" result="Success" executed="True" />
                      <test-case description="Should pass PSAvoidGlobalVars" name="Invoking PSScriptAnalyzer against commandbase.Analyzing Save-RTConfig.Should pass PSAvoidGlobalVars" time="0.0007" asserts="0" success="True" result="Success" executed="True" />
                      <test-case description="Should pass PSAvoidInvokingEmptyMembers" name="Invoking PSScriptAnalyzer against commandbase.Analyzing Save-RTConfig.Should pass PSAvoidInvokingEmptyMembers" time="0.003" asserts="0" success="True" result="Success" executed="True" />
                      <test-case description="Should pass PSAvoidLongLines" name="Invoking PSScriptAnalyzer against commandbase.Analyzing Save-RTConfig.Should pass PSAvoidLongLines" time="0.0008" asserts="0" success="True" result="Success" executed="True" />
                      <test-case description="Should pass PSAvoidMultipleTypeAttributes" name="Invoking PSScriptAnalyzer against commandbase.Analyzing Save-RTConfig.Should pass PSAvoidMultipleTypeAttributes" time="0.0007" asserts="0" success="True" result="Success" executed="True" />
                      <test-case description="Should pass PSAvoidNullOrEmptyHelpMessageAttribute" name="Invoking PSScriptAnalyzer against commandbase.Analyzing Save-RTConfig.Should pass PSAvoidNullOrEmptyHelpMessageAttribute" time="0.0007" asserts="0" success="True" result="Success" executed="True" />
                      <test-case description="Should pass PSAvoidOverwritingBuiltInCmdlets" name="Invoking PSScriptAnalyzer against commandbase.Analyzing Save-RTConfig.Should pass PSAvoidOverwritingBuiltInCmdlets" time="0.0031" asserts="0" success="True" result="Success" executed="True" />
                      <test-case description="Should pass PSAvoidUsingPositionalParameters" name="Invoking PSScriptAnalyzer against commandbase.Analyzing Save-RTConfig.Should pass PSAvoidUsingPositionalParameters" time="0.0007" asserts="0" success="True" result="Success" executed="True" />
                      <test-case description="Should pass PSReservedCmdletChar" name="Invoking PSScriptAnalyzer against commandbase.Analyzing Save-RTConfig.Should pass PSReservedCmdletChar" time="0.0007" asserts="0" success="True" result="Success" executed="True" />
                      <test-case description="Should pass PSReservedParams" name="Invoking PSScriptAnalyzer against commandbase.Analyzing Save-RTConfig.Should pass PSReservedParams" time="0.0034" asserts="0" success="True" result="Success" executed="True" />
                      <test-case description="Should pass PSAvoidSemicolonsAsLineTerminators" name="Invoking PSScriptAnalyzer against commandbase.Analyzing Save-RTConfig.Should pass PSAvoidSemicolonsAsLineTerminators" time="0.0008" asserts="0" success="True" result="Success" executed="True" />
                      <test-case description="Should pass PSAvoidShouldContinueWithoutForce" name="Invoking PSScriptAnalyzer against commandbase.Analyzing Save-RTConfig.Should pass PSAvoidShouldContinueWithoutForce" time="0.0008" asserts="0" success="True" result="Success" executed="True" />
                      <test-case description="Should pass PSAvoidTrailingWhitespace" name="Invoking PSScriptAnalyzer against commandbase.Analyzing Save-RTConfig.Should pass PSAvoidTrailingWhitespace" time="0.0032" asserts="0" success="True" result="Success" executed="True" />
                      <test-case description="Should pass PSAvoidUsingUsernameAndPasswordParams" name="Invoking PSScriptAnalyzer against commandbase.Analyzing Save-RTConfig.Should pass PSAvoidUsingUsernameAndPasswordParams" time="0.0008" asserts="0" success="True" result="Success" executed="True" />
                      <test-case description="Should pass PSAvoidUsingAllowUnencryptedAuthentication" name="Invoking PSScriptAnalyzer against commandbase.Analyzing Save-RTConfig.Should pass PSAvoidUsingAllowUnencryptedAuthentication" time="0.0007" asserts="0" success="True" result="Success" executed="True" />
                      <test-case description="Should pass PSAvoidUsingBrokenHashAlgorithms" name="Invoking PSScriptAnalyzer against commandbase.Analyzing Save-RTConfig.Should pass PSAvoidUsingBrokenHashAlgorithms" time="0.0036" asserts="0" success="True" result="Success" executed="True" />
                      <test-case description="Should pass PSAvoidUsingComputerNameHardcoded" name="Invoking PSScriptAnalyzer against commandbase.Analyzing Save-RTConfig.Should pass PSAvoidUsingComputerNameHardcoded" time="0.001" asserts="0" success="True" result="Success" executed="True" />
                      <test-case description="Should pass PSAvoidUsingConvertToSecureStringWithPlainText" name="Invoking PSScriptAnalyzer against commandbase.Analyzing Save-RTConfig.Should pass PSAvoidUsingConvertToSecureStringWithPlainText" time="0.0009" asserts="0" success="True" result="Success" executed="True" />
                      <test-case description="Should pass PSAvoidUsingDeprecatedManifestFields" name="Invoking PSScriptAnalyzer against commandbase.Analyzing Save-RTConfig.Should pass PSAvoidUsingDeprecatedManifestFields" time="0.0035" asserts="0" success="True" result="Success" executed="True" />
                      <test-case description="Should pass PSAvoidUsingDoubleQuotesForConstantString" name="Invoking PSScriptAnalyzer against commandbase.Analyzing Save-RTConfig.Should pass PSAvoidUsingDoubleQuotesForConstantString" time="0.0008" asserts="0" success="True" result="Success" executed="True" />
                      <test-case description="Should pass PSAvoidUsingInvokeExpression" name="Invoking PSScriptAnalyzer against commandbase.Analyzing Save-RTConfig.Should pass PSAvoidUsingInvokeExpression" time="0.0007" asserts="0" success="True" result="Success" executed="True" />
                      <test-case description="Should pass PSAvoidUsingPlainTextForPassword" name="Invoking PSScriptAnalyzer against commandbase.Analyzing Save-RTConfig.Should pass PSAvoidUsingPlainTextForPassword" time="0.0036" asserts="0" success="True" result="Success" executed="True" />
                      <test-case description="Should pass PSAvoidUsingWMICmdlet" name="Invoking PSScriptAnalyzer against commandbase.Analyzing Save-RTConfig.Should pass PSAvoidUsingWMICmdlet" time="0.0009" asserts="0" success="True" result="Success" executed="True" />
                      <test-case description="Should pass PSAvoidUsingWriteHost" name="Invoking PSScriptAnalyzer against commandbase.Analyzing Save-RTConfig.Should pass PSAvoidUsingWriteHost" time="0.0007" asserts="0" success="True" result="Success" executed="True" />
                      <test-case description="Should pass PSUseCompatibleCommands" name="Invoking PSScriptAnalyzer against commandbase.Analyzing Save-RTConfig.Should pass PSUseCompatibleCommands" time="0.003" asserts="0" success="True" result="Success" executed="True" />
                      <test-case description="Should pass PSUseCompatibleSyntax" name="Invoking PSScriptAnalyzer against commandbase.Analyzing Save-RTConfig.Should pass PSUseCompatibleSyntax" time="0.0009" asserts="0" success="True" result="Success" executed="True" />
                      <test-case description="Should pass PSUseCompatibleTypes" name="Invoking PSScriptAnalyzer against commandbase.Analyzing Save-RTConfig.Should pass PSUseCompatibleTypes" time="0.0008" asserts="0" success="True" result="Success" executed="True" />
                      <test-case description="Should pass PSMisleadingBacktick" name="Invoking PSScriptAnalyzer against commandbase.Analyzing Save-RTConfig.Should pass PSMisleadingBacktick" time="0.0034" asserts="0" success="True" result="Success" executed="True" />
                      <test-case description="Should pass PSMissingModuleManifestField" name="Invoking PSScriptAnalyzer against commandbase.Analyzing Save-RTConfig.Should pass PSMissingModuleManifestField" time="0.001" asserts="0" success="True" result="Success" executed="True" />
                      <test-case description="Should pass PSPlaceCloseBrace" name="Invoking PSScriptAnalyzer against commandbase.Analyzing Save-RTConfig.Should pass PSPlaceCloseBrace" time="0.0008" asserts="0" success="True" result="Success" executed="True" />
                      <test-case description="Should pass PSPlaceOpenBrace" name="Invoking PSScriptAnalyzer against commandbase.Analyzing Save-RTConfig.Should pass PSPlaceOpenBrace" time="0.0007" asserts="0" success="True" result="Success" executed="True" />
                      <test-case description="Should pass PSPossibleIncorrectComparisonWithNull" name="Invoking PSScriptAnalyzer against commandbase.Analyzing Save-RTConfig.Should pass PSPossibleIncorrectComparisonWithNull" time="0.0031" asserts="0" success="True" result="Success" executed="True" />
                      <test-case description="Should pass PSPossibleIncorrectUsageOfAssignmentOperator" name="Invoking PSScriptAnalyzer against commandbase.Analyzing Save-RTConfig.Should pass PSPossibleIncorrectUsageOfAssignmentOperator" time="0.0007" asserts="0" success="True" result="Success" executed="True" />
                      <test-case description="Should pass PSPossibleIncorrectUsageOfRedirectionOperator" name="Invoking PSScriptAnalyzer against commandbase.Analyzing Save-RTConfig.Should pass PSPossibleIncorrectUsageOfRedirectionOperator" time="0.0007" asserts="0" success="True" result="Success" executed="True" />
                      <test-case description="Should pass PSProvideCommentHelp" name="Invoking PSScriptAnalyzer against commandbase.Analyzing Save-RTConfig.Should pass PSProvideCommentHelp" time="0.0031" asserts="0" success="True" result="Success" executed="True" />
                      <test-case description="Should pass PSReviewUnusedParameter" name="Invoking PSScriptAnalyzer against commandbase.Analyzing Save-RTConfig.Should pass PSReviewUnusedParameter" time="0.0007" asserts="0" success="True" result="Success" executed="True" />
                      <test-case description="Should pass PSUseApprovedVerbs" name="Invoking PSScriptAnalyzer against commandbase.Analyzing Save-RTConfig.Should pass PSUseApprovedVerbs" time="0.0007" asserts="0" success="True" result="Success" executed="True" />
                      <test-case description="Should pass PSUseBOMForUnicodeEncodedFile" name="Invoking PSScriptAnalyzer against commandbase.Analyzing Save-RTConfig.Should pass PSUseBOMForUnicodeEncodedFile" time="0.0033" asserts="0" success="True" result="Success" executed="True" />
                      <test-case description="Should pass PSUseCmdletCorrectly" name="Invoking PSScriptAnalyzer against commandbase.Analyzing Save-RTConfig.Should pass PSUseCmdletCorrectly" time="0.0008" asserts="0" success="True" result="Success" executed="True" />
                      <test-case description="Should pass PSUseCompatibleCmdlets" name="Invoking PSScriptAnalyzer against commandbase.Analyzing Save-RTConfig.Should pass PSUseCompatibleCmdlets" time="0.0008" asserts="0" success="True" result="Success" executed="True" />
                      <test-case description="Should pass PSUseConsistentIndentation" name="Invoking PSScriptAnalyzer against commandbase.Analyzing Save-RTConfig.Should pass PSUseConsistentIndentation" time="0.0032" asserts="0" success="True" result="Success" executed="True" />
                      <test-case description="Should pass PSUseConsistentWhitespace" name="Invoking PSScriptAnalyzer against commandbase.Analyzing Save-RTConfig.Should pass PSUseConsistentWhitespace" time="0.0008" asserts="0" success="True" result="Success" executed="True" />
                      <test-case description="Should pass PSUseCorrectCasing" name="Invoking PSScriptAnalyzer against commandbase.Analyzing Save-RTConfig.Should pass PSUseCorrectCasing" time="0.0007" asserts="0" success="True" result="Success" executed="True" />
                      <test-case description="Should pass PSUseDeclaredVarsMoreThanAssignments" name="Invoking PSScriptAnalyzer against commandbase.Analyzing Save-RTConfig.Should pass PSUseDeclaredVarsMoreThanAssignments" time="0.0036" asserts="0" success="True" result="Success" executed="True" />
                      <test-case description="Should pass PSUseLiteralInitializerForHashtable" name="Invoking PSScriptAnalyzer against commandbase.Analyzing Save-RTConfig.Should pass PSUseLiteralInitializerForHashtable" time="0.001" asserts="0" success="True" result="Success" executed="True" />
                      <test-case description="Should pass PSUseOutputTypeCorrectly" name="Invoking PSScriptAnalyzer against commandbase.Analyzing Save-RTConfig.Should pass PSUseOutputTypeCorrectly" time="0.0009" asserts="0" success="True" result="Success" executed="True" />
                      <test-case description="Should pass PSUseProcessBlockForPipelineCommand" name="Invoking PSScriptAnalyzer against commandbase.Analyzing Save-RTConfig.Should pass PSUseProcessBlockForPipelineCommand" time="0.0039" asserts="0" success="True" result="Success" executed="True" />
                      <test-case description="Should pass PSUsePSCredentialType" name="Invoking PSScriptAnalyzer against commandbase.Analyzing Save-RTConfig.Should pass PSUsePSCredentialType" time="0.0009" asserts="0" success="True" result="Success" executed="True" />
                      <test-case description="Should pass PSShouldProcess" name="Invoking PSScriptAnalyzer against commandbase.Analyzing Save-RTConfig.Should pass PSShouldProcess" time="0.0007" asserts="0" success="True" result="Success" executed="True" />
                      <test-case description="Should pass PSUseShouldProcessForStateChangingFunctions" name="Invoking PSScriptAnalyzer against commandbase.Analyzing Save-RTConfig.Should pass PSUseShouldProcessForStateChangingFunctions" time="0.0032" asserts="0" success="True" result="Success" executed="True" />
                      <test-case description="Should pass PSUseSingularNouns" name="Invoking PSScriptAnalyzer against commandbase.Analyzing Save-RTConfig.Should pass PSUseSingularNouns" time="0.0011" asserts="0" success="True" result="Success" executed="True" />
                      <test-case description="Should pass PSUseSupportsShouldProcess" name="Invoking PSScriptAnalyzer against commandbase.Analyzing Save-RTConfig.Should pass PSUseSupportsShouldProcess" time="0.0008" asserts="0" success="True" result="Success" executed="True" />
                      <test-case description="Should pass PSUseToExportFieldsInManifest" name="Invoking PSScriptAnalyzer against commandbase.Analyzing Save-RTConfig.Should pass PSUseToExportFieldsInManifest" time="0.0033" asserts="0" success="True" result="Success" executed="True" />
                      <test-case description="Should pass PSUseUsingScopeModifierInNewRunspaces" name="Invoking PSScriptAnalyzer against commandbase.Analyzing Save-RTConfig.Should pass PSUseUsingScopeModifierInNewRunspaces" time="0.0009" asserts="0" success="True" result="Success" executed="True" />
                      <test-case description="Should pass PSUseUTF8EncodingForHelpFile" name="Invoking PSScriptAnalyzer against commandbase.Analyzing Save-RTConfig.Should pass PSUseUTF8EncodingForHelpFile" time="0.0007" asserts="0" success="True" result="Success" executed="True" />
                      <test-case description="Should pass PSDSCDscExamplesPresent" name="Invoking PSScriptAnalyzer against commandbase.Analyzing Save-RTConfig.Should pass PSDSCDscExamplesPresent" time="0.0007" asserts="0" success="True" result="Success" executed="True" />
                      <test-case description="Should pass PSDSCDscTestsPresent" name="Invoking PSScriptAnalyzer against commandbase.Analyzing Save-RTConfig.Should pass PSDSCDscTestsPresent" time="0.0011" asserts="0" success="True" result="Success" executed="True" />
                      <test-case description="Should pass PSDSCReturnCorrectTypesForDSCFunctions" name="Invoking PSScriptAnalyzer against commandbase.Analyzing Save-RTConfig.Should pass PSDSCReturnCorrectTypesForDSCFunctions" time="0.0009" asserts="0" success="True" result="Success" executed="True" />
                      <test-case description="Should pass PSDSCUseIdenticalMandatoryParametersForDSC" name="Invoking PSScriptAnalyzer against commandbase.Analyzing Save-RTConfig.Should pass PSDSCUseIdenticalMandatoryParametersForDSC" time="0.0009" asserts="0" success="True" result="Success" executed="True" />
                      <test-case description="Should pass PSDSCUseIdenticalParametersForDSC" name="Invoking PSScriptAnalyzer against commandbase.Analyzing Save-RTConfig.Should pass PSDSCUseIdenticalParametersForDSC" time="0.0031" asserts="0" success="True" result="Success" executed="True" />
                      <test-case description="Should pass PSDSCStandardDSCFunctionsInResource" name="Invoking PSScriptAnalyzer against commandbase.Analyzing Save-RTConfig.Should pass PSDSCStandardDSCFunctionsInResource" time="0.0008" asserts="0" success="True" result="Success" executed="True" />
                      <test-case description="Should pass PSDSCUseVerboseMessageInDSCResource" name="Invoking PSScriptAnalyzer against commandbase.Analyzing Save-RTConfig.Should pass PSDSCUseVerboseMessageInDSCResource" time="0.0007" asserts="0" success="True" result="Success" executed="True" />
                    </results>
                  </test-suite>
                </results>
              </test-suite>
            </results>
          </test-suite>
        </results>
      </test-suite>
    </results>
  </test-suite>
</test-results>