<?xml version="1.0" encoding="utf-8" standalone="no"?>
<test-results xmlns:xsi="http://www.w3.org/2001/XMLSchema-instance" xsi:noNamespaceSchemaLocation="nunit_schema_2.5.xsd" name="Pester" total="565" errors="0" failures="63" not-run="0" inconclusive="0" ignored="0" skipped="0" invalid="0" date="2026-03-28" time="09:51:45">
  <environment clr-version="9.0.10" nunit-version="2.5.8.0" cwd="/Users/jkd119/repos/prod/RTShell/RTShell" os-version="25.3.0" machine-name="Joshuas-MacBook-Pro.local" user-domain="" user="jkd119" platform="Darwin" />
  <culture-info current-culture="en-US" current-uiculture="en-US" />
  <test-suite type="TestFixture" name="Pester" executed="True" result="Failure" success="False" time="1.3595" asserts="0" description="Pester">
    <results>
      <test-suite type="TestFixture" name="/Users/jkd119/repos/prod/RTShell/RTShell/tests/general/Help.Tests.ps1" executed="True" result="Failure" success="False" time="1.3595" asserts="0" description="/Users/jkd119/repos/prod/RTShell/RTShell/tests/general/Help.Tests.ps1">
        <results>
          <test-suite type="TestFixture" name="Test help for Add-RTTicketAttachment" executed="True" result="Failure" success="False" time="0.0453" asserts="0" description="Test help for Add-RTTicketAttachment">
            <results>
              <test-suite type="TestFixture" name="Test help for Add-RTTicketAttachment.Test parameter help for Add-RTTicketAttachment" executed="True" result="Failure" success="False" time="0.0446" asserts="0" description="Test help for Add-RTTicketAttachment.Test parameter help for Add-RTTicketAttachment">
                <results>
                  <test-suite type="ParameterizedTest" name="Test help for Add-RTTicketAttachment.Test parameter help for Add-RTTicketAttachment.gets help for parameter: Comment : in Add-RTTicketAttachment" executed="True" result="Failure" success="False" time="0.0122" asserts="0" description="gets help for parameter: Comment : in Add-RTTicketAttachment">
                    <results>
                      <test-case description="gets help for parameter: Comment : in Add-RTTicketAttachment" name="Test help for Add-RTTicketAttachment.Test parameter help for Add-RTTicketAttachment.gets help for parameter: Comment : in Add-RTTicketAttachment(@{name=Comment; description=System.Management.Automation.PSObject[]; defaultValue=Attachment uploaded via RTShell.; parameterValue=String; type=@{name=String}; required=false; globbing=false; pipelineInput=false; position=3})" time="0.0008" asserts="0" success="True" result="Success" executed="True" />
                      <test-case description="gets help for parameter: Confirm : in Add-RTTicketAttachment" name="Test help for Add-RTTicketAttachment.Test parameter help for Add-RTTicketAttachment.gets help for parameter: Confirm : in Add-RTTicketAttachment" time="0.0042" asserts="0" success="False" result="Failure" executed="True">
                        <failure>
                          <message>Expected a value, but got $null or empty.</message>
                          <stack-trace>at $parameterHelp.Description.Text | Should -Not -BeNullOrEmpty, /Users/jkd119/repos/prod/RTShell/RTShell/tests/general/Help.Tests.ps1:108
at &lt;ScriptBlock&gt;, /Users/jkd119/repos/prod/RTShell/RTShell/tests/general/Help.Tests.ps1:108</stack-trace>
                        </failure>
                      </test-case>
                      <test-case description="gets help for parameter: Force : in Add-RTTicketAttachment" name="Test help for Add-RTTicketAttachment.Test parameter help for Add-RTTicketAttachment.gets help for parameter: Force : in Add-RTTicketAttachment" time="0.0006" asserts="0" success="True" result="Success" executed="True" />
                      <test-case description="gets help for parameter: Id : in Add-RTTicketAttachment" name="Test help for Add-RTTicketAttachment.Test parameter help for Add-RTTicketAttachment.gets help for parameter: Id : in Add-RTTicketAttachment" time="0.0008" asserts="0" success="True" result="Success" executed="True" />
                      <test-case description="gets help for parameter: PassThru : in Add-RTTicketAttachment" name="Test help for Add-RTTicketAttachment.Test parameter help for Add-RTTicketAttachment.gets help for parameter: PassThru : in Add-RTTicketAttachment" time="0.0006" asserts="0" success="True" result="Success" executed="True" />
                      <test-case description="gets help for parameter: Path : in Add-RTTicketAttachment" name="Test help for Add-RTTicketAttachment.Test parameter help for Add-RTTicketAttachment.gets help for parameter: Path : in Add-RTTicketAttachment" time="0.0006" asserts="0" success="True" result="Success" executed="True" />
                      <test-case description="gets help for parameter: WhatIf : in Add-RTTicketAttachment" name="Test help for Add-RTTicketAttachment.Test parameter help for Add-RTTicketAttachment.gets help for parameter: WhatIf : in Add-RTTicketAttachment" time="0.0045" asserts="0" success="False" result="Failure" executed="True">
                        <failure>
                          <message>Expected a value, but got $null or empty.</message>
                          <stack-trace>at $parameterHelp.Description.Text | Should -Not -BeNullOrEmpty, /Users/jkd119/repos/prod/RTShell/RTShell/tests/general/Help.Tests.ps1:108
at &lt;ScriptBlock&gt;, /Users/jkd119/repos/prod/RTShell/RTShell/tests/general/Help.Tests.ps1:108</stack-trace>
                        </failure>
                      </test-case>
                    </results>
                  </test-suite>
                  <test-suite type="ParameterizedTest" name="Test help for Add-RTTicketAttachment.Test parameter help for Add-RTTicketAttachment.help for Comment parameter in Add-RTTicketAttachment has correct Mandatory value" executed="True" result="Success" success="True" time="0.0095" asserts="0" description="help for Comment parameter in Add-RTTicketAttachment has correct Mandatory value">
                    <results>
                      <test-case description="help for Comment parameter in Add-RTTicketAttachment has correct Mandatory value" name="Test help for Add-RTTicketAttachment.Test parameter help for Add-RTTicketAttachment.help for Comment parameter in Add-RTTicketAttachment has correct Mandatory value(&quot;False&quot;,@{name=Comment; description=System.Management.Automation.PSObject[]; defaultValue=Attachment uploaded via RTShell.; parameterValue=String; type=@{name=String}; required=false; globbing=false; pipelineInput=false; position=3})" time="0.0007" asserts="0" success="True" result="Success" executed="True" />
                      <test-case description="help for Confirm parameter in Add-RTTicketAttachment has correct Mandatory value" name="Test help for Add-RTTicketAttachment.Test parameter help for Add-RTTicketAttachment.help for Confirm parameter in Add-RTTicketAttachment has correct Mandatory value" time="0.0007" asserts="0" success="True" result="Success" executed="True" />
                      <test-case description="help for Force parameter in Add-RTTicketAttachment has correct Mandatory value" name="Test help for Add-RTTicketAttachment.Test parameter help for Add-RTTicketAttachment.help for Force parameter in Add-RTTicketAttachment has correct Mandatory value" time="0.003" asserts="0" success="True" result="Success" executed="True" />
                      <test-case description="help for Id parameter in Add-RTTicketAttachment has correct Mandatory value" name="Test help for Add-RTTicketAttachment.Test parameter help for Add-RTTicketAttachment.help for Id parameter in Add-RTTicketAttachment has correct Mandatory value" time="0.0007" asserts="0" success="True" result="Success" executed="True" />
                      <test-case description="help for PassThru parameter in Add-RTTicketAttachment has correct Mandatory value" name="Test help for Add-RTTicketAttachment.Test parameter help for Add-RTTicketAttachment.help for PassThru parameter in Add-RTTicketAttachment has correct Mandatory value" time="0.0029" asserts="0" success="True" result="Success" executed="True" />
                      <test-case description="help for Path parameter in Add-RTTicketAttachment has correct Mandatory value" name="Test help for Add-RTTicketAttachment.Test parameter help for Add-RTTicketAttachment.help for Path parameter in Add-RTTicketAttachment has correct Mandatory value" time="0.0007" asserts="0" success="True" result="Success" executed="True" />
                      <test-case description="help for WhatIf parameter in Add-RTTicketAttachment has correct Mandatory value" name="Test help for Add-RTTicketAttachment.Test parameter help for Add-RTTicketAttachment.help for WhatIf parameter in Add-RTTicketAttachment has correct Mandatory value" time="0.0008" asserts="0" success="True" result="Success" executed="True" />
                    </results>
                  </test-suite>
                  <test-suite type="ParameterizedTest" name="Test help for Add-RTTicketAttachment.Test parameter help for Add-RTTicketAttachment.finds help parameter in code: Comment" executed="True" result="Success" success="True" time="0.01" asserts="0" description="finds help parameter in code: Comment">
                    <results>
                      <test-case description="finds help parameter in code: Comment" name="Test help for Add-RTTicketAttachment.Test parameter help for Add-RTTicketAttachment.finds help parameter in code: Comment(Comment Confirm Force Id PassThru Path WhatIf,&quot;Comment&quot;)" time="0.0009" asserts="0" success="True" result="Success" executed="True" />
                      <test-case description="finds help parameter in code: Confirm" name="Test help for Add-RTTicketAttachment.Test parameter help for Add-RTTicketAttachment.finds help parameter in code: Confirm" time="0.0032" asserts="0" success="True" result="Success" executed="True" />
                      <test-case description="finds help parameter in code: Force" name="Test help for Add-RTTicketAttachment.Test parameter help for Add-RTTicketAttachment.finds help parameter in code: Force" time="0.0007" asserts="0" success="True" result="Success" executed="True" />
                      <test-case description="finds help parameter in code: Id" name="Test help for Add-RTTicketAttachment.Test parameter help for Add-RTTicketAttachment.finds help parameter in code: Id" time="0.0007" asserts="0" success="True" result="Success" executed="True" />
                      <test-case description="finds help parameter in code: PassThru" name="Test help for Add-RTTicketAttachment.Test parameter help for Add-RTTicketAttachment.finds help parameter in code: PassThru" time="0.003" asserts="0" success="True" result="Success" executed="True" />
                      <test-case description="finds help parameter in code: Path" name="Test help for Add-RTTicketAttachment.Test parameter help for Add-RTTicketAttachment.finds help parameter in code: Path" time="0.0007" asserts="0" success="True" result="Success" executed="True" />
                      <test-case description="finds help parameter in code: WhatIf" name="Test help for Add-RTTicketAttachment.Test parameter help for Add-RTTicketAttachment.finds help parameter in code: WhatIf" time="0.0007" asserts="0" success="True" result="Success" executed="True" />
                    </results>
                  </test-suite>
                </results>
              </test-suite>
              <test-suite type="ParameterizedTest" name="Test help for Add-RTTicketAttachment.should not be auto-generated" executed="True" result="Success" success="True" time="0.0009" asserts="0" description="should not be auto-generated">
                <results>
                  <test-case description="should not be auto-generated" name="Test help for Add-RTTicketAttachment.should not be auto-generated(@{examples=@{example=System.Management.Automation.PSObject[]}; returnValues=@{returnValue=@{type=@{name=None by default. With -PassThru, returns a RTShell.Ticket object.}}}; description=System.Management.Automation.PSObject[]; syntax=@{syntaxItem=@{name=Add-RTTicketAttachment; parameter=System.Management.Automation.PSObject[]}}; details=@{name=Add-RTTicketAttachment; description=System.Management.Automation.PSObject[]}; parameters=@{parameter=System.Management.Automation.PSObject[]}; xmlns:maml=http://schemas.microsoft.com/maml/2004/10; xmlns:command=http://schemas.microsoft.com/maml/dev/command/2004/10; xmlns:dev=http://schemas.microsoft.com/maml/dev/2004/10; Name=Add-RTTicketAttachment; Category=Function; Synopsis=Uploads one or more file attachments to an RT ticket.; Component=; Role=; Functionality=; ModuleName=RTShell})" time="0.0009" asserts="0" success="True" result="Success" executed="True" />
                </results>
              </test-suite>
              <test-suite type="ParameterizedTest" name="Test help for Add-RTTicketAttachment.gets description for Add-RTTicketAttachment" executed="True" result="Success" success="True" time="0.0035" asserts="0" description="gets description for Add-RTTicketAttachment">
                <results>
                  <test-case description="gets description for Add-RTTicketAttachment" name="Test help for Add-RTTicketAttachment.gets description for Add-RTTicketAttachment(@{examples=@{example=System.Management.Automation.PSObject[]}; returnValues=@{returnValue=@{type=@{name=None by default. With -PassThru, returns a RTShell.Ticket object.}}}; description=System.Management.Automation.PSObject[]; syntax=@{syntaxItem=@{name=Add-RTTicketAttachment; parameter=System.Management.Automation.PSObject[]}}; details=@{name=Add-RTTicketAttachment; description=System.Management.Automation.PSObject[]}; parameters=@{parameter=System.Management.Automation.PSObject[]}; xmlns:maml=http://schemas.microsoft.com/maml/2004/10; xmlns:command=http://schemas.microsoft.com/maml/dev/command/2004/10; xmlns:dev=http://schemas.microsoft.com/maml/dev/2004/10; Name=Add-RTTicketAttachment; Category=Function; Synopsis=Uploads one or more file attachments to an RT ticket.; Component=; Role=; Functionality=; ModuleName=RTShell})" time="0.0035" asserts="0" success="True" result="Success" executed="True" />
                </results>
              </test-suite>
              <test-suite type="ParameterizedTest" name="Test help for Add-RTTicketAttachment.gets example code from Add-RTTicketAttachment" executed="True" result="Success" success="True" time="0.0007" asserts="0" description="gets example code from Add-RTTicketAttachment">
                <results>
                  <test-case description="gets example code from Add-RTTicketAttachment" name="Test help for Add-RTTicketAttachment.gets example code from Add-RTTicketAttachment(@{examples=@{example=System.Management.Automation.PSObject[]}; returnValues=@{returnValue=@{type=@{name=None by default. With -PassThru, returns a RTShell.Ticket object.}}}; description=System.Management.Automation.PSObject[]; syntax=@{syntaxItem=@{name=Add-RTTicketAttachment; parameter=System.Management.Automation.PSObject[]}}; details=@{name=Add-RTTicketAttachment; description=System.Management.Automation.PSObject[]}; parameters=@{parameter=System.Management.Automation.PSObject[]}; xmlns:maml=http://schemas.microsoft.com/maml/2004/10; xmlns:command=http://schemas.microsoft.com/maml/dev/command/2004/10; xmlns:dev=http://schemas.microsoft.com/maml/dev/2004/10; Name=Add-RTTicketAttachment; Category=Function; Synopsis=Uploads one or more file attachments to an RT ticket.; Component=; Role=; Functionality=; ModuleName=RTShell})" time="0.0007" asserts="0" success="True" result="Success" executed="True" />
                </results>
              </test-suite>
              <test-suite type="ParameterizedTest" name="Test help for Add-RTTicketAttachment.gets example help from Add-RTTicketAttachment" executed="True" result="Failure" success="False" time="0.0019" asserts="0" description="gets example help from Add-RTTicketAttachment">
                <results>
                  <test-case description="gets example help from Add-RTTicketAttachment" name="Test help for Add-RTTicketAttachment.gets example help from Add-RTTicketAttachment(@{examples=@{example=System.Management.Automation.PSObject[]}; returnValues=@{returnValue=@{type=@{name=None by default. With -PassThru, returns a RTShell.Ticket object.}}}; description=System.Management.Automation.PSObject[]; syntax=@{syntaxItem=@{name=Add-RTTicketAttachment; parameter=System.Management.Automation.PSObject[]}}; details=@{name=Add-RTTicketAttachment; description=System.Management.Automation.PSObject[]}; parameters=@{parameter=System.Management.Automation.PSObject[]}; xmlns:maml=http://schemas.microsoft.com/maml/2004/10; xmlns:command=http://schemas.microsoft.com/maml/dev/command/2004/10; xmlns:dev=http://schemas.microsoft.com/maml/dev/2004/10; Name=Add-RTTicketAttachment; Category=Function; Synopsis=Uploads one or more file attachments to an RT ticket.; Component=; Role=; Functionality=; ModuleName=RTShell})" time="0.0019" asserts="0" success="False" result="Failure" executed="True">
                    <failure>
                      <message>Expected a value, but got $null or empty.</message>
                      <stack-trace>at ($Help.Examples.Example.Remarks | Select-Object -First 1).Text | Should -Not -BeNullOrEmpty, /Users/jkd119/repos/prod/RTShell/RTShell/tests/general/Help.Tests.ps1:92
at &lt;ScriptBlock&gt;, /Users/jkd119/repos/prod/RTShell/RTShell/tests/general/Help.Tests.ps1:92</stack-trace>
                    </failure>
                  </test-case>
                </results>
              </test-suite>
            </results>
          </test-suite>
          <test-suite type="TestFixture" name="Test help for Add-RTTicketComment" executed="True" result="Failure" success="False" time="0.095" asserts="0" description="Test help for Add-RTTicketComment">
            <results>
              <test-suite type="TestFixture" name="Test help for Add-RTTicketComment.Test parameter help for Add-RTTicketComment" executed="True" result="Failure" success="False" time="0.049" asserts="0" description="Test help for Add-RTTicketComment.Test parameter help for Add-RTTicketComment">
                <results>
                  <test-suite type="ParameterizedTest" name="Test help for Add-RTTicketComment.Test parameter help for Add-RTTicketComment.gets help for parameter: Body : in Add-RTTicketComment" executed="True" result="Failure" success="False" time="0.0158" asserts="0" description="gets help for parameter: Body : in Add-RTTicketComment">
                    <results>
                      <test-case description="gets help for parameter: Body : in Add-RTTicketComment" name="Test help for Add-RTTicketComment.Test parameter help for Add-RTTicketComment.gets help for parameter: Body : in Add-RTTicketComment(@{name=Body; description=System.Management.Automation.PSObject[]; defaultValue=; parameterValue=String; type=@{name=String}; required=true; globbing=false; pipelineInput=true (ByValue, ByPropertyName); position=named})" time="0.0031" asserts="0" success="True" result="Success" executed="True" />
                      <test-case description="gets help for parameter: Confirm : in Add-RTTicketComment" name="Test help for Add-RTTicketComment.Test parameter help for Add-RTTicketComment.gets help for parameter: Confirm : in Add-RTTicketComment" time="0.002" asserts="0" success="False" result="Failure" executed="True">
                        <failure>
                          <message>Expected a value, but got $null or empty.</message>
                          <stack-trace>at $parameterHelp.Description.Text | Should -Not -BeNullOrEmpty, /Users/jkd119/repos/prod/RTShell/RTShell/tests/general/Help.Tests.ps1:108
at &lt;ScriptBlock&gt;, /Users/jkd119/repos/prod/RTShell/RTShell/tests/general/Help.Tests.ps1:108</stack-trace>
                        </failure>
                      </test-case>
                      <test-case description="gets help for parameter: Force : in Add-RTTicketComment" name="Test help for Add-RTTicketComment.Test parameter help for Add-RTTicketComment.gets help for parameter: Force : in Add-RTTicketComment" time="0.0007" asserts="0" success="True" result="Success" executed="True" />
                      <test-case description="gets help for parameter: Id : in Add-RTTicketComment" name="Test help for Add-RTTicketComment.Test parameter help for Add-RTTicketComment.gets help for parameter: Id : in Add-RTTicketComment" time="0.0006" asserts="0" success="True" result="Success" executed="True" />
                      <test-case description="gets help for parameter: PassThru : in Add-RTTicketComment" name="Test help for Add-RTTicketComment.Test parameter help for Add-RTTicketComment.gets help for parameter: PassThru : in Add-RTTicketComment" time="0.0006" asserts="0" success="True" result="Success" executed="True" />
                      <test-case description="gets help for parameter: TemplateName : in Add-RTTicketComment" name="Test help for Add-RTTicketComment.Test parameter help for Add-RTTicketComment.gets help for parameter: TemplateName : in Add-RTTicketComment" time="0.0031" asserts="0" success="True" result="Success" executed="True" />
                      <test-case description="gets help for parameter: TemplateValues : in Add-RTTicketComment" name="Test help for Add-RTTicketComment.Test parameter help for Add-RTTicketComment.gets help for parameter: TemplateValues : in Add-RTTicketComment" time="0.0006" asserts="0" success="True" result="Success" executed="True" />
                      <test-case description="gets help for parameter: WhatIf : in Add-RTTicketComment" name="Test help for Add-RTTicketComment.Test parameter help for Add-RTTicketComment.gets help for parameter: WhatIf : in Add-RTTicketComment" time="0.005" asserts="0" success="False" result="Failure" executed="True">
                        <failure>
                          <message>Expected a value, but got $null or empty.</message>
                          <stack-trace>at $parameterHelp.Description.Text | Should -Not -BeNullOrEmpty, /Users/jkd119/repos/prod/RTShell/RTShell/tests/general/Help.Tests.ps1:108
at &lt;ScriptBlock&gt;, /Users/jkd119/repos/prod/RTShell/RTShell/tests/general/Help.Tests.ps1:108</stack-trace>
                        </failure>
                      </test-case>
                    </results>
                  </test-suite>
                  <test-suite type="ParameterizedTest" name="Test help for Add-RTTicketComment.Test parameter help for Add-RTTicketComment.help for Body parameter in Add-RTTicketComment has correct Mandatory value" executed="True" result="Success" success="True" time="0.0083" asserts="0" description="help for Body parameter in Add-RTTicketComment has correct Mandatory value">
                    <results>
                      <test-case description="help for Body parameter in Add-RTTicketComment has correct Mandatory value" name="Test help for Add-RTTicketComment.Test parameter help for Add-RTTicketComment.help for Body parameter in Add-RTTicketComment has correct Mandatory value(&quot;True&quot;,@{name=Body; description=System.Management.Automation.PSObject[]; defaultValue=; parameterValue=String; type=@{name=String}; required=true; globbing=false; pipelineInput=true (ByValue, ByPropertyName); position=named})" time="0.0008" asserts="0" success="True" result="Success" executed="True" />
                      <test-case description="help for Confirm parameter in Add-RTTicketComment has correct Mandatory value" name="Test help for Add-RTTicketComment.Test parameter help for Add-RTTicketComment.help for Confirm parameter in Add-RTTicketComment has correct Mandatory value" time="0.0033" asserts="0" success="True" result="Success" executed="True" />
                      <test-case description="help for Force parameter in Add-RTTicketComment has correct Mandatory value" name="Test help for Add-RTTicketComment.Test parameter help for Add-RTTicketComment.help for Force parameter in Add-RTTicketComment has correct Mandatory value" time="0.0006" asserts="0" success="True" result="Success" executed="True" />
                      <test-case description="help for Id parameter in Add-RTTicketComment has correct Mandatory value" name="Test help for Add-RTTicketComment.Test parameter help for Add-RTTicketComment.help for Id parameter in Add-RTTicketComment has correct Mandatory value" time="0.0007" asserts="0" success="True" result="Success" executed="True" />
                      <test-case description="help for PassThru parameter in Add-RTTicketComment has correct Mandatory value" name="Test help for Add-RTTicketComment.Test parameter help for Add-RTTicketComment.help for PassThru parameter in Add-RTTicketComment has correct Mandatory value" time="0.0007" asserts="0" success="True" result="Success" executed="True" />
                      <test-case description="help for TemplateName parameter in Add-RTTicketComment has correct Mandatory value" name="Test help for Add-RTTicketComment.Test parameter help for Add-RTTicketComment.help for TemplateName parameter in Add-RTTicketComment has correct Mandatory value" time="0.0007" asserts="0" success="True" result="Success" executed="True" />
                      <test-case description="help for TemplateValues parameter in Add-RTTicketComment has correct Mandatory value" name="Test help for Add-RTTicketComment.Test parameter help for Add-RTTicketComment.help for TemplateValues parameter in Add-RTTicketComment has correct Mandatory value" time="0.0006" asserts="0" success="True" result="Success" executed="True" />
                      <test-case description="help for WhatIf parameter in Add-RTTicketComment has correct Mandatory value" name="Test help for Add-RTTicketComment.Test parameter help for Add-RTTicketComment.help for WhatIf parameter in Add-RTTicketComment has correct Mandatory value" time="0.0009" asserts="0" success="True" result="Success" executed="True" />
                    </results>
                  </test-suite>
                  <test-suite type="ParameterizedTest" name="Test help for Add-RTTicketComment.Test parameter help for Add-RTTicketComment.finds help parameter in code: Body" executed="True" result="Success" success="True" time="0.015" asserts="0" description="finds help parameter in code: Body">
                    <results>
                      <test-case description="finds help parameter in code: Body" name="Test help for Add-RTTicketComment.Test parameter help for Add-RTTicketComment.finds help parameter in code: Body(Body Confirm Force Id PassThru TemplateName TemplateValues WhatIf,&quot;Body&quot;)" time="0.0037" asserts="0" success="True" result="Success" executed="True" />
                      <test-case description="finds help parameter in code: Confirm" name="Test help for Add-RTTicketComment.Test parameter help for Add-RTTicketComment.finds help parameter in code: Confirm" time="0.0009" asserts="0" success="True" result="Success" executed="True" />
                      <test-case description="finds help parameter in code: Force" name="Test help for Add-RTTicketComment.Test parameter help for Add-RTTicketComment.finds help parameter in code: Force" time="0.0008" asserts="0" success="True" result="Success" executed="True" />
                      <test-case description="finds help parameter in code: Id" name="Test help for Add-RTTicketComment.Test parameter help for Add-RTTicketComment.finds help parameter in code: Id" time="0.0035" asserts="0" success="True" result="Success" executed="True" />
                      <test-case description="finds help parameter in code: PassThru" name="Test help for Add-RTTicketComment.Test parameter help for Add-RTTicketComment.finds help parameter in code: PassThru" time="0.0008" asserts="0" success="True" result="Success" executed="True" />
                      <test-case description="finds help parameter in code: TemplateName" name="Test help for Add-RTTicketComment.Test parameter help for Add-RTTicketComment.finds help parameter in code: TemplateName" time="0.0008" asserts="0" success="True" result="Success" executed="True" />
                      <test-case description="finds help parameter in code: TemplateValues" name="Test help for Add-RTTicketComment.Test parameter help for Add-RTTicketComment.finds help parameter in code: TemplateValues" time="0.0036" asserts="0" success="True" result="Success" executed="True" />
                      <test-case description="finds help parameter in code: WhatIf" name="Test help for Add-RTTicketComment.Test parameter help for Add-RTTicketComment.finds help parameter in code: WhatIf" time="0.0009" asserts="0" success="True" result="Success" executed="True" />
                    </results>
                  </test-suite>
                </results>
              </test-suite>
              <test-suite type="ParameterizedTest" name="Test help for Add-RTTicketComment.should not be auto-generated" executed="True" result="Success" success="True" time="0.0007" asserts="0" description="should not be auto-generated">
                <results>
                  <test-case description="should not be auto-generated" name="Test help for Add-RTTicketComment.should not be auto-generated(@{examples=@{example=System.Management.Automation.PSObject[]}; returnValues=@{returnValue=@{type=@{name=None by default. With -PassThru, returns a RTShell.Ticket object.}}}; description=System.Management.Automation.PSObject[]; syntax=@{syntaxItem=System.Management.Automation.PSObject[]}; details=@{name=Add-RTTicketComment; description=System.Management.Automation.PSObject[]}; parameters=@{parameter=System.Management.Automation.PSObject[]}; xmlns:maml=http://schemas.microsoft.com/maml/2004/10; xmlns:command=http://schemas.microsoft.com/maml/dev/command/2004/10; xmlns:dev=http://schemas.microsoft.com/maml/dev/2004/10; Name=Add-RTTicketComment; Category=Function; Synopsis=Adds an internal comment to an RT ticket.; Component=; Role=; Functionality=; ModuleName=RTShell})" time="0.0007" asserts="0" success="True" result="Success" executed="True" />
                </results>
              </test-suite>
              <test-suite type="ParameterizedTest" name="Test help for Add-RTTicketComment.gets description for Add-RTTicketComment" executed="True" result="Success" success="True" time="0.0007" asserts="0" description="gets description for Add-RTTicketComment">
                <results>
                  <test-case description="gets description for Add-RTTicketComment" name="Test help for Add-RTTicketComment.gets description for Add-RTTicketComment(@{examples=@{example=System.Management.Automation.PSObject[]}; returnValues=@{returnValue=@{type=@{name=None by default. With -PassThru, returns a RTShell.Ticket object.}}}; description=System.Management.Automation.PSObject[]; syntax=@{syntaxItem=System.Management.Automation.PSObject[]}; details=@{name=Add-RTTicketComment; description=System.Management.Automation.PSObject[]}; parameters=@{parameter=System.Management.Automation.PSObject[]}; xmlns:maml=http://schemas.microsoft.com/maml/2004/10; xmlns:command=http://schemas.microsoft.com/maml/dev/command/2004/10; xmlns:dev=http://schemas.microsoft.com/maml/dev/2004/10; Name=Add-RTTicketComment; Category=Function; Synopsis=Adds an internal comment to an RT ticket.; Component=; Role=; Functionality=; ModuleName=RTShell})" time="0.0007" asserts="0" success="True" result="Success" executed="True" />
                </results>
              </test-suite>
              <test-suite type="ParameterizedTest" name="Test help for Add-RTTicketComment.gets example code from Add-RTTicketComment" executed="True" result="Success" success="True" time="0.003" asserts="0" description="gets example code from Add-RTTicketComment">
                <results>
                  <test-case description="gets example code from Add-RTTicketComment" name="Test help for Add-RTTicketComment.gets example code from Add-RTTicketComment(@{examples=@{example=System.Management.Automation.PSObject[]}; returnValues=@{returnValue=@{type=@{name=None by default. With -PassThru, returns a RTShell.Ticket object.}}}; description=System.Management.Automation.PSObject[]; syntax=@{syntaxItem=System.Management.Automation.PSObject[]}; details=@{name=Add-RTTicketComment; description=System.Management.Automation.PSObject[]}; parameters=@{parameter=System.Management.Automation.PSObject[]}; xmlns:maml=http://schemas.microsoft.com/maml/2004/10; xmlns:command=http://schemas.microsoft.com/maml/dev/command/2004/10; xmlns:dev=http://schemas.microsoft.com/maml/dev/2004/10; Name=Add-RTTicketComment; Category=Function; Synopsis=Adds an internal comment to an RT ticket.; Component=; Role=; Functionality=; ModuleName=RTShell})" time="0.003" asserts="0" success="True" result="Success" executed="True" />
                </results>
              </test-suite>
              <test-suite type="ParameterizedTest" name="Test help for Add-RTTicketComment.gets example help from Add-RTTicketComment" executed="True" result="Failure" success="False" time="0.0019" asserts="0" description="gets example help from Add-RTTicketComment">
                <results>
                  <test-case description="gets example help from Add-RTTicketComment" name="Test help for Add-RTTicketComment.gets example help from Add-RTTicketComment(@{examples=@{example=System.Management.Automation.PSObject[]}; returnValues=@{returnValue=@{type=@{name=None by default. With -PassThru, returns a RTShell.Ticket object.}}}; description=System.Management.Automation.PSObject[]; syntax=@{syntaxItem=System.Management.Automation.PSObject[]}; details=@{name=Add-RTTicketComment; description=System.Management.Automation.PSObject[]}; parameters=@{parameter=System.Management.Automation.PSObject[]}; xmlns:maml=http://schemas.microsoft.com/maml/2004/10; xmlns:command=http://schemas.microsoft.com/maml/dev/command/2004/10; xmlns:dev=http://schemas.microsoft.com/maml/dev/2004/10; Name=Add-RTTicketComment; Category=Function; Synopsis=Adds an internal comment to an RT ticket.; Component=; Role=; Functionality=; ModuleName=RTShell})" time="0.0019" asserts="0" success="False" result="Failure" executed="True">
                    <failure>
                      <message>Expected a value, but got $null or empty.</message>
                      <stack-trace>at ($Help.Examples.Example.Remarks | Select-Object -First 1).Text | Should -Not -BeNullOrEmpty, /Users/jkd119/repos/prod/RTShell/RTShell/tests/general/Help.Tests.ps1:92
at &lt;ScriptBlock&gt;, /Users/jkd119/repos/prod/RTShell/RTShell/tests/general/Help.Tests.ps1:92</stack-trace>
                    </failure>
                  </test-case>
                </results>
              </test-suite>
            </results>
          </test-suite>
          <test-suite type="TestFixture" name="Test help for Add-RTTicketReply" executed="True" result="Failure" success="False" time="0.1493" asserts="0" description="Test help for Add-RTTicketReply">
            <results>
              <test-suite type="TestFixture" name="Test help for Add-RTTicketReply.Test parameter help for Add-RTTicketReply" executed="True" result="Failure" success="False" time="0.0536" asserts="0" description="Test help for Add-RTTicketReply.Test parameter help for Add-RTTicketReply">
                <results>
                  <test-suite type="ParameterizedTest" name="Test help for Add-RTTicketReply.Test parameter help for Add-RTTicketReply.gets help for parameter: Body : in Add-RTTicketReply" executed="True" result="Failure" success="False" time="0.0159" asserts="0" description="gets help for parameter: Body : in Add-RTTicketReply">
                    <results>
                      <test-case description="gets help for parameter: Body : in Add-RTTicketReply" name="Test help for Add-RTTicketReply.Test parameter help for Add-RTTicketReply.gets help for parameter: Body : in Add-RTTicketReply(@{name=Body; description=System.Management.Automation.PSObject[]; defaultValue=; parameterValue=String; type=@{name=String}; required=true; globbing=false; pipelineInput=true (ByValue, ByPropertyName); position=named})" time="0.0008" asserts="0" success="True" result="Success" executed="True" />
                      <test-case description="gets help for parameter: Cc : in Add-RTTicketReply" name="Test help for Add-RTTicketReply.Test parameter help for Add-RTTicketReply.gets help for parameter: Cc : in Add-RTTicketReply" time="0.0031" asserts="0" success="True" result="Success" executed="True" />
                      <test-case description="gets help for parameter: Confirm : in Add-RTTicketReply" name="Test help for Add-RTTicketReply.Test parameter help for Add-RTTicketReply.gets help for parameter: Confirm : in Add-RTTicketReply" time="0.0043" asserts="0" success="False" result="Failure" executed="True">
                        <failure>
                          <message>Expected a value, but got $null or empty.</message>
                          <stack-trace>at $parameterHelp.Description.Text | Should -Not -BeNullOrEmpty, /Users/jkd119/repos/prod/RTShell/RTShell/tests/general/Help.Tests.ps1:108
at &lt;ScriptBlock&gt;, /Users/jkd119/repos/prod/RTShell/RTShell/tests/general/Help.Tests.ps1:108</stack-trace>
                        </failure>
                      </test-case>
                      <test-case description="gets help for parameter: Force : in Add-RTTicketReply" name="Test help for Add-RTTicketReply.Test parameter help for Add-RTTicketReply.gets help for parameter: Force : in Add-RTTicketReply" time="0.0006" asserts="0" success="True" result="Success" executed="True" />
                      <test-case description="gets help for parameter: Id : in Add-RTTicketReply" name="Test help for Add-RTTicketReply.Test parameter help for Add-RTTicketReply.gets help for parameter: Id : in Add-RTTicketReply" time="0.0032" asserts="0" success="True" result="Success" executed="True" />
                      <test-case description="gets help for parameter: PassThru : in Add-RTTicketReply" name="Test help for Add-RTTicketReply.Test parameter help for Add-RTTicketReply.gets help for parameter: PassThru : in Add-RTTicketReply" time="0.0006" asserts="0" success="True" result="Success" executed="True" />
                      <test-case description="gets help for parameter: TemplateName : in Add-RTTicketReply" name="Test help for Add-RTTicketReply.Test parameter help for Add-RTTicketReply.gets help for parameter: TemplateName : in Add-RTTicketReply" time="0.0007" asserts="0" success="True" result="Success" executed="True" />
                      <test-case description="gets help for parameter: TemplateValues : in Add-RTTicketReply" name="Test help for Add-RTTicketReply.Test parameter help for Add-RTTicketReply.gets help for parameter: TemplateValues : in Add-RTTicketReply" time="0.0006" asserts="0" success="True" result="Success" executed="True" />
                      <test-case description="gets help for parameter: WhatIf : in Add-RTTicketReply" name="Test help for Add-RTTicketReply.Test parameter help for Add-RTTicketReply.gets help for parameter: WhatIf : in Add-RTTicketReply" time="0.002" asserts="0" success="False" result="Failure" executed="True">
                        <failure>
                          <message>Expected a value, but got $null or empty.</message>
                          <stack-trace>at $parameterHelp.Description.Text | Should -Not -BeNullOrEmpty, /Users/jkd119/repos/prod/RTShell/RTShell/tests/general/Help.Tests.ps1:108
at &lt;ScriptBlock&gt;, /Users/jkd119/repos/prod/RTShell/RTShell/tests/general/Help.Tests.ps1:108</stack-trace>
                        </failure>
                      </test-case>
                    </results>
                  </test-suite>
                  <test-suite type="ParameterizedTest" name="Test help for Add-RTTicketReply.Test parameter help for Add-RTTicketReply.help for Body parameter in Add-RTTicketReply has correct Mandatory value" executed="True" result="Success" success="True" time="0.0087" asserts="0" description="help for Body parameter in Add-RTTicketReply has correct Mandatory value">
                    <results>
                      <test-case description="help for Body parameter in Add-RTTicketReply has correct Mandatory value" name="Test help for Add-RTTicketReply.Test parameter help for Add-RTTicketReply.help for Body parameter in Add-RTTicketReply has correct Mandatory value(&quot;True&quot;,@{name=Body; description=System.Management.Automation.PSObject[]; defaultValue=; parameterValue=String; type=@{name=String}; required=true; globbing=false; pipelineInput=true (ByValue, ByPropertyName); position=named})" time="0.0007" asserts="0" success="True" result="Success" executed="True" />
                      <test-case description="help for Cc parameter in Add-RTTicketReply has correct Mandatory value" name="Test help for Add-RTTicketReply.Test parameter help for Add-RTTicketReply.help for Cc parameter in Add-RTTicketReply has correct Mandatory value" time="0.0007" asserts="0" success="True" result="Success" executed="True" />
                      <test-case description="help for Confirm parameter in Add-RTTicketReply has correct Mandatory value" name="Test help for Add-RTTicketReply.Test parameter help for Add-RTTicketReply.help for Confirm parameter in Add-RTTicketReply has correct Mandatory value" time="0.0008" asserts="0" success="True" result="Success" executed="True" />
                      <test-case description="help for Force parameter in Add-RTTicketReply has correct Mandatory value" name="Test help for Add-RTTicketReply.Test parameter help for Add-RTTicketReply.help for Force parameter in Add-RTTicketReply has correct Mandatory value" time="0.0006" asserts="0" success="True" result="Success" executed="True" />
                      <test-case description="help for Id parameter in Add-RTTicketReply has correct Mandatory value" name="Test help for Add-RTTicketReply.Test parameter help for Add-RTTicketReply.help for Id parameter in Add-RTTicketReply has correct Mandatory value" time="0.0007" asserts="0" success="True" result="Success" executed="True" />
                      <test-case description="help for PassThru parameter in Add-RTTicketReply has correct Mandatory value" name="Test help for Add-RTTicketReply.Test parameter help for Add-RTTicketReply.help for PassThru parameter in Add-RTTicketReply has correct Mandatory value" time="0.0006" asserts="0" success="True" result="Success" executed="True" />
                      <test-case description="help for TemplateName parameter in Add-RTTicketReply has correct Mandatory value" name="Test help for Add-RTTicketReply.Test parameter help for Add-RTTicketReply.help for TemplateName parameter in Add-RTTicketReply has correct Mandatory value" time="0.0006" asserts="0" success="True" result="Success" executed="True" />
                      <test-case description="help for TemplateValues parameter in Add-RTTicketReply has correct Mandatory value" name="Test help for Add-RTTicketReply.Test parameter help for Add-RTTicketReply.help for TemplateValues parameter in Add-RTTicketReply has correct Mandatory value" time="0.0033" asserts="0" success="True" result="Success" executed="True" />
                      <test-case description="help for WhatIf parameter in Add-RTTicketReply has correct Mandatory value" name="Test help for Add-RTTicketReply.Test parameter help for Add-RTTicketReply.help for WhatIf parameter in Add-RTTicketReply has correct Mandatory value" time="0.0008" asserts="0" success="True" result="Success" executed="True" />
                    </results>
                  </test-suite>
                  <test-suite type="ParameterizedTest" name="Test help for Add-RTTicketReply.Test parameter help for Add-RTTicketReply.finds help parameter in code: Body" executed="True" result="Success" success="True" time="0.0143" asserts="0" description="finds help parameter in code: Body">
                    <results>
                      <test-case description="finds help parameter in code: Body" name="Test help for Add-RTTicketReply.Test parameter help for Add-RTTicketReply.finds help parameter in code: Body(Body Cc Confirm Force Id PassThru TemplateName TemplateValues WhatIf,&quot;Body&quot;)" time="0.0035" asserts="0" success="True" result="Success" executed="True" />
                      <test-case description="finds help parameter in code: Cc" name="Test help for Add-RTTicketReply.Test parameter help for Add-RTTicketReply.finds help parameter in code: Cc" time="0.0008" asserts="0" success="True" result="Success" executed="True" />
                      <test-case description="finds help parameter in code: Confirm" name="Test help for Add-RTTicketReply.Test parameter help for Add-RTTicketReply.finds help parameter in code: Confirm" time="0.0007" asserts="0" success="True" result="Success" executed="True" />
                      <test-case description="finds help parameter in code: Force" name="Test help for Add-RTTicketReply.Test parameter help for Add-RTTicketReply.finds help parameter in code: Force" time="0.0032" asserts="0" success="True" result="Success" executed="True" />
                      <test-case description="finds help parameter in code: Id" name="Test help for Add-RTTicketReply.Test parameter help for Add-RTTicketReply.finds help parameter in code: Id" time="0.0007" asserts="0" success="True" result="Success" executed="True" />
                      <test-case description="finds help parameter in code: PassThru" name="Test help for Add-RTTicketReply.Test parameter help for Add-RTTicketReply.finds help parameter in code: PassThru" time="0.0007" asserts="0" success="True" result="Success" executed="True" />
                      <test-case description="finds help parameter in code: TemplateName" name="Test help for Add-RTTicketReply.Test parameter help for Add-RTTicketReply.finds help parameter in code: TemplateName" time="0.0032" asserts="0" success="True" result="Success" executed="True" />
                      <test-case description="finds help parameter in code: TemplateValues" name="Test help for Add-RTTicketReply.Test parameter help for Add-RTTicketReply.finds help parameter in code: TemplateValues" time="0.0007" asserts="0" success="True" result="Success" executed="True" />
                      <test-case description="finds help parameter in code: WhatIf" name="Test help for Add-RTTicketReply.Test parameter help for Add-RTTicketReply.finds help parameter in code: WhatIf" time="0.0007" asserts="0" success="True" result="Success" executed="True" />
                    </results>
                  </test-suite>
                </results>
              </test-suite>
              <test-suite type="ParameterizedTest" name="Test help for Add-RTTicketReply.should not be auto-generated" executed="True" result="Success" success="True" time="0.003" asserts="0" description="should not be auto-generated">
                <results>
                  <test-case description="should not be auto-generated" name="Test help for Add-RTTicketReply.should not be auto-generated(@{examples=@{example=System.Management.Automation.PSObject[]}; returnValues=@{returnValue=@{type=@{name=None by default. With -PassThru, returns a RTShell.Ticket object.}}}; description=System.Management.Automation.PSObject[]; syntax=@{syntaxItem=System.Management.Automation.PSObject[]}; details=@{name=Add-RTTicketReply; description=System.Management.Automation.PSObject[]}; parameters=@{parameter=System.Management.Automation.PSObject[]}; xmlns:maml=http://schemas.microsoft.com/maml/2004/10; xmlns:command=http://schemas.microsoft.com/maml/dev/command/2004/10; xmlns:dev=http://schemas.microsoft.com/maml/dev/2004/10; Name=Add-RTTicketReply; Category=Function; Synopsis=Sends a reply (outbound correspondence) on an RT ticket.; Component=; Role=; Functionality=; ModuleName=RTShell})" time="0.003" asserts="0" success="True" result="Success" executed="True" />
                </results>
              </test-suite>
              <test-suite type="ParameterizedTest" name="Test help for Add-RTTicketReply.gets description for Add-RTTicketReply" executed="True" result="Success" success="True" time="0.0007" asserts="0" description="gets description for Add-RTTicketReply">
                <results>
                  <test-case description="gets description for Add-RTTicketReply" name="Test help for Add-RTTicketReply.gets description for Add-RTTicketReply(@{examples=@{example=System.Management.Automation.PSObject[]}; returnValues=@{returnValue=@{type=@{name=None by default. With -PassThru, returns a RTShell.Ticket object.}}}; description=System.Management.Automation.PSObject[]; syntax=@{syntaxItem=System.Management.Automation.PSObject[]}; details=@{name=Add-RTTicketReply; description=System.Management.Automation.PSObject[]}; parameters=@{parameter=System.Management.Automation.PSObject[]}; xmlns:maml=http://schemas.microsoft.com/maml/2004/10; xmlns:command=http://schemas.microsoft.com/maml/dev/command/2004/10; xmlns:dev=http://schemas.microsoft.com/maml/dev/2004/10; Name=Add-RTTicketReply; Category=Function; Synopsis=Sends a reply (outbound correspondence) on an RT ticket.; Component=; Role=; Functionality=; ModuleName=RTShell})" time="0.0007" asserts="0" success="True" result="Success" executed="True" />
                </results>
              </test-suite>
              <test-suite type="ParameterizedTest" name="Test help for Add-RTTicketReply.gets example code from Add-RTTicketReply" executed="True" result="Success" success="True" time="0.0007" asserts="0" description="gets example code from Add-RTTicketReply">
                <results>
                  <test-case description="gets example code from Add-RTTicketReply" name="Test help for Add-RTTicketReply.gets example code from Add-RTTicketReply(@{examples=@{example=System.Management.Automation.PSObject[]}; returnValues=@{returnValue=@{type=@{name=None by default. With -PassThru, returns a RTShell.Ticket object.}}}; description=System.Management.Automation.PSObject[]; syntax=@{syntaxItem=System.Management.Automation.PSObject[]}; details=@{name=Add-RTTicketReply; description=System.Management.Automation.PSObject[]}; parameters=@{parameter=System.Management.Automation.PSObject[]}; xmlns:maml=http://schemas.microsoft.com/maml/2004/10; xmlns:command=http://schemas.microsoft.com/maml/dev/command/2004/10; xmlns:dev=http://schemas.microsoft.com/maml/dev/2004/10; Name=Add-RTTicketReply; Category=Function; Synopsis=Sends a reply (outbound correspondence) on an RT ticket.; Component=; Role=; Functionality=; ModuleName=RTShell})" time="0.0007" asserts="0" success="True" result="Success" executed="True" />
                </results>
              </test-suite>
              <test-suite type="ParameterizedTest" name="Test help for Add-RTTicketReply.gets example help from Add-RTTicketReply" executed="True" result="Failure" success="False" time="0.0043" asserts="0" description="gets example help from Add-RTTicketReply">
                <results>
                  <test-case description="gets example help from Add-RTTicketReply" name="Test help for Add-RTTicketReply.gets example help from Add-RTTicketReply(@{examples=@{example=System.Management.Automation.PSObject[]}; returnValues=@{returnValue=@{type=@{name=None by default. With -PassThru, returns a RTShell.Ticket object.}}}; description=System.Management.Automation.PSObject[]; syntax=@{syntaxItem=System.Management.Automation.PSObject[]}; details=@{name=Add-RTTicketReply; description=System.Management.Automation.PSObject[]}; parameters=@{parameter=System.Management.Automation.PSObject[]}; xmlns:maml=http://schemas.microsoft.com/maml/2004/10; xmlns:command=http://schemas.microsoft.com/maml/dev/command/2004/10; xmlns:dev=http://schemas.microsoft.com/maml/dev/2004/10; Name=Add-RTTicketReply; Category=Function; Synopsis=Sends a reply (outbound correspondence) on an RT ticket.; Component=; Role=; Functionality=; ModuleName=RTShell})" time="0.0043" asserts="0" success="False" result="Failure" executed="True">
                    <failure>
                      <message>Expected a value, but got $null or empty.</message>
                      <stack-trace>at ($Help.Examples.Example.Remarks | Select-Object -First 1).Text | Should -Not -BeNullOrEmpty, /Users/jkd119/repos/prod/RTShell/RTShell/tests/general/Help.Tests.ps1:92
at &lt;ScriptBlock&gt;, /Users/jkd119/repos/prod/RTShell/RTShell/tests/general/Help.Tests.ps1:92</stack-trace>
                    </failure>
                  </test-case>
                </results>
              </test-suite>
            </results>
          </test-suite>
          <test-suite type="TestFixture" name="Test help for ConvertFrom-RTLinks" executed="True" result="Failure" success="False" time="0.1653" asserts="0" description="Test help for ConvertFrom-RTLinks">
            <results>
              <test-suite type="TestFixture" name="Test help for ConvertFrom-RTLinks.Test parameter help for ConvertFrom-RTLinks" executed="True" result="Failure" success="False" time="0.0152" asserts="0" description="Test help for ConvertFrom-RTLinks.Test parameter help for ConvertFrom-RTLinks">
                <results>
                  <test-suite type="ParameterizedTest" name="Test help for ConvertFrom-RTLinks.Test parameter help for ConvertFrom-RTLinks.gets help for parameter: Url : in ConvertFrom-RTLinks" executed="True" result="Failure" success="False" time="0.0046" asserts="0" description="gets help for parameter: Url : in ConvertFrom-RTLinks">
                    <results>
                      <test-case description="gets help for parameter: Url : in ConvertFrom-RTLinks" name="Test help for ConvertFrom-RTLinks.Test parameter help for ConvertFrom-RTLinks.gets help for parameter: Url : in ConvertFrom-RTLinks(@{name=Url; defaultValue=; parameterValue=String; type=@{name=String}; required=true; globbing=false; pipelineInput=true (ByValue); position=1})" time="0.0046" asserts="0" success="False" result="Failure" executed="True">
                        <failure>
                          <message>Expected a value, but got $null or empty.</message>
                          <stack-trace>at $parameterHelp.Description.Text | Should -Not -BeNullOrEmpty, /Users/jkd119/repos/prod/RTShell/RTShell/tests/general/Help.Tests.ps1:108
at &lt;ScriptBlock&gt;, /Users/jkd119/repos/prod/RTShell/RTShell/tests/general/Help.Tests.ps1:108</stack-trace>
                        </failure>
                      </test-case>
                    </results>
                  </test-suite>
                  <test-suite type="ParameterizedTest" name="Test help for ConvertFrom-RTLinks.Test parameter help for ConvertFrom-RTLinks.help for Url parameter in ConvertFrom-RTLinks has correct Mandatory value" executed="True" result="Success" success="True" time="0.0007" asserts="0" description="help for Url parameter in ConvertFrom-RTLinks has correct Mandatory value">
                    <results>
                      <test-case description="help for Url parameter in ConvertFrom-RTLinks has correct Mandatory value" name="Test help for ConvertFrom-RTLinks.Test parameter help for ConvertFrom-RTLinks.help for Url parameter in ConvertFrom-RTLinks has correct Mandatory value(&quot;True&quot;,@{name=Url; defaultValue=; parameterValue=String; type=@{name=String}; required=true; globbing=false; pipelineInput=true (ByValue); position=1})" time="0.0007" asserts="0" success="True" result="Success" executed="True" />
                    </results>
                  </test-suite>
                  <test-suite type="ParameterizedTest" name="Test help for ConvertFrom-RTLinks.Test parameter help for ConvertFrom-RTLinks.finds help parameter in code: Url" executed="True" result="Success" success="True" time="0.0008" asserts="0" description="finds help parameter in code: Url">
                    <results>
                      <test-case description="finds help parameter in code: Url" name="Test help for ConvertFrom-RTLinks.Test parameter help for ConvertFrom-RTLinks.finds help parameter in code: Url(&quot;Url&quot;,&quot;Url&quot;)" time="0.0008" asserts="0" success="True" result="Success" executed="True" />
                    </results>
                  </test-suite>
                </results>
              </test-suite>
              <test-suite type="ParameterizedTest" name="Test help for ConvertFrom-RTLinks.should not be auto-generated" executed="True" result="Success" success="True" time="0.0007" asserts="0" description="should not be auto-generated">
                <results>
                  <test-case description="should not be auto-generated" name="Test help for ConvertFrom-RTLinks.should not be auto-generated(@{examples=@{example=@{introduction=System.Management.Automation.PSObject[]; title=-------------------------- EXAMPLE 1 --------------------------; remarks=System.Management.Automation.PSObject[]; code=# Convert a list of tickets with nested URLs into flat objects with IDs&#xA;Get-RTTickets -Queue 'Support' | ConvertFrom-RTLinks}}; returnValues=@{returnValue=@{type=@{name=PSCustomObject with '_url' fields converted to IDs where applicable.}}}; description=System.Management.Automation.PSObject[]; syntax=@{syntaxItem=@{name=ConvertFrom-RTLinks; parameter=@{name=Url; parameterValue=String; required=true; globbing=false; pipelineInput=true (ByValue); position=1}}}; details=@{name=ConvertFrom-RTLinks; description=System.Management.Automation.PSObject[]}; parameters=@{parameter=@{name=Url; defaultValue=; parameterValue=String; type=@{name=String}; required=true; globbing=false; pipelineInput=true (ByValue); position=1}}; xmlns:maml=http://schemas.microsoft.com/maml/2004/10; xmlns:command=http://schemas.microsoft.com/maml/dev/command/2004/10; xmlns:dev=http://schemas.microsoft.com/maml/dev/2004/10; Name=ConvertFrom-RTLinks; Category=Function; Synopsis=Internal helper. Flattens RT's hypermedia '_url' fields into plain IDs.; Component=; Role=; Functionality=; ModuleName=RTShell})" time="0.0007" asserts="0" success="True" result="Success" executed="True" />
                </results>
              </test-suite>
              <test-suite type="ParameterizedTest" name="Test help for ConvertFrom-RTLinks.gets description for ConvertFrom-RTLinks" executed="True" result="Success" success="True" time="0.0006" asserts="0" description="gets description for ConvertFrom-RTLinks">
                <results>
                  <test-case description="gets description for ConvertFrom-RTLinks" name="Test help for ConvertFrom-RTLinks.gets description for ConvertFrom-RTLinks(@{examples=@{example=@{introduction=System.Management.Automation.PSObject[]; title=-------------------------- EXAMPLE 1 --------------------------; remarks=System.Management.Automation.PSObject[]; code=# Convert a list of tickets with nested URLs into flat objects with IDs&#xA;Get-RTTickets -Queue 'Support' | ConvertFrom-RTLinks}}; returnValues=@{returnValue=@{type=@{name=PSCustomObject with '_url' fields converted to IDs where applicable.}}}; description=System.Management.Automation.PSObject[]; syntax=@{syntaxItem=@{name=ConvertFrom-RTLinks; parameter=@{name=Url; parameterValue=String; required=true; globbing=false; pipelineInput=true (ByValue); position=1}}}; details=@{name=ConvertFrom-RTLinks; description=System.Management.Automation.PSObject[]}; parameters=@{parameter=@{name=Url; defaultValue=; parameterValue=String; type=@{name=String}; required=true; globbing=false; pipelineInput=true (ByValue); position=1}}; xmlns:maml=http://schemas.microsoft.com/maml/2004/10; xmlns:command=http://schemas.microsoft.com/maml/dev/command/2004/10; xmlns:dev=http://schemas.microsoft.com/maml/dev/2004/10; Name=ConvertFrom-RTLinks; Category=Function; Synopsis=Internal helper. Flattens RT's hypermedia '_url' fields into plain IDs.; Component=; Role=; Functionality=; ModuleName=RTShell})" time="0.0006" asserts="0" success="True" result="Success" executed="True" />
                </results>
              </test-suite>
              <test-suite type="ParameterizedTest" name="Test help for ConvertFrom-RTLinks.gets example code from ConvertFrom-RTLinks" executed="True" result="Success" success="True" time="0.003" asserts="0" description="gets example code from ConvertFrom-RTLinks">
                <results>
                  <test-case description="gets example code from ConvertFrom-RTLinks" name="Test help for ConvertFrom-RTLinks.gets example code from ConvertFrom-RTLinks(@{examples=@{example=@{introduction=System.Management.Automation.PSObject[]; title=-------------------------- EXAMPLE 1 --------------------------; remarks=System.Management.Automation.PSObject[]; code=# Convert a list of tickets with nested URLs into flat objects with IDs&#xA;Get-RTTickets -Queue 'Support' | ConvertFrom-RTLinks}}; returnValues=@{returnValue=@{type=@{name=PSCustomObject with '_url' fields converted to IDs where applicable.}}}; description=System.Management.Automation.PSObject[]; syntax=@{syntaxItem=@{name=ConvertFrom-RTLinks; parameter=@{name=Url; parameterValue=String; required=true; globbing=false; pipelineInput=true (ByValue); position=1}}}; details=@{name=ConvertFrom-RTLinks; description=System.Management.Automation.PSObject[]}; parameters=@{parameter=@{name=Url; defaultValue=; parameterValue=String; type=@{name=String}; required=true; globbing=false; pipelineInput=true (ByValue); position=1}}; xmlns:maml=http://schemas.microsoft.com/maml/2004/10; xmlns:command=http://schemas.microsoft.com/maml/dev/command/2004/10; xmlns:dev=http://schemas.microsoft.com/maml/dev/2004/10; Name=ConvertFrom-RTLinks; Category=Function; Synopsis=Internal helper. Flattens RT's hypermedia '_url' fields into plain IDs.; Component=; Role=; Functionality=; ModuleName=RTShell})" time="0.003" asserts="0" success="True" result="Success" executed="True" />
                </results>
              </test-suite>
              <test-suite type="ParameterizedTest" name="Test help for ConvertFrom-RTLinks.gets example help from ConvertFrom-RTLinks" executed="True" result="Failure" success="False" time="0.0018" asserts="0" description="gets example help from ConvertFrom-RTLinks">
                <results>
                  <test-case description="gets example help from ConvertFrom-RTLinks" name="Test help for ConvertFrom-RTLinks.gets example help from ConvertFrom-RTLinks(@{examples=@{example=@{introduction=System.Management.Automation.PSObject[]; title=-------------------------- EXAMPLE 1 --------------------------; remarks=System.Management.Automation.PSObject[]; code=# Convert a list of tickets with nested URLs into flat objects with IDs&#xA;Get-RTTickets -Queue 'Support' | ConvertFrom-RTLinks}}; returnValues=@{returnValue=@{type=@{name=PSCustomObject with '_url' fields converted to IDs where applicable.}}}; description=System.Management.Automation.PSObject[]; syntax=@{syntaxItem=@{name=ConvertFrom-RTLinks; parameter=@{name=Url; parameterValue=String; required=true; globbing=false; pipelineInput=true (ByValue); position=1}}}; details=@{name=ConvertFrom-RTLinks; description=System.Management.Automation.PSObject[]}; parameters=@{parameter=@{name=Url; defaultValue=; parameterValue=String; type=@{name=String}; required=true; globbing=false; pipelineInput=true (ByValue); position=1}}; xmlns:maml=http://schemas.microsoft.com/maml/2004/10; xmlns:command=http://schemas.microsoft.com/maml/dev/command/2004/10; xmlns:dev=http://schemas.microsoft.com/maml/dev/2004/10; Name=ConvertFrom-RTLinks; Category=Function; Synopsis=Internal helper. Flattens RT's hypermedia '_url' fields into plain IDs.; Component=; Role=; Functionality=; ModuleName=RTShell})" time="0.0018" asserts="0" success="False" result="Failure" executed="True">
                    <failure>
                      <message>Expected a value, but got $null or empty.</message>
                      <stack-trace>at ($Help.Examples.Example.Remarks | Select-Object -First 1).Text | Should -Not -BeNullOrEmpty, /Users/jkd119/repos/prod/RTShell/RTShell/tests/general/Help.Tests.ps1:92
at &lt;ScriptBlock&gt;, /Users/jkd119/repos/prod/RTShell/RTShell/tests/general/Help.Tests.ps1:92</stack-trace>
                    </failure>
                  </test-case>
                </results>
              </test-suite>
            </results>
          </test-suite>
          <test-suite type="TestFixture" name="Test help for Disconnect-RT" executed="True" result="Failure" success="False" time="0.1739" asserts="0" description="Test help for Disconnect-RT">
            <results>
              <test-suite type="ParameterizedTest" name="Test help for Disconnect-RT.should not be auto-generated" executed="True" result="Success" success="True" time="0.0007" asserts="0" description="should not be auto-generated">
                <results>
                  <test-case description="should not be auto-generated" name="Test help for Disconnect-RT.should not be auto-generated(@{syntax=@{syntaxItem=@{name=Disconnect-RT}}; details=@{name=Disconnect-RT; description=System.Management.Automation.PSObject[]}; description=System.Management.Automation.PSObject[]; examples=@{example=@{introduction=System.Management.Automation.PSObject[]; title=-------------------------- EXAMPLE 1 --------------------------; remarks=System.Management.Automation.PSObject[]; code=Disconnect-RT}}; parameters=; xmlns:maml=http://schemas.microsoft.com/maml/2004/10; xmlns:command=http://schemas.microsoft.com/maml/dev/command/2004/10; xmlns:dev=http://schemas.microsoft.com/maml/dev/2004/10; Name=Disconnect-RT; Category=Function; Synopsis=Clears the current RT session from module state.; Component=; Role=; Functionality=; ModuleName=RTShell})" time="0.0007" asserts="0" success="True" result="Success" executed="True" />
                </results>
              </test-suite>
              <test-suite type="ParameterizedTest" name="Test help for Disconnect-RT.gets description for Disconnect-RT" executed="True" result="Success" success="True" time="0.0006" asserts="0" description="gets description for Disconnect-RT">
                <results>
                  <test-case description="gets description for Disconnect-RT" name="Test help for Disconnect-RT.gets description for Disconnect-RT(@{syntax=@{syntaxItem=@{name=Disconnect-RT}}; details=@{name=Disconnect-RT; description=System.Management.Automation.PSObject[]}; description=System.Management.Automation.PSObject[]; examples=@{example=@{introduction=System.Management.Automation.PSObject[]; title=-------------------------- EXAMPLE 1 --------------------------; remarks=System.Management.Automation.PSObject[]; code=Disconnect-RT}}; parameters=; xmlns:maml=http://schemas.microsoft.com/maml/2004/10; xmlns:command=http://schemas.microsoft.com/maml/dev/command/2004/10; xmlns:dev=http://schemas.microsoft.com/maml/dev/2004/10; Name=Disconnect-RT; Category=Function; Synopsis=Clears the current RT session from module state.; Component=; Role=; Functionality=; ModuleName=RTShell})" time="0.0006" asserts="0" success="True" result="Success" executed="True" />
                </results>
              </test-suite>
              <test-suite type="ParameterizedTest" name="Test help for Disconnect-RT.gets example code from Disconnect-RT" executed="True" result="Success" success="True" time="0.0047" asserts="0" description="gets example code from Disconnect-RT">
                <results>
                  <test-case description="gets example code from Disconnect-RT" name="Test help for Disconnect-RT.gets example code from Disconnect-RT(@{syntax=@{syntaxItem=@{name=Disconnect-RT}}; details=@{name=Disconnect-RT; description=System.Management.Automation.PSObject[]}; description=System.Management.Automation.PSObject[]; examples=@{example=@{introduction=System.Management.Automation.PSObject[]; title=-------------------------- EXAMPLE 1 --------------------------; remarks=System.Management.Automation.PSObject[]; code=Disconnect-RT}}; parameters=; xmlns:maml=http://schemas.microsoft.com/maml/2004/10; xmlns:command=http://schemas.microsoft.com/maml/dev/command/2004/10; xmlns:dev=http://schemas.microsoft.com/maml/dev/2004/10; Name=Disconnect-RT; Category=Function; Synopsis=Clears the current RT session from module state.; Component=; Role=; Functionality=; ModuleName=RTShell})" time="0.0047" asserts="0" success="True" result="Success" executed="True" />
                </results>
              </test-suite>
              <test-suite type="ParameterizedTest" name="Test help for Disconnect-RT.gets example help from Disconnect-RT" executed="True" result="Failure" success="False" time="0.0018" asserts="0" description="gets example help from Disconnect-RT">
                <results>
                  <test-case description="gets example help from Disconnect-RT" name="Test help for Disconnect-RT.gets example help from Disconnect-RT(@{syntax=@{syntaxItem=@{name=Disconnect-RT}}; details=@{name=Disconnect-RT; description=System.Management.Automation.PSObject[]}; description=System.Management.Automation.PSObject[]; examples=@{example=@{introduction=System.Management.Automation.PSObject[]; title=-------------------------- EXAMPLE 1 --------------------------; remarks=System.Management.Automation.PSObject[]; code=Disconnect-RT}}; parameters=; xmlns:maml=http://schemas.microsoft.com/maml/2004/10; xmlns:command=http://schemas.microsoft.com/maml/dev/command/2004/10; xmlns:dev=http://schemas.microsoft.com/maml/dev/2004/10; Name=Disconnect-RT; Category=Function; Synopsis=Clears the current RT session from module state.; Component=; Role=; Functionality=; ModuleName=RTShell})" time="0.0018" asserts="0" success="False" result="Failure" executed="True">
                    <failure>
                      <message>Expected a value, but got $null or empty.</message>
                      <stack-trace>at ($Help.Examples.Example.Remarks | Select-Object -First 1).Text | Should -Not -BeNullOrEmpty, /Users/jkd119/repos/prod/RTShell/RTShell/tests/general/Help.Tests.ps1:92
at &lt;ScriptBlock&gt;, /Users/jkd119/repos/prod/RTShell/RTShell/tests/general/Help.Tests.ps1:92</stack-trace>
                    </failure>
                  </test-case>
                </results>
              </test-suite>
            </results>
          </test-suite>
          <test-suite type="TestFixture" name="Test help for Get-RTConfig" executed="True" result="Failure" success="False" time="0.1831" asserts="0" description="Test help for Get-RTConfig">
            <results>
              <test-suite type="ParameterizedTest" name="Test help for Get-RTConfig.should not be auto-generated" executed="True" result="Success" success="True" time="0.0029" asserts="0" description="should not be auto-generated">
                <results>
                  <test-case description="should not be auto-generated" name="Test help for Get-RTConfig.should not be auto-generated(@{examples=@{example=@{introduction=System.Management.Automation.PSObject[]; title=-------------------------- EXAMPLE 1 --------------------------; remarks=System.Management.Automation.PSObject[]; code=# Get the current configuration&#xA;$config = Get-RTConfig}}; returnValues=@{returnValue=@{type=@{name=PSCustomObject. Returns a PSCustomObject representing the RTShell&#xA;configuration, or $null if no configuration is found.}}}; description=System.Management.Automation.PSObject[]; syntax=@{syntaxItem=@{name=Get-RTConfig}}; details=@{name=Get-RTConfig; description=System.Management.Automation.PSObject[]}; parameters=; xmlns:maml=http://schemas.microsoft.com/maml/2004/10; xmlns:command=http://schemas.microsoft.com/maml/dev/command/2004/10; xmlns:dev=http://schemas.microsoft.com/maml/dev/2004/10; Name=Get-RTConfig; Category=Function; Synopsis=Retrieves the RTShell configuration from the user's profile.; Component=; Role=; Functionality=; ModuleName=RTShell})" time="0.0029" asserts="0" success="True" result="Success" executed="True" />
                </results>
              </test-suite>
              <test-suite type="ParameterizedTest" name="Test help for Get-RTConfig.gets description for Get-RTConfig" executed="True" result="Success" success="True" time="0.0006" asserts="0" description="gets description for Get-RTConfig">
                <results>
                  <test-case description="gets description for Get-RTConfig" name="Test help for Get-RTConfig.gets description for Get-RTConfig(@{examples=@{example=@{introduction=System.Management.Automation.PSObject[]; title=-------------------------- EXAMPLE 1 --------------------------; remarks=System.Management.Automation.PSObject[]; code=# Get the current configuration&#xA;$config = Get-RTConfig}}; returnValues=@{returnValue=@{type=@{name=PSCustomObject. Returns a PSCustomObject representing the RTShell&#xA;configuration, or $null if no configuration is found.}}}; description=System.Management.Automation.PSObject[]; syntax=@{syntaxItem=@{name=Get-RTConfig}}; details=@{name=Get-RTConfig; description=System.Management.Automation.PSObject[]}; parameters=; xmlns:maml=http://schemas.microsoft.com/maml/2004/10; xmlns:command=http://schemas.microsoft.com/maml/dev/command/2004/10; xmlns:dev=http://schemas.microsoft.com/maml/dev/2004/10; Name=Get-RTConfig; Category=Function; Synopsis=Retrieves the RTShell configuration from the user's profile.; Component=; Role=; Functionality=; ModuleName=RTShell})" time="0.0006" asserts="0" success="True" result="Success" executed="True" />
                </results>
              </test-suite>
              <test-suite type="ParameterizedTest" name="Test help for Get-RTConfig.gets example code from Get-RTConfig" executed="True" result="Success" success="True" time="0.0007" asserts="0" description="gets example code from Get-RTConfig">
                <results>
                  <test-case description="gets example code from Get-RTConfig" name="Test help for Get-RTConfig.gets example code from Get-RTConfig(@{examples=@{example=@{introduction=System.Management.Automation.PSObject[]; title=-------------------------- EXAMPLE 1 --------------------------; remarks=System.Management.Automation.PSObject[]; code=# Get the current configuration&#xA;$config = Get-RTConfig}}; returnValues=@{returnValue=@{type=@{name=PSCustomObject. Returns a PSCustomObject representing the RTShell&#xA;configuration, or $null if no configuration is found.}}}; description=System.Management.Automation.PSObject[]; syntax=@{syntaxItem=@{name=Get-RTConfig}}; details=@{name=Get-RTConfig; description=System.Management.Automation.PSObject[]}; parameters=; xmlns:maml=http://schemas.microsoft.com/maml/2004/10; xmlns:command=http://schemas.microsoft.com/maml/dev/command/2004/10; xmlns:dev=http://schemas.microsoft.com/maml/dev/2004/10; Name=Get-RTConfig; Category=Function; Synopsis=Retrieves the RTShell configuration from the user's profile.; Component=; Role=; Functionality=; ModuleName=RTShell})" time="0.0007" asserts="0" success="True" result="Success" executed="True" />
                </results>
              </test-suite>
              <test-suite type="ParameterizedTest" name="Test help for Get-RTConfig.gets example help from Get-RTConfig" executed="True" result="Failure" success="False" time="0.004" asserts="0" description="gets example help from Get-RTConfig">
                <results>
                  <test-case description="gets example help from Get-RTConfig" name="Test help for Get-RTConfig.gets example help from Get-RTConfig(@{examples=@{example=@{introduction=System.Management.Automation.PSObject[]; title=-------------------------- EXAMPLE 1 --------------------------; remarks=System.Management.Automation.PSObject[]; code=# Get the current configuration&#xA;$config = Get-RTConfig}}; returnValues=@{returnValue=@{type=@{name=PSCustomObject. Returns a PSCustomObject representing the RTShell&#xA;configuration, or $null if no configuration is found.}}}; description=System.Management.Automation.PSObject[]; syntax=@{syntaxItem=@{name=Get-RTConfig}}; details=@{name=Get-RTConfig; description=System.Management.Automation.PSObject[]}; parameters=; xmlns:maml=http://schemas.microsoft.com/maml/2004/10; xmlns:command=http://schemas.microsoft.com/maml/dev/command/2004/10; xmlns:dev=http://schemas.microsoft.com/maml/dev/2004/10; Name=Get-RTConfig; Category=Function; Synopsis=Retrieves the RTShell configuration from the user's profile.; Component=; Role=; Functionality=; ModuleName=RTShell})" time="0.004" asserts="0" success="False" result="Failure" executed="True">
                    <failure>
                      <message>Expected a value, but got $null or empty.</message>
                      <stack-trace>at ($Help.Examples.Example.Remarks | Select-Object -First 1).Text | Should -Not -BeNullOrEmpty, /Users/jkd119/repos/prod/RTShell/RTShell/tests/general/Help.Tests.ps1:92
at &lt;ScriptBlock&gt;, /Users/jkd119/repos/prod/RTShell/RTShell/tests/general/Help.Tests.ps1:92</stack-trace>
                    </failure>
                  </test-case>
                </results>
              </test-suite>
            </results>
          </test-suite>
          <test-suite type="TestFixture" name="Test help for Get-RTQueue" executed="True" result="Failure" success="False" time="0.2028" asserts="0" description="Test help for Get-RTQueue">
            <results>
              <test-suite type="TestFixture" name="Test help for Get-RTQueue.Test parameter help for Get-RTQueue" executed="True" result="Success" success="True" time="0.0171" asserts="0" description="Test help for Get-RTQueue.Test parameter help for Get-RTQueue">
                <results>
                  <test-suite type="ParameterizedTest" name="Test help for Get-RTQueue.Test parameter help for Get-RTQueue.gets help for parameter: Id : in Get-RTQueue" executed="True" result="Success" success="True" time="0.0014" asserts="0" description="gets help for parameter: Id : in Get-RTQueue">
                    <results>
                      <test-case description="gets help for parameter: Id : in Get-RTQueue" name="Test help for Get-RTQueue.Test parameter help for Get-RTQueue.gets help for parameter: Id : in Get-RTQueue(@{name=Id; description=System.Management.Automation.PSObject[]; defaultValue=0; parameterValue=Int32; type=@{name=Int32}; required=true; globbing=false; pipelineInput=false; position=named})" time="0.0008" asserts="0" success="True" result="Success" executed="True" />
                      <test-case description="gets help for parameter: Name : in Get-RTQueue" name="Test help for Get-RTQueue.Test parameter help for Get-RTQueue.gets help for parameter: Name : in Get-RTQueue" time="0.0006" asserts="0" success="True" result="Success" executed="True" />
                    </results>
                  </test-suite>
                  <test-suite type="ParameterizedTest" name="Test help for Get-RTQueue.Test parameter help for Get-RTQueue.help for Id parameter in Get-RTQueue has correct Mandatory value" executed="True" result="Success" success="True" time="0.0037" asserts="0" description="help for Id parameter in Get-RTQueue has correct Mandatory value">
                    <results>
                      <test-case description="help for Id parameter in Get-RTQueue has correct Mandatory value" name="Test help for Get-RTQueue.Test parameter help for Get-RTQueue.help for Id parameter in Get-RTQueue has correct Mandatory value(&quot;True&quot;,@{name=Id; description=System.Management.Automation.PSObject[]; defaultValue=0; parameterValue=Int32; type=@{name=Int32}; required=true; globbing=false; pipelineInput=false; position=named})" time="0.0007" asserts="0" success="True" result="Success" executed="True" />
[...]
                        <failure>
                          <message>Expected a value, but got $null or empty.</message>
                          <stack-trace>at $parameterHelp.Description.Text | Should -Not -BeNullOrEmpty, /Users/jkd119/repos/prod/RTShell/RTShell/tests/general/Help.Tests.ps1:108
at &lt;ScriptBlock&gt;, /Users/jkd119/repos/prod/RTShell/RTShell/tests/general/Help.Tests.ps1:108</stack-trace>
                        </failure>
                      </test-case>
                      <test-case description="gets help for parameter: Force : in Set-RTTicketStatus" name="Test help for Set-RTTicketStatus.Test parameter help for Set-RTTicketStatus.gets help for parameter: Force : in Set-RTTicketStatus" time="0.0007" asserts="0" success="True" result="Success" executed="True" />
                      <test-case description="gets help for parameter: Id : in Set-RTTicketStatus" name="Test help for Set-RTTicketStatus.Test parameter help for Set-RTTicketStatus.gets help for parameter: Id : in Set-RTTicketStatus" time="0.0006" asserts="0" success="True" result="Success" executed="True" />
                      <test-case description="gets help for parameter: PassThru : in Set-RTTicketStatus" name="Test help for Set-RTTicketStatus.Test parameter help for Set-RTTicketStatus.gets help for parameter: PassThru : in Set-RTTicketStatus" time="0.0006" asserts="0" success="True" result="Success" executed="True" />
                      <test-case description="gets help for parameter: Status : in Set-RTTicketStatus" name="Test help for Set-RTTicketStatus.Test parameter help for Set-RTTicketStatus.gets help for parameter: Status : in Set-RTTicketStatus" time="0.0029" asserts="0" success="True" result="Success" executed="True" />
                      <test-case description="gets help for parameter: WhatIf : in Set-RTTicketStatus" name="Test help for Set-RTTicketStatus.Test parameter help for Set-RTTicketStatus.gets help for parameter: WhatIf : in Set-RTTicketStatus" time="0.0018" asserts="0" success="False" result="Failure" executed="True">
                        <failure>
                          <message>Expected a value, but got $null or empty.</message>
                          <stack-trace>at $parameterHelp.Description.Text | Should -Not -BeNullOrEmpty, /Users/jkd119/repos/prod/RTShell/RTShell/tests/general/Help.Tests.ps1:108
at &lt;ScriptBlock&gt;, /Users/jkd119/repos/prod/RTShell/RTShell/tests/general/Help.Tests.ps1:108</stack-trace>
                        </failure>
                      </test-case>
                    </results>
                  </test-suite>
                  <test-suite type="ParameterizedTest" name="Test help for Set-RTTicketStatus.Test parameter help for Set-RTTicketStatus.help for Confirm parameter in Set-RTTicketStatus has correct Mandatory value" executed="True" result="Success" success="True" time="0.0111" asserts="0" description="help for Confirm parameter in Set-RTTicketStatus has correct Mandatory value">
                    <results>
                      <test-case description="help for Confirm parameter in Set-RTTicketStatus has correct Mandatory value" name="Test help for Set-RTTicketStatus.Test parameter help for Set-RTTicketStatus.help for Confirm parameter in Set-RTTicketStatus has correct Mandatory value(&quot;False&quot;,@{name=Confirm; defaultValue=; parameterValue=SwitchParameter; type=@{name=SwitchParameter}; required=false; globbing=false; pipelineInput=false; position=named})" time="0.003" asserts="0" success="True" result="Success" executed="True" />
                      <test-case description="help for Force parameter in Set-RTTicketStatus has correct Mandatory value" name="Test help for Set-RTTicketStatus.Test parameter help for Set-RTTicketStatus.help for Force parameter in Set-RTTicketStatus has correct Mandatory value" time="0.0006" asserts="0" success="True" result="Success" executed="True" />
                      <test-case description="help for Id parameter in Set-RTTicketStatus has correct Mandatory value" name="Test help for Set-RTTicketStatus.Test parameter help for Set-RTTicketStatus.help for Id parameter in Set-RTTicketStatus has correct Mandatory value" time="0.003" asserts="0" success="True" result="Success" executed="True" />
                      <test-case description="help for PassThru parameter in Set-RTTicketStatus has correct Mandatory value" name="Test help for Set-RTTicketStatus.Test parameter help for Set-RTTicketStatus.help for PassThru parameter in Set-RTTicketStatus has correct Mandatory value" time="0.0006" asserts="0" success="True" result="Success" executed="True" />
                      <test-case description="help for Status parameter in Set-RTTicketStatus has correct Mandatory value" name="Test help for Set-RTTicketStatus.Test parameter help for Set-RTTicketStatus.help for Status parameter in Set-RTTicketStatus has correct Mandatory value" time="0.0007" asserts="0" success="True" result="Success" executed="True" />
                      <test-case description="help for WhatIf parameter in Set-RTTicketStatus has correct Mandatory value" name="Test help for Set-RTTicketStatus.Test parameter help for Set-RTTicketStatus.help for WhatIf parameter in Set-RTTicketStatus has correct Mandatory value" time="0.0031" asserts="0" success="True" result="Success" executed="True" />
                    </results>
                  </test-suite>
                  <test-suite type="ParameterizedTest" name="Test help for Set-RTTicketStatus.Test parameter help for Set-RTTicketStatus.finds help parameter in code: Confirm" executed="True" result="Success" success="True" time="0.0096" asserts="0" description="finds help parameter in code: Confirm">
                    <results>
                      <test-case description="finds help parameter in code: Confirm" name="Test help for Set-RTTicketStatus.Test parameter help for Set-RTTicketStatus.finds help parameter in code: Confirm(Confirm Force Id PassThru Status WhatIf,&quot;Confirm&quot;)" time="0.0008" asserts="0" success="True" result="Success" executed="True" />
                      <test-case description="finds help parameter in code: Force" name="Test help for Set-RTTicketStatus.Test parameter help for Set-RTTicketStatus.finds help parameter in code: Force" time="0.0007" asserts="0" success="True" result="Success" executed="True" />
                      <test-case description="finds help parameter in code: Id" name="Test help for Set-RTTicketStatus.Test parameter help for Set-RTTicketStatus.finds help parameter in code: Id" time="0.0032" asserts="0" success="True" result="Success" executed="True" />
                      <test-case description="finds help parameter in code: PassThru" name="Test help for Set-RTTicketStatus.Test parameter help for Set-RTTicketStatus.finds help parameter in code: PassThru" time="0.0008" asserts="0" success="True" result="Success" executed="True" />
                      <test-case description="finds help parameter in code: Status" name="Test help for Set-RTTicketStatus.Test parameter help for Set-RTTicketStatus.finds help parameter in code: Status" time="0.0007" asserts="0" success="True" result="Success" executed="True" />
                      <test-case description="finds help parameter in code: WhatIf" name="Test help for Set-RTTicketStatus.Test parameter help for Set-RTTicketStatus.finds help parameter in code: WhatIf" time="0.0034" asserts="0" success="True" result="Success" executed="True" />
                    </results>
                  </test-suite>
                </results>
              </test-suite>
              <test-suite type="ParameterizedTest" name="Test help for Set-RTTicketStatus.should not be auto-generated" executed="True" result="Success" success="True" time="0.0028" asserts="0" description="should not be auto-generated">
                <results>
                  <test-case description="should not be auto-generated" name="Test help for Set-RTTicketStatus.should not be auto-generated(@{examples=@{example=System.Management.Automation.PSObject[]}; returnValues=@{returnValue=@{type=@{name=None by default. With -PassThru, returns a RTShell.Ticket object.}}}; description=System.Management.Automation.PSObject[]; syntax=@{syntaxItem=@{name=Set-RTTicketStatus; parameter=System.Management.Automation.PSObject[]}}; details=@{name=Set-RTTicketStatus; description=System.Management.Automation.PSObject[]}; parameters=@{parameter=System.Management.Automation.PSObject[]}; xmlns:maml=http://schemas.microsoft.com/maml/2004/10; xmlns:command=http://schemas.microsoft.com/maml/dev/command/2004/10; xmlns:dev=http://schemas.microsoft.com/maml/dev/2004/10; Name=Set-RTTicketStatus; Category=Function; Synopsis=Sets the status of an RT ticket.; Component=; Role=; Functionality=; ModuleName=RTShell})" time="0.0028" asserts="0" success="True" result="Success" executed="True" />
                </results>
              </test-suite>
              <test-suite type="ParameterizedTest" name="Test help for Set-RTTicketStatus.gets description for Set-RTTicketStatus" executed="True" result="Success" success="True" time="0.0007" asserts="0" description="gets description for Set-RTTicketStatus">
                <results>
                  <test-case description="gets description for Set-RTTicketStatus" name="Test help for Set-RTTicketStatus.gets description for Set-RTTicketStatus(@{examples=@{example=System.Management.Automation.PSObject[]}; returnValues=@{returnValue=@{type=@{name=None by default. With -PassThru, returns a RTShell.Ticket object.}}}; description=System.Management.Automation.PSObject[]; syntax=@{syntaxItem=@{name=Set-RTTicketStatus; parameter=System.Management.Automation.PSObject[]}}; details=@{name=Set-RTTicketStatus; description=System.Management.Automation.PSObject[]}; parameters=@{parameter=System.Management.Automation.PSObject[]}; xmlns:maml=http://schemas.microsoft.com/maml/2004/10; xmlns:command=http://schemas.microsoft.com/maml/dev/command/2004/10; xmlns:dev=http://schemas.microsoft.com/maml/dev/2004/10; Name=Set-RTTicketStatus; Category=Function; Synopsis=Sets the status of an RT ticket.; Component=; Role=; Functionality=; ModuleName=RTShell})" time="0.0007" asserts="0" success="True" result="Success" executed="True" />
                </results>
              </test-suite>
              <test-suite type="ParameterizedTest" name="Test help for Set-RTTicketStatus.gets example code from Set-RTTicketStatus" executed="True" result="Success" success="True" time="0.0007" asserts="0" description="gets example code from Set-RTTicketStatus">
                <results>
                  <test-case description="gets example code from Set-RTTicketStatus" name="Test help for Set-RTTicketStatus.gets example code from Set-RTTicketStatus(@{examples=@{example=System.Management.Automation.PSObject[]}; returnValues=@{returnValue=@{type=@{name=None by default. With -PassThru, returns a RTShell.Ticket object.}}}; description=System.Management.Automation.PSObject[]; syntax=@{syntaxItem=@{name=Set-RTTicketStatus; parameter=System.Management.Automation.PSObject[]}}; details=@{name=Set-RTTicketStatus; description=System.Management.Automation.PSObject[]}; parameters=@{parameter=System.Management.Automation.PSObject[]}; xmlns:maml=http://schemas.microsoft.com/maml/2004/10; xmlns:command=http://schemas.microsoft.com/maml/dev/command/2004/10; xmlns:dev=http://schemas.microsoft.com/maml/dev/2004/10; Name=Set-RTTicketStatus; Category=Function; Synopsis=Sets the status of an RT ticket.; Component=; Role=; Functionality=; ModuleName=RTShell})" time="0.0007" asserts="0" success="True" result="Success" executed="True" />
                </results>
              </test-suite>
              <test-suite type="ParameterizedTest" name="Test help for Set-RTTicketStatus.gets example help from Set-RTTicketStatus" executed="True" result="Failure" success="False" time="0.004" asserts="0" description="gets example help from Set-RTTicketStatus">
                <results>
                  <test-case description="gets example help from Set-RTTicketStatus" name="Test help for Set-RTTicketStatus.gets example help from Set-RTTicketStatus(@{examples=@{example=System.Management.Automation.PSObject[]}; returnValues=@{returnValue=@{type=@{name=None by default. With -PassThru, returns a RTShell.Ticket object.}}}; description=System.Management.Automation.PSObject[]; syntax=@{syntaxItem=@{name=Set-RTTicketStatus; parameter=System.Management.Automation.PSObject[]}}; details=@{name=Set-RTTicketStatus; description=System.Management.Automation.PSObject[]}; parameters=@{parameter=System.Management.Automation.PSObject[]}; xmlns:maml=http://schemas.microsoft.com/maml/2004/10; xmlns:command=http://schemas.microsoft.com/maml/dev/command/2004/10; xmlns:dev=http://schemas.microsoft.com/maml/dev/2004/10; Name=Set-RTTicketStatus; Category=Function; Synopsis=Sets the status of an RT ticket.; Component=; Role=; Functionality=; ModuleName=RTShell})" time="0.004" asserts="0" success="False" result="Failure" executed="True">
                    <failure>
                      <message>Expected a value, but got $null or empty.</message>
                      <stack-trace>at ($Help.Examples.Example.Remarks | Select-Object -First 1).Text | Should -Not -BeNullOrEmpty, /Users/jkd119/repos/prod/RTShell/RTShell/tests/general/Help.Tests.ps1:92
at &lt;ScriptBlock&gt;, /Users/jkd119/repos/prod/RTShell/RTShell/tests/general/Help.Tests.ps1:92</stack-trace>
                    </failure>
                  </test-case>
                </results>
              </test-suite>
            </results>
          </test-suite>
          <test-suite type="TestFixture" name="Test help for Update-RTQueueCache" executed="True" result="Failure" success="False" time="0.9922" asserts="0" description="Test help for Update-RTQueueCache">
            <results>
              <test-suite type="ParameterizedTest" name="Test help for Update-RTQueueCache.should not be auto-generated" executed="True" result="Success" success="True" time="0.0007" asserts="0" description="should not be auto-generated">
                <results>
                  <test-case description="should not be auto-generated" name="Test help for Update-RTQueueCache.should not be auto-generated(@{examples=@{example=System.Management.Automation.PSObject[]}; returnValues=@{returnValue=@{type=@{name=None. Updates ~/.rtshell/config.json.}}}; description=System.Management.Automation.PSObject[]; syntax=@{syntaxItem=@{name=Update-RTQueueCache}}; details=@{name=Update-RTQueueCache; description=System.Management.Automation.PSObject[]}; parameters=; xmlns:maml=http://schemas.microsoft.com/maml/2004/10; xmlns:command=http://schemas.microsoft.com/maml/dev/command/2004/10; xmlns:dev=http://schemas.microsoft.com/maml/dev/2004/10; Name=Update-RTQueueCache; Category=Function; Synopsis=Refreshes the local queue name cache from the RT server.; Component=; Role=; Functionality=; ModuleName=RTShell})" time="0.0007" asserts="0" success="True" result="Success" executed="True" />
                </results>
              </test-suite>
              <test-suite type="ParameterizedTest" name="Test help for Update-RTQueueCache.gets description for Update-RTQueueCache" executed="True" result="Success" success="True" time="0.0032" asserts="0" description="gets description for Update-RTQueueCache">
                <results>
                  <test-case description="gets description for Update-RTQueueCache" name="Test help for Update-RTQueueCache.gets description for Update-RTQueueCache(@{examples=@{example=System.Management.Automation.PSObject[]}; returnValues=@{returnValue=@{type=@{name=None. Updates ~/.rtshell/config.json.}}}; description=System.Management.Automation.PSObject[]; syntax=@{syntaxItem=@{name=Update-RTQueueCache}}; details=@{name=Update-RTQueueCache; description=System.Management.Automation.PSObject[]}; parameters=; xmlns:maml=http://schemas.microsoft.com/maml/2004/10; xmlns:command=http://schemas.microsoft.com/maml/dev/command/2004/10; xmlns:dev=http://schemas.microsoft.com/maml/dev/2004/10; Name=Update-RTQueueCache; Category=Function; Synopsis=Refreshes the local queue name cache from the RT server.; Component=; Role=; Functionality=; ModuleName=RTShell})" time="0.0032" asserts="0" success="True" result="Success" executed="True" />
                </results>
              </test-suite>
              <test-suite type="ParameterizedTest" name="Test help for Update-RTQueueCache.gets example code from Update-RTQueueCache" executed="True" result="Success" success="True" time="0.0008" asserts="0" description="gets example code from Update-RTQueueCache">
                <results>
                  <test-case description="gets example code from Update-RTQueueCache" name="Test help for Update-RTQueueCache.gets example code from Update-RTQueueCache(@{examples=@{example=System.Management.Automation.PSObject[]}; returnValues=@{returnValue=@{type=@{name=None. Updates ~/.rtshell/config.json.}}}; description=System.Management.Automation.PSObject[]; syntax=@{syntaxItem=@{name=Update-RTQueueCache}}; details=@{name=Update-RTQueueCache; description=System.Management.Automation.PSObject[]}; parameters=; xmlns:maml=http://schemas.microsoft.com/maml/2004/10; xmlns:command=http://schemas.microsoft.com/maml/dev/command/2004/10; xmlns:dev=http://schemas.microsoft.com/maml/dev/2004/10; Name=Update-RTQueueCache; Category=Function; Synopsis=Refreshes the local queue name cache from the RT server.; Component=; Role=; Functionality=; ModuleName=RTShell})" time="0.0008" asserts="0" success="True" result="Success" executed="True" />
                </results>
              </test-suite>
              <test-suite type="ParameterizedTest" name="Test help for Update-RTQueueCache.gets example help from Update-RTQueueCache" executed="True" result="Failure" success="False" time="0.0019" asserts="0" description="gets example help from Update-RTQueueCache">
                <results>
                  <test-case description="gets example help from Update-RTQueueCache" name="Test help for Update-RTQueueCache.gets example help from Update-RTQueueCache(@{examples=@{example=System.Management.Automation.PSObject[]}; returnValues=@{returnValue=@{type=@{name=None. Updates ~/.rtshell/config.json.}}}; description=System.Management.Automation.PSObject[]; syntax=@{syntaxItem=@{name=Update-RTQueueCache}}; details=@{name=Update-RTQueueCache; description=System.Management.Automation.PSObject[]}; parameters=; xmlns:maml=http://schemas.microsoft.com/maml/2004/10; xmlns:command=http://schemas.microsoft.com/maml/dev/command/2004/10; xmlns:dev=http://schemas.microsoft.com/maml/dev/2004/10; Name=Update-RTQueueCache; Category=Function; Synopsis=Refreshes the local queue name cache from the RT server.; Component=; Role=; Functionality=; ModuleName=RTShell})" time="0.0019" asserts="0" success="False" result="Failure" executed="True">
                    <failure>
                      <message>Expected a value, but got $null or empty.</message>
                      <stack-trace>at ($Help.Examples.Example.Remarks | Select-Object -First 1).Text | Should -Not -BeNullOrEmpty, /Users/jkd119/repos/prod/RTShell/RTShell/tests/general/Help.Tests.ps1:92
at &lt;ScriptBlock&gt;, /Users/jkd119/repos/prod/RTShell/RTShell/tests/general/Help.Tests.ps1:92</stack-trace>
                    </failure>
                  </test-case>
                </results>
              </test-suite>
            </results>
          </test-suite>
        </results>
      </test-suite>
    </results>
  </test-suite>
</test-results>