<?xml version="1.0" encoding="utf-8" standalone="no"?>
<test-results xmlns:xsi="http://www.w3.org/2001/XMLSchema-instance" xsi:noNamespaceSchemaLocation="nunit_schema_2.5.xsd" name="Pester" total="0" errors="0" failures="0" not-run="0" inconclusive="0" ignored="0" skipped="0" invalid="0" date="2026-03-28" time="09:51:45">
  <environment clr-version="9.0.10" nunit-version="2.5.8.0" cwd="/Users/jkd119/repos/prod/RTShell/RTShell" os-version="25.3.0" machine-name="Joshuas-MacBook-Pro.local" user-domain="" user="jkd119" platform="Darwin" />
  <culture-info current-culture="en-US" current-uiculture="en-US" />
  <test-suite type="TestFixture" name="Pester" executed="True" result="Success" success="True" time="0.0016" asserts="0" description="Pester">
    <results />
  </test-suite>
</test-results>